[Info  - 12:54:45.207] Reading sessions from secret storage...
[Info  - 12:54:45.271] Got 1 stored sessions
[Trace  - 12:54:45.271] Read the following stored session with scopes: email offline_access openid profile
[Info  - 12:54:45.271] Refreshing token for scopes: email offline_access openid profile
[Info  - 12:54:46.146] Setting token for scopes: email offline_access openid profile
[Info  - 12:54:46.146] Token refresh success for scopes: email offline_access openid profile
[Info  - 12:54:46.149] Getting sessions for the following scopes: email offline_access openid profile
[Info  - 12:54:46.149] Got 1 sessions for scopes: email offline_access openid profile
[Info  - 12:54:46.149] Token available from cache (for scopes email offline_access openid profile), expires in 4444997 milliseconds
[Info  - 13:44:09.480] Refreshing token for scopes: email offline_access openid profile
[Info  - 13:44:10.67] Setting token for scopes: email offline_access openid profile
[Info  - 13:44:10.67] Token refresh success for scopes: email offline_access openid profile
[Info  - 13:44:10.67] Triggering change session event...
[Info  - 13:44:10.71] Getting sessions for the following scopes: email offline_access openid profile
[Info  - 13:44:10.72] Got 1 sessions for scopes: email offline_access openid profile
[Info  - 13:44:10.72] Token available from cache (for scopes email offline_access openid profile), expires in 4614995 milliseconds
[Info  - 14:35:26.732] Refreshing token for scopes: email offline_access openid profile
[Info  - 14:35:27.273] Setting token for scopes: email offline_access openid profile
[Info  - 14:35:27.273] Token refresh success for scopes: email offline_access openid profile
[Info  - 14:35:27.273] Triggering change session event...
[Info  - 14:35:27.276] Getting sessions for the following scopes: email offline_access openid profile
[Info  - 14:35:27.276] Got 1 sessions for scopes: email offline_access openid profile
[Info  - 14:35:27.276] Token available from cache (for scopes email offline_access openid profile), expires in 3897997 milliseconds
