[2022-03-08T12:54:45.300Z] Validating found git in: git
[2022-03-08T12:54:45.308Z] Using git 2.35.1 from git
[2022-03-08T12:54:45.334Z] > git rev-parse --git-dir [0ms]
[2022-03-08T12:54:45.335Z] Open repository: /home/breakcore/curso_progbr
[2022-03-08T12:54:45.353Z] > git symbolic-ref --short HEAD [3ms]
[2022-03-08T12:54:45.355Z] > git rev-parse --git-dir [2ms]
[2022-03-08T12:54:45.356Z] Open repository: /home/breakcore
[2022-03-08T12:54:45.360Z] > git for-each-ref --format=%(refname)%00%(upstream:short)%00%(objectname)%00%(upstream:track) refs/heads/master refs/remotes/master [5ms]
[2022-03-08T12:54:45.367Z] > git for-each-ref --sort -committerdate --format %(refname) %(objectname) %(*objectname) [2ms]
[2022-03-08T12:54:45.368Z] > git remote --verbose [1ms]
[2022-03-08T12:54:45.374Z] > git config --get commit.template [1ms]
[2022-03-08T12:54:45.796Z] > git ls-files --stage -- /home/breakcore/.config/awesome/rc.lua [2ms]
[2022-03-08T12:54:45.801Z] > git cat-file -s f0ac8f465083e44bcfc9f49d80b7000a341b0aa7 [1ms]
[2022-03-08T12:54:46.622Z] > git ls-files --stage -- /home/breakcore/curso_progbr/experiencia_19/index.html [2ms]
[2022-03-08T12:54:55.421Z] > git ls-files --stage -- /home/breakcore/.zshrc [1ms]
[2022-03-08T12:54:56.897Z] > git symbolic-ref --short HEAD [1ms]
[2022-03-08T12:54:56.903Z] > git for-each-ref --format=%(refname)%00%(upstream:short)%00%(objectname)%00%(upstream:track) refs/heads/master refs/remotes/master [2ms]
[2022-03-08T12:54:56.909Z] > git for-each-ref --sort -committerdate --format %(refname) %(objectname) %(*objectname) [2ms]
[2022-03-08T12:54:56.910Z] > git remote --verbose [1ms]
[2022-03-08T12:54:57.019Z] > git config --get commit.template [1ms]
[2022-03-08T12:58:08.726Z] > git ls-files --stage -- /home/breakcore/.zshrc [1ms]
[2022-03-08T12:59:15.729Z] > git ls-files --stage -- /home/breakcore/.zshrc [1ms]
[2022-03-08T12:59:17.865Z] > git ls-files --stage -- /home/breakcore/curso_progbr/experiencia_19/index.html [2ms]
[2022-03-08T12:59:39.597Z] > git ls-files --stage -- /home/breakcore/curso_progbr/experiencia_19/index.html [1ms]
[2022-03-08T13:17:44.054Z] > git ls-files --stage -- /home/breakcore/curso_progbr/experiencia_19/index.html [1ms]
[2022-03-08T14:40:47.000Z] > git ls-files --stage -- /home/breakcore/curso_progbr/experiencia_19/index.html [1ms]
[2022-03-08T14:40:56.395Z] > git ls-files --stage -- /home/breakcore/curso_progbr/experiencia_19/index.html [1ms]
[2022-03-08T14:42:17.114Z] > git ls-files --stage -- /home/breakcore/curso_progbr/experiencia_19/index.html [2ms]
[2022-03-08T15:13:15.605Z] > git ls-files --stage -- /home/breakcore/.config/awesome/picom.conf [2ms]
[2022-03-08T15:13:15.610Z] > git cat-file -s 86111341d366fb11a58ef8bc5bdf9bea582aaf2c [1ms]
