[2022-03-07 07:46:49.548] [main] [info] window#load: attempt to load window (id: 1)
[2022-03-07 07:46:49.556] [main] [info] update#setState idle
[2022-03-07 07:46:49.594] [main] [info] ExtensionHostStarterWorker created
[2022-03-07 07:46:50.257] [main] [info] window#load: window reported ready (id: 1)
[2022-03-07 07:46:50.491] [main] [info] Starting extension host with pid 20497 (fork() took 9 ms).
[2022-03-07 07:46:50.491] [main] [info] ExtensionHostStarterWorker.start() took 11 ms.
[2022-03-07 07:47:05.761] [main] [info] window#load: attempt to load window (id: 1)
[2022-03-07 07:47:05.786] [main] [info] Extension host with pid 20497 exited with code: 0, signal: null.
[2022-03-07 07:47:06.294] [main] [info] window#load: window reported ready (id: 1)
[2022-03-07 07:47:06.408] [main] [info] Starting extension host with pid 20720 (fork() took 6 ms).
[2022-03-07 07:47:06.408] [main] [info] ExtensionHostStarterWorker.start() took 8 ms.
[2022-03-07 07:47:19.563] [main] [info] update#setState checking for updates
[2022-03-07 07:47:19.804] [main] [info] update#setState idle
[2022-03-07 07:47:21.041] [main] [info] window#load: attempt to load window (id: 1)
[2022-03-07 07:47:21.052] [main] [info] Extension host with pid 20720 exited with code: 0, signal: null.
[2022-03-07 07:47:21.602] [main] [info] window#load: window reported ready (id: 1)
[2022-03-07 07:47:21.791] [main] [info] Starting extension host with pid 20908 (fork() took 7 ms).
[2022-03-07 07:47:21.791] [main] [info] ExtensionHostStarterWorker.start() took 8 ms.
[2022-03-07 08:47:19.567] [main] [info] update#setState checking for updates
[2022-03-07 08:47:21.040] [main] [info] update#setState idle
[2022-03-07 09:47:19.571] [main] [info] update#setState checking for updates
[2022-03-07 09:47:21.060] [main] [info] update#setState idle
[2022-03-07 10:47:19.576] [main] [info] update#setState checking for updates
[2022-03-07 10:47:21.118] [main] [info] update#setState idle
[2022-03-07 11:47:19.678] [main] [info] update#setState checking for updates
[2022-03-07 11:47:20.933] [main] [info] update#setState idle
[2022-03-07 12:44:25.890] [main] [info] Waiting for extension host with pid 20908 to exit.
[2022-03-07 12:44:25.925] [main] [info] Extension host with pid 20908 exited with code: 0, signal: null.
