[2022-03-07 07:46:50.978] [sharedprocess] [info] Starting worker process with pid 20543 (type: fileWatcher, window: 1).
[2022-03-07 07:46:51.014] [sharedprocess] [info] Deleted from disk ms-vscode.vscode-typescript-next /home/breakcore/.vscode/extensions/ms-vscode.vscode-typescript-next-4.7.20220303
[2022-03-07 07:46:53.039] [sharedprocess] [info] Getting Manifest... ms-vscode.js-debug-nightly
[2022-03-07 07:46:53.040] [sharedprocess] [info] Getting Manifest... ms-vscode.vscode-typescript-next
[2022-03-07 07:46:53.593] [sharedprocess] [info] Installing extension: ms-vscode.vscode-typescript-next
[2022-03-07 07:46:54.037] [sharedprocess] [info] Installing extension: ms-vscode.js-debug-nightly
[2022-03-07 07:46:57.542] [sharedprocess] [info] Downloaded extension: ms-vscode.js-debug-nightly /home/breakcore/.config/Code/CachedExtensionVSIXs/ms-vscode.js-debug-nightly-2022.3.417
[2022-03-07 07:46:57.638] [sharedprocess] [info] Extracted extension to /home/breakcore/.vscode/extensions/.0dfb43c7-59eb-435e-817d-94ccfa981739: ms-vscode.js-debug-nightly
[2022-03-07 07:46:57.671] [sharedprocess] [info] Renamed to /home/breakcore/.vscode/extensions/ms-vscode.js-debug-nightly-2022.3.417
[2022-03-07 07:46:57.675] [sharedprocess] [info] Extracting completed. ms-vscode.js-debug-nightly
[2022-03-07 07:46:57.686] [sharedprocess] [info] Extension installed successfully: ms-vscode.js-debug-nightly
[2022-03-07 07:47:03.728] [sharedprocess] [info] Downloaded extension: ms-vscode.vscode-typescript-next /home/breakcore/.config/Code/CachedExtensionVSIXs/ms-vscode.vscode-typescript-next-4.7.20220306
[2022-03-07 07:47:03.995] [sharedprocess] [info] Extracted extension to /home/breakcore/.vscode/extensions/.2702d8b7-f302-4bd1-850a-29f60824f05e: ms-vscode.vscode-typescript-next
[2022-03-07 07:47:04.021] [sharedprocess] [info] Renamed to /home/breakcore/.vscode/extensions/ms-vscode.vscode-typescript-next-4.7.20220306
[2022-03-07 07:47:04.021] [sharedprocess] [info] Extracting completed. ms-vscode.vscode-typescript-next
[2022-03-07 07:47:04.025] [sharedprocess] [info] Extension installed successfully: ms-vscode.vscode-typescript-next
[2022-03-07 07:47:05.768] [sharedprocess] [info] Worker process with pid 20543 terminated normally (type: fileWatcher, window: 1).
[2022-03-07 07:47:06.409] [sharedprocess] [info] Starting worker process with pid 20719 (type: fileWatcher, window: 1).
[2022-03-07 07:47:21.047] [sharedprocess] [info] Worker process with pid 20719 terminated normally (type: fileWatcher, window: 1).
[2022-03-07 07:47:21.943] [sharedprocess] [info] Starting worker process with pid 20920 (type: fileWatcher, window: 1).
