[2022-03-09T00:21:39.606Z] Validating found git in: git
[2022-03-09T00:21:39.631Z] Using git 2.35.1 from git
[2022-03-09T00:21:39.643Z] > git rev-parse --git-dir [1ms]
[2022-03-09T00:21:39.644Z] Open repository: /home/breakcore/curso_progbr
[2022-03-09T00:21:40.061Z] > git symbolic-ref --short HEAD [23ms]
[2022-03-09T00:21:40.074Z] > git ls-files --stage -- /home/breakcore/curso_progbr/experiencia_19/index.html [3ms]
[2022-03-09T00:21:40.075Z] > git for-each-ref --format=%(refname)%00%(upstream:short)%00%(objectname)%00%(upstream:track) refs/heads/master refs/remotes/master [11ms]
[2022-03-09T00:21:40.084Z] > git remote --verbose [3ms]
[2022-03-09T00:21:40.084Z] > git for-each-ref --sort -committerdate --format %(refname) %(objectname) %(*objectname) [5ms]
[2022-03-09T00:21:40.091Z] > git config --get commit.template [1ms]
[2022-03-09T00:24:26.879Z] > git symbolic-ref --short HEAD [0ms]
[2022-03-09T00:24:26.883Z] > git for-each-ref --format=%(refname)%00%(upstream:short)%00%(objectname)%00%(upstream:track) refs/heads/master refs/remotes/master [1ms]
[2022-03-09T00:24:26.888Z] > git for-each-ref --sort -committerdate --format %(refname) %(objectname) %(*objectname) [2ms]
[2022-03-09T00:24:26.889Z] > git remote --verbose [1ms]
[2022-03-09T00:24:26.893Z] > git config --get commit.template [1ms]
[2022-03-09T00:24:41.846Z] > git ls-files --stage -- /home/breakcore/curso_progbr/experiencia_19/style.css [0ms]
[2022-03-09T00:25:58.500Z] > git symbolic-ref --short HEAD [0ms]
[2022-03-09T00:25:58.505Z] > git for-each-ref --format=%(refname)%00%(upstream:short)%00%(objectname)%00%(upstream:track) refs/heads/master refs/remotes/master [1ms]
[2022-03-09T00:25:58.510Z] > git for-each-ref --sort -committerdate --format %(refname) %(objectname) %(*objectname) [2ms]
[2022-03-09T00:25:58.511Z] > git remote --verbose [1ms]
[2022-03-09T00:25:58.516Z] > git config --get commit.template [1ms]
[2022-03-09T00:26:07.717Z] > git symbolic-ref --short HEAD [1ms]
[2022-03-09T00:26:07.721Z] > git for-each-ref --format=%(refname)%00%(upstream:short)%00%(objectname)%00%(upstream:track) refs/heads/master refs/remotes/master [1ms]
[2022-03-09T00:26:07.728Z] > git for-each-ref --sort -committerdate --format %(refname) %(objectname) %(*objectname) [3ms]
[2022-03-09T00:26:07.729Z] > git remote --verbose [1ms]
[2022-03-09T00:26:07.732Z] > git config --get commit.template [0ms]
[2022-03-09T00:26:45.005Z] > git symbolic-ref --short HEAD [0ms]
[2022-03-09T00:26:45.008Z] > git for-each-ref --format=%(refname)%00%(upstream:short)%00%(objectname)%00%(upstream:track) refs/heads/master refs/remotes/master [0ms]
[2022-03-09T00:26:45.014Z] > git for-each-ref --sort -committerdate --format %(refname) %(objectname) %(*objectname) [3ms]
[2022-03-09T00:26:45.014Z] > git remote --verbose [1ms]
[2022-03-09T00:26:45.019Z] > git config --get commit.template [1ms]
[2022-03-09T00:26:55.579Z] > git symbolic-ref --short HEAD [0ms]
[2022-03-09T00:26:55.584Z] > git for-each-ref --format=%(refname)%00%(upstream:short)%00%(objectname)%00%(upstream:track) refs/heads/master refs/remotes/master [1ms]
[2022-03-09T00:26:55.589Z] > git for-each-ref --sort -committerdate --format %(refname) %(objectname) %(*objectname) [3ms]
[2022-03-09T00:26:55.589Z] > git remote --verbose [1ms]
[2022-03-09T00:26:55.596Z] > git config --get commit.template [1ms]
[2022-03-09T00:28:01.312Z] > git symbolic-ref --short HEAD [1ms]
[2022-03-09T00:28:01.316Z] > git for-each-ref --format=%(refname)%00%(upstream:short)%00%(objectname)%00%(upstream:track) refs/heads/master refs/remotes/master [1ms]
[2022-03-09T00:28:01.321Z] > git for-each-ref --sort -committerdate --format %(refname) %(objectname) %(*objectname) [2ms]
[2022-03-09T00:28:01.321Z] > git remote --verbose [0ms]
[2022-03-09T00:28:01.325Z] > git config --get commit.template [1ms]
[2022-03-09T00:29:48.943Z] > git symbolic-ref --short HEAD [1ms]
[2022-03-09T00:29:48.946Z] > git for-each-ref --format=%(refname)%00%(upstream:short)%00%(objectname)%00%(upstream:track) refs/heads/master refs/remotes/master [1ms]
[2022-03-09T00:29:48.950Z] > git for-each-ref --sort -committerdate --format %(refname) %(objectname) %(*objectname) [2ms]
[2022-03-09T00:29:48.951Z] > git remote --verbose [1ms]
[2022-03-09T00:29:48.956Z] > git config --get commit.template [0ms]
[2022-03-09T00:30:38.162Z] > git symbolic-ref --short HEAD [1ms]
[2022-03-09T00:30:38.165Z] > git for-each-ref --format=%(refname)%00%(upstream:short)%00%(objectname)%00%(upstream:track) refs/heads/master refs/remotes/master [1ms]
[2022-03-09T00:30:38.170Z] > git for-each-ref --sort -committerdate --format %(refname) %(objectname) %(*objectname) [3ms]
[2022-03-09T00:30:38.170Z] > git remote --verbose [1ms]
[2022-03-09T00:30:38.175Z] > git config --get commit.template [1ms]
[2022-03-09T00:30:39.139Z] > git ls-files --stage -- /home/breakcore/curso_progbr/experiencia_19/index.html [1ms]
[2022-03-09T00:30:58.265Z] > git symbolic-ref --short HEAD [1ms]
[2022-03-09T00:30:58.269Z] > git for-each-ref --format=%(refname)%00%(upstream:short)%00%(objectname)%00%(upstream:track) refs/heads/master refs/remotes/master [0ms]
[2022-03-09T00:30:58.276Z] > git remote --verbose [1ms]
[2022-03-09T00:30:58.276Z] > git for-each-ref --sort -committerdate --format %(refname) %(objectname) %(*objectname) [4ms]
[2022-03-09T00:30:58.283Z] > git config --get commit.template [1ms]
[2022-03-09T00:31:09.025Z] > git symbolic-ref --short HEAD [1ms]
[2022-03-09T00:31:09.029Z] > git for-each-ref --format=%(refname)%00%(upstream:short)%00%(objectname)%00%(upstream:track) refs/heads/master refs/remotes/master [1ms]
[2022-03-09T00:31:09.035Z] > git for-each-ref --sort -committerdate --format %(refname) %(objectname) %(*objectname) [3ms]
[2022-03-09T00:31:09.035Z] > git remote --verbose [1ms]
[2022-03-09T00:31:09.040Z] > git config --get commit.template [0ms]
[2022-03-09T00:31:11.923Z] > git ls-files --stage -- /home/breakcore/curso_progbr/experiencia_19/style.css [0ms]
[2022-03-09T00:33:12.488Z] > git symbolic-ref --short HEAD [0ms]
[2022-03-09T00:33:12.493Z] > git for-each-ref --format=%(refname)%00%(upstream:short)%00%(objectname)%00%(upstream:track) refs/heads/master refs/remotes/master [1ms]
[2022-03-09T00:33:12.499Z] > git for-each-ref --sort -committerdate --format %(refname) %(objectname) %(*objectname) [3ms]
[2022-03-09T00:33:12.499Z] > git remote --verbose [0ms]
[2022-03-09T00:33:12.504Z] > git config --get commit.template [1ms]
[2022-03-09T00:33:18.481Z] > git symbolic-ref --short HEAD [0ms]
[2022-03-09T00:33:18.485Z] > git for-each-ref --format=%(refname)%00%(upstream:short)%00%(objectname)%00%(upstream:track) refs/heads/master refs/remotes/master [0ms]
[2022-03-09T00:33:18.491Z] > git for-each-ref --sort -committerdate --format %(refname) %(objectname) %(*objectname) [3ms]
[2022-03-09T00:33:18.491Z] > git remote --verbose [1ms]
[2022-03-09T00:33:18.495Z] > git config --get commit.template [1ms]
[2022-03-09T00:34:07.404Z] > git symbolic-ref --short HEAD [0ms]
[2022-03-09T00:34:07.407Z] > git for-each-ref --format=%(refname)%00%(upstream:short)%00%(objectname)%00%(upstream:track) refs/heads/master refs/remotes/master [0ms]
[2022-03-09T00:34:07.412Z] > git for-each-ref --sort -committerdate --format %(refname) %(objectname) %(*objectname) [3ms]
[2022-03-09T00:34:07.412Z] > git remote --verbose [1ms]
[2022-03-09T00:34:07.416Z] > git config --get commit.template [1ms]
[2022-03-09T00:34:14.224Z] > git symbolic-ref --short HEAD [0ms]
[2022-03-09T00:34:14.228Z] > git for-each-ref --format=%(refname)%00%(upstream:short)%00%(objectname)%00%(upstream:track) refs/heads/master refs/remotes/master [1ms]
[2022-03-09T00:34:14.232Z] > git remote --verbose [0ms]
[2022-03-09T00:34:14.233Z] > git for-each-ref --sort -committerdate --format %(refname) %(objectname) %(*objectname) [3ms]
[2022-03-09T00:34:14.236Z] > git config --get commit.template [0ms]
[2022-03-09T00:34:22.588Z] > git symbolic-ref --short HEAD [1ms]
[2022-03-09T00:34:22.592Z] > git for-each-ref --format=%(refname)%00%(upstream:short)%00%(objectname)%00%(upstream:track) refs/heads/master refs/remotes/master [1ms]
[2022-03-09T00:34:22.600Z] > git remote --verbose [1ms]
[2022-03-09T00:34:22.600Z] > git for-each-ref --sort -committerdate --format %(refname) %(objectname) %(*objectname) [5ms]
[2022-03-09T00:34:22.605Z] > git config --get commit.template [0ms]
[2022-03-09T00:34:27.615Z] > git symbolic-ref --short HEAD [1ms]
[2022-03-09T00:34:27.617Z] > git for-each-ref --format=%(refname)%00%(upstream:short)%00%(objectname)%00%(upstream:track) refs/heads/master refs/remotes/master [0ms]
[2022-03-09T00:34:27.624Z] > git for-each-ref --sort -committerdate --format %(refname) %(objectname) %(*objectname) [4ms]
[2022-03-09T00:34:27.624Z] > git remote --verbose [1ms]
[2022-03-09T00:34:27.632Z] > git config --get commit.template [1ms]
[2022-03-09T00:34:32.643Z] > git symbolic-ref --short HEAD [0ms]
[2022-03-09T00:34:32.648Z] > git for-each-ref --format=%(refname)%00%(upstream:short)%00%(objectname)%00%(upstream:track) refs/heads/master refs/remotes/master [1ms]
[2022-03-09T00:34:32.654Z] > git remote --verbose [1ms]
[2022-03-09T00:34:32.654Z] > git for-each-ref --sort -committerdate --format %(refname) %(objectname) %(*objectname) [3ms]
[2022-03-09T00:34:32.661Z] > git config --get commit.template [1ms]
[2022-03-09T00:34:37.670Z] > git symbolic-ref --short HEAD [1ms]
[2022-03-09T00:34:37.674Z] > git for-each-ref --format=%(refname)%00%(upstream:short)%00%(objectname)%00%(upstream:track) refs/heads/master refs/remotes/master [1ms]
[2022-03-09T00:34:37.679Z] > git remote --verbose [0ms]
[2022-03-09T00:34:37.680Z] > git for-each-ref --sort -committerdate --format %(refname) %(objectname) %(*objectname) [4ms]
[2022-03-09T00:34:37.686Z] > git config --get commit.template [1ms]
[2022-03-09T00:35:52.538Z] > git symbolic-ref --short HEAD [1ms]
[2022-03-09T00:35:52.542Z] > git for-each-ref --format=%(refname)%00%(upstream:short)%00%(objectname)%00%(upstream:track) refs/heads/master refs/remotes/master [1ms]
[2022-03-09T00:35:52.550Z] > git for-each-ref --sort -committerdate --format %(refname) %(objectname) %(*objectname) [3ms]
[2022-03-09T00:35:52.550Z] > git remote --verbose [0ms]
[2022-03-09T00:35:52.555Z] > git config --get commit.template [0ms]
[2022-03-09T00:36:23.381Z] > git symbolic-ref --short HEAD [1ms]
[2022-03-09T00:36:23.384Z] > git for-each-ref --format=%(refname)%00%(upstream:short)%00%(objectname)%00%(upstream:track) refs/heads/master refs/remotes/master [1ms]
[2022-03-09T00:36:23.392Z] > git for-each-ref --sort -committerdate --format %(refname) %(objectname) %(*objectname) [4ms]
[2022-03-09T00:36:23.393Z] > git remote --verbose [1ms]
[2022-03-09T00:36:23.398Z] > git config --get commit.template [0ms]
[2022-03-09T00:36:28.407Z] > git symbolic-ref --short HEAD [1ms]
[2022-03-09T00:36:28.410Z] > git for-each-ref --format=%(refname)%00%(upstream:short)%00%(objectname)%00%(upstream:track) refs/heads/master refs/remotes/master [1ms]
[2022-03-09T00:36:28.417Z] > git for-each-ref --sort -committerdate --format %(refname) %(objectname) %(*objectname) [4ms]
[2022-03-09T00:36:28.417Z] > git remote --verbose [1ms]
[2022-03-09T00:36:28.421Z] > git config --get commit.template [1ms]
[2022-03-09T00:36:49.190Z] > git symbolic-ref --short HEAD [0ms]
[2022-03-09T00:36:49.193Z] > git for-each-ref --format=%(refname)%00%(upstream:short)%00%(objectname)%00%(upstream:track) refs/heads/master refs/remotes/master [0ms]
[2022-03-09T00:36:49.199Z] > git for-each-ref --sort -committerdate --format %(refname) %(objectname) %(*objectname) [3ms]
[2022-03-09T00:36:49.199Z] > git remote --verbose [0ms]
[2022-03-09T00:36:49.203Z] > git config --get commit.template [1ms]
[2022-03-09T00:37:57.692Z] > git symbolic-ref --short HEAD [0ms]
[2022-03-09T00:37:57.697Z] > git for-each-ref --format=%(refname)%00%(upstream:short)%00%(objectname)%00%(upstream:track) refs/heads/master refs/remotes/master [1ms]
[2022-03-09T00:37:57.703Z] > git remote --verbose [0ms]
[2022-03-09T00:37:57.703Z] > git for-each-ref --sort -committerdate --format %(refname) %(objectname) %(*objectname) [3ms]
[2022-03-09T00:37:57.711Z] > git config --get commit.template [1ms]
[2022-03-09T00:38:46.472Z] > git symbolic-ref --short HEAD [0ms]
[2022-03-09T00:38:46.476Z] > git for-each-ref --format=%(refname)%00%(upstream:short)%00%(objectname)%00%(upstream:track) refs/heads/master refs/remotes/master [1ms]
[2022-03-09T00:38:46.482Z] > git remote --verbose [0ms]
[2022-03-09T00:38:46.483Z] > git for-each-ref --sort -committerdate --format %(refname) %(objectname) %(*objectname) [4ms]
[2022-03-09T00:38:46.487Z] > git config --get commit.template [0ms]
[2022-03-09T00:38:57.180Z] > git symbolic-ref --short HEAD [0ms]
[2022-03-09T00:38:57.183Z] > git for-each-ref --format=%(refname)%00%(upstream:short)%00%(objectname)%00%(upstream:track) refs/heads/master refs/remotes/master [0ms]
[2022-03-09T00:38:57.189Z] > git for-each-ref --sort -committerdate --format %(refname) %(objectname) %(*objectname) [3ms]
[2022-03-09T00:38:57.190Z] > git remote --verbose [1ms]
[2022-03-09T00:38:57.195Z] > git config --get commit.template [1ms]
[2022-03-09T00:39:02.204Z] > git symbolic-ref --short HEAD [0ms]
[2022-03-09T00:39:02.208Z] > git for-each-ref --format=%(refname)%00%(upstream:short)%00%(objectname)%00%(upstream:track) refs/heads/master refs/remotes/master [1ms]
[2022-03-09T00:39:02.214Z] > git for-each-ref --sort -committerdate --format %(refname) %(objectname) %(*objectname) [3ms]
[2022-03-09T00:39:02.215Z] > git remote --verbose [1ms]
[2022-03-09T00:39:02.220Z] > git config --get commit.template [1ms]
[2022-03-09T00:42:29.562Z] > git ls-files --stage -- /home/breakcore/curso_progbr/experiencia_19/index.html [1ms]
[2022-03-09T00:42:43.745Z] > git symbolic-ref --short HEAD [1ms]
[2022-03-09T00:42:43.748Z] > git for-each-ref --format=%(refname)%00%(upstream:short)%00%(objectname)%00%(upstream:track) refs/heads/master refs/remotes/master [0ms]
[2022-03-09T00:42:43.754Z] > git remote --verbose [0ms]
[2022-03-09T00:42:43.754Z] > git for-each-ref --sort -committerdate --format %(refname) %(objectname) %(*objectname) [3ms]
[2022-03-09T00:42:43.760Z] > git config --get commit.template [0ms]
[2022-03-09T00:43:04.903Z] > git symbolic-ref --short HEAD [1ms]
[2022-03-09T00:43:04.906Z] > git for-each-ref --format=%(refname)%00%(upstream:short)%00%(objectname)%00%(upstream:track) refs/heads/master refs/remotes/master [1ms]
[2022-03-09T00:43:04.913Z] > git for-each-ref --sort -committerdate --format %(refname) %(objectname) %(*objectname) [4ms]
[2022-03-09T00:43:04.913Z] > git remote --verbose [0ms]
[2022-03-09T00:43:04.917Z] > git config --get commit.template [0ms]
[2022-03-09T00:43:05.364Z] > git ls-files --stage -- /home/breakcore/curso_progbr/experiencia_19/style.css [1ms]
[2022-03-09T00:43:50.334Z] > git symbolic-ref --short HEAD [0ms]
[2022-03-09T00:43:50.338Z] > git for-each-ref --format=%(refname)%00%(upstream:short)%00%(objectname)%00%(upstream:track) refs/heads/master refs/remotes/master [1ms]
[2022-03-09T00:43:50.345Z] > git remote --verbose [2ms]
[2022-03-09T00:43:50.345Z] > git for-each-ref --sort -committerdate --format %(refname) %(objectname) %(*objectname) [5ms]
[2022-03-09T00:43:50.351Z] > git config --get commit.template [1ms]
[2022-03-09T00:44:13.528Z] > git symbolic-ref --short HEAD [1ms]
[2022-03-09T00:44:13.531Z] > git for-each-ref --format=%(refname)%00%(upstream:short)%00%(objectname)%00%(upstream:track) refs/heads/master refs/remotes/master [1ms]
[2022-03-09T00:44:13.536Z] > git for-each-ref --sort -committerdate --format %(refname) %(objectname) %(*objectname) [3ms]
[2022-03-09T00:44:13.536Z] > git remote --verbose [1ms]
[2022-03-09T00:44:13.539Z] > git config --get commit.template [0ms]
[2022-03-09T00:45:01.598Z] > git symbolic-ref --short HEAD [1ms]
[2022-03-09T00:45:01.603Z] > git for-each-ref --format=%(refname)%00%(upstream:short)%00%(objectname)%00%(upstream:track) refs/heads/master refs/remotes/master [1ms]
[2022-03-09T00:45:01.608Z] > git for-each-ref --sort -committerdate --format %(refname) %(objectname) %(*objectname) [2ms]
[2022-03-09T00:45:01.609Z] > git remote --verbose [1ms]
[2022-03-09T00:45:01.614Z] > git config --get commit.template [1ms]
[2022-03-09T00:45:06.624Z] > git symbolic-ref --short HEAD [1ms]
[2022-03-09T00:45:06.627Z] > git for-each-ref --format=%(refname)%00%(upstream:short)%00%(objectname)%00%(upstream:track) refs/heads/master refs/remotes/master [1ms]
[2022-03-09T00:45:06.631Z] > git for-each-ref --sort -committerdate --format %(refname) %(objectname) %(*objectname) [2ms]
[2022-03-09T00:45:06.631Z] > git remote --verbose [0ms]
[2022-03-09T00:45:06.635Z] > git config --get commit.template [1ms]
[2022-03-09T00:45:08.532Z] > git ls-files --stage -- /home/breakcore/curso_progbr/experiencia_19/index.html [0ms]
[2022-03-09T00:45:10.809Z] > git ls-files --stage -- /home/breakcore/curso_progbr/experiencia_19/style.css [1ms]
[2022-03-09T00:45:16.945Z] > git symbolic-ref --short HEAD [0ms]
[2022-03-09T00:45:16.949Z] > git for-each-ref --format=%(refname)%00%(upstream:short)%00%(objectname)%00%(upstream:track) refs/heads/master refs/remotes/master [1ms]
[2022-03-09T00:45:16.954Z] > git for-each-ref --sort -committerdate --format %(refname) %(objectname) %(*objectname) [3ms]
[2022-03-09T00:45:16.954Z] > git remote --verbose [1ms]
[2022-03-09T00:45:16.960Z] > git config --get commit.template [1ms]
[2022-03-09T00:45:30.351Z] > git symbolic-ref --short HEAD [1ms]
[2022-03-09T00:45:30.354Z] > git for-each-ref --format=%(refname)%00%(upstream:short)%00%(objectname)%00%(upstream:track) refs/heads/master refs/remotes/master [0ms]
[2022-03-09T00:45:30.361Z] > git for-each-ref --sort -committerdate --format %(refname) %(objectname) %(*objectname) [4ms]
[2022-03-09T00:45:30.361Z] > git remote --verbose [1ms]
[2022-03-09T00:45:30.366Z] > git config --get commit.template [1ms]
[2022-03-09T00:46:01.427Z] > git symbolic-ref --short HEAD [0ms]
[2022-03-09T00:46:01.431Z] > git for-each-ref --format=%(refname)%00%(upstream:short)%00%(objectname)%00%(upstream:track) refs/heads/master refs/remotes/master [1ms]
[2022-03-09T00:46:01.435Z] > git for-each-ref --sort -committerdate --format %(refname) %(objectname) %(*objectname) [2ms]
[2022-03-09T00:46:01.435Z] > git remote --verbose [0ms]
[2022-03-09T00:46:01.439Z] > git config --get commit.template [1ms]
[2022-03-09T00:46:10.836Z] > git symbolic-ref --short HEAD [1ms]
[2022-03-09T00:46:10.838Z] > git for-each-ref --format=%(refname)%00%(upstream:short)%00%(objectname)%00%(upstream:track) refs/heads/master refs/remotes/master [0ms]
[2022-03-09T00:46:10.843Z] > git for-each-ref --sort -committerdate --format %(refname) %(objectname) %(*objectname) [2ms]
[2022-03-09T00:46:10.843Z] > git remote --verbose [0ms]
[2022-03-09T00:46:10.846Z] > git config --get commit.template [0ms]
[2022-03-09T00:46:37.505Z] > git symbolic-ref --short HEAD [1ms]
[2022-03-09T00:46:37.509Z] > git for-each-ref --format=%(refname)%00%(upstream:short)%00%(objectname)%00%(upstream:track) refs/heads/master refs/remotes/master [1ms]
[2022-03-09T00:46:37.514Z] > git for-each-ref --sort -committerdate --format %(refname) %(objectname) %(*objectname) [3ms]
[2022-03-09T00:46:37.514Z] > git remote --verbose [1ms]
[2022-03-09T00:46:37.517Z] > git config --get commit.template [0ms]
[2022-03-09T00:46:43.224Z] > git symbolic-ref --short HEAD [0ms]
[2022-03-09T00:46:43.227Z] > git for-each-ref --format=%(refname)%00%(upstream:short)%00%(objectname)%00%(upstream:track) refs/heads/master refs/remotes/master [0ms]
[2022-03-09T00:46:43.232Z] > git for-each-ref --sort -committerdate --format %(refname) %(objectname) %(*objectname) [3ms]
[2022-03-09T00:46:43.232Z] > git remote --verbose [1ms]
[2022-03-09T00:46:43.235Z] > git config --get commit.template [0ms]
[2022-03-09T00:46:50.386Z] > git symbolic-ref --short HEAD [0ms]
[2022-03-09T00:46:50.390Z] > git for-each-ref --format=%(refname)%00%(upstream:short)%00%(objectname)%00%(upstream:track) refs/heads/master refs/remotes/master [1ms]
[2022-03-09T00:46:50.394Z] > git for-each-ref --sort -committerdate --format %(refname) %(objectname) %(*objectname) [2ms]
[2022-03-09T00:46:50.394Z] > git remote --verbose [0ms]
[2022-03-09T00:46:50.398Z] > git config --get commit.template [1ms]
[2022-03-09T00:49:59.611Z] > git ls-files --stage -- /home/breakcore/curso_progbr/experiencia_19/index.html [0ms]
[2022-03-09T00:50:26.434Z] > git ls-files --stage -- /home/breakcore/curso_progbr/experiencia_19/style.css [1ms]
[2022-03-09T00:50:27.239Z] > git symbolic-ref --short HEAD [1ms]
[2022-03-09T00:50:27.242Z] > git for-each-ref --format=%(refname)%00%(upstream:short)%00%(objectname)%00%(upstream:track) refs/heads/master refs/remotes/master [0ms]
[2022-03-09T00:50:27.249Z] > git remote --verbose [1ms]
[2022-03-09T00:50:27.249Z] > git for-each-ref --sort -committerdate --format %(refname) %(objectname) %(*objectname) [4ms]
[2022-03-09T00:50:27.254Z] > git config --get commit.template [1ms]
[2022-03-09T00:50:31.008Z] > git ls-files --stage -- /home/breakcore/curso_progbr/experiencia_19/index.html [1ms]
[2022-03-09T00:50:32.548Z] > git symbolic-ref --short HEAD [0ms]
[2022-03-09T00:50:32.552Z] > git for-each-ref --format=%(refname)%00%(upstream:short)%00%(objectname)%00%(upstream:track) refs/heads/master refs/remotes/master [1ms]
[2022-03-09T00:50:32.556Z] > git for-each-ref --sort -committerdate --format %(refname) %(objectname) %(*objectname) [2ms]
[2022-03-09T00:50:32.556Z] > git remote --verbose [0ms]
[2022-03-09T00:50:32.562Z] > git config --get commit.template [0ms]
[2022-03-09T00:50:34.794Z] > git ls-files --stage -- /home/breakcore/curso_progbr/experiencia_19/style.css [0ms]
[2022-03-09T00:50:37.574Z] > git symbolic-ref --short HEAD [1ms]
[2022-03-09T00:50:37.578Z] > git for-each-ref --format=%(refname)%00%(upstream:short)%00%(objectname)%00%(upstream:track) refs/heads/master refs/remotes/master [1ms]
[2022-03-09T00:50:37.582Z] > git for-each-ref --sort -committerdate --format %(refname) %(objectname) %(*objectname) [2ms]
[2022-03-09T00:50:37.582Z] > git remote --verbose [0ms]
[2022-03-09T00:50:37.586Z] > git config --get commit.template [1ms]
[2022-03-09T00:51:02.955Z] > git symbolic-ref --short HEAD [0ms]
[2022-03-09T00:51:02.958Z] > git for-each-ref --format=%(refname)%00%(upstream:short)%00%(objectname)%00%(upstream:track) refs/heads/master refs/remotes/master [0ms]
[2022-03-09T00:51:02.963Z] > git for-each-ref --sort -committerdate --format %(refname) %(objectname) %(*objectname) [3ms]
[2022-03-09T00:51:02.963Z] > git remote --verbose [1ms]
[2022-03-09T00:51:02.967Z] > git config --get commit.template [1ms]
[2022-03-09T00:51:19.763Z] > git symbolic-ref --short HEAD [1ms]
[2022-03-09T00:51:19.767Z] > git for-each-ref --format=%(refname)%00%(upstream:short)%00%(objectname)%00%(upstream:track) refs/heads/master refs/remotes/master [1ms]
[2022-03-09T00:51:19.771Z] > git for-each-ref --sort -committerdate --format %(refname) %(objectname) %(*objectname) [2ms]
[2022-03-09T00:51:19.772Z] > git remote --verbose [1ms]
[2022-03-09T00:51:19.776Z] > git config --get commit.template [1ms]
[2022-03-09T00:51:29.984Z] > git symbolic-ref --short HEAD [1ms]
[2022-03-09T00:51:29.987Z] > git for-each-ref --format=%(refname)%00%(upstream:short)%00%(objectname)%00%(upstream:track) refs/heads/master refs/remotes/master [1ms]
[2022-03-09T00:51:29.994Z] > git for-each-ref --sort -committerdate --format %(refname) %(objectname) %(*objectname) [4ms]
[2022-03-09T00:51:29.994Z] > git remote --verbose [1ms]
[2022-03-09T00:51:29.999Z] > git config --get commit.template [1ms]
[2022-03-09T00:51:38.581Z] > git symbolic-ref --short HEAD [1ms]
[2022-03-09T00:51:38.583Z] > git for-each-ref --format=%(refname)%00%(upstream:short)%00%(objectname)%00%(upstream:track) refs/heads/master refs/remotes/master [0ms]
[2022-03-09T00:51:38.588Z] > git for-each-ref --sort -committerdate --format %(refname) %(objectname) %(*objectname) [2ms]
[2022-03-09T00:51:38.588Z] > git remote --verbose [0ms]
[2022-03-09T00:51:38.592Z] > git config --get commit.template [1ms]
[2022-03-09T00:51:44.014Z] > git ls-files --stage -- /home/breakcore/curso_progbr/experiencia_19/index.html [1ms]
[2022-03-09T00:51:57.044Z] > git symbolic-ref --short HEAD [1ms]
[2022-03-09T00:51:57.048Z] > git for-each-ref --format=%(refname)%00%(upstream:short)%00%(objectname)%00%(upstream:track) refs/heads/master refs/remotes/master [1ms]
[2022-03-09T00:51:57.053Z] > git for-each-ref --sort -committerdate --format %(refname) %(objectname) %(*objectname) [3ms]
[2022-03-09T00:51:57.053Z] > git remote --verbose [1ms]
[2022-03-09T00:51:57.058Z] > git config --get commit.template [0ms]
[2022-03-09T00:51:59.266Z] > git ls-files --stage -- /home/breakcore/curso_progbr/experiencia_19/style.css [1ms]
[2022-03-09T00:52:29.350Z] > git symbolic-ref --short HEAD [1ms]
[2022-03-09T00:52:29.353Z] > git for-each-ref --format=%(refname)%00%(upstream:short)%00%(objectname)%00%(upstream:track) refs/heads/master refs/remotes/master [0ms]
[2022-03-09T00:52:29.360Z] > git remote --verbose [1ms]
[2022-03-09T00:52:29.360Z] > git for-each-ref --sort -committerdate --format %(refname) %(objectname) %(*objectname) [4ms]
[2022-03-09T00:52:29.364Z] > git config --get commit.template [0ms]
[2022-03-09T00:52:36.090Z] > git symbolic-ref --short HEAD [1ms]
[2022-03-09T00:52:36.093Z] > git for-each-ref --format=%(refname)%00%(upstream:short)%00%(objectname)%00%(upstream:track) refs/heads/master refs/remotes/master [0ms]
[2022-03-09T00:52:36.099Z] > git for-each-ref --sort -committerdate --format %(refname) %(objectname) %(*objectname) [3ms]
[2022-03-09T00:52:36.099Z] > git remote --verbose [1ms]
[2022-03-09T00:52:36.104Z] > git config --get commit.template [1ms]
[2022-03-09T00:52:41.581Z] > git symbolic-ref --short HEAD [0ms]
[2022-03-09T00:52:41.584Z] > git for-each-ref --format=%(refname)%00%(upstream:short)%00%(objectname)%00%(upstream:track) refs/heads/master refs/remotes/master [1ms]
[2022-03-09T00:52:41.588Z] > git for-each-ref --sort -committerdate --format %(refname) %(objectname) %(*objectname) [2ms]
[2022-03-09T00:52:41.588Z] > git remote --verbose [0ms]
[2022-03-09T00:52:41.592Z] > git config --get commit.template [0ms]
[2022-03-09T00:53:24.880Z] > git symbolic-ref --short HEAD [1ms]
[2022-03-09T00:53:24.882Z] > git for-each-ref --format=%(refname)%00%(upstream:short)%00%(objectname)%00%(upstream:track) refs/heads/master refs/remotes/master [0ms]
[2022-03-09T00:53:24.887Z] > git for-each-ref --sort -committerdate --format %(refname) %(objectname) %(*objectname) [2ms]
[2022-03-09T00:53:24.887Z] > git remote --verbose [0ms]
[2022-03-09T00:53:24.892Z] > git config --get commit.template [1ms]
[2022-03-09T00:54:32.179Z] > git symbolic-ref --short HEAD [1ms]
[2022-03-09T00:54:32.182Z] > git for-each-ref --format=%(refname)%00%(upstream:short)%00%(objectname)%00%(upstream:track) refs/heads/master refs/remotes/master [1ms]
[2022-03-09T00:54:32.188Z] > git for-each-ref --sort -committerdate --format %(refname) %(objectname) %(*objectname) [3ms]
[2022-03-09T00:54:32.188Z] > git remote --verbose [1ms]
[2022-03-09T00:54:32.192Z] > git config --get commit.template [1ms]
[2022-03-09T00:54:38.460Z] > git symbolic-ref --short HEAD [0ms]
[2022-03-09T00:54:38.463Z] > git for-each-ref --format=%(refname)%00%(upstream:short)%00%(objectname)%00%(upstream:track) refs/heads/master refs/remotes/master [1ms]
[2022-03-09T00:54:38.468Z] > git for-each-ref --sort -committerdate --format %(refname) %(objectname) %(*objectname) [3ms]
[2022-03-09T00:54:38.468Z] > git remote --verbose [1ms]
[2022-03-09T00:54:38.474Z] > git config --get commit.template [1ms]
[2022-03-09T00:55:11.679Z] > git symbolic-ref --short HEAD [0ms]
[2022-03-09T00:55:11.683Z] > git for-each-ref --format=%(refname)%00%(upstream:short)%00%(objectname)%00%(upstream:track) refs/heads/master refs/remotes/master [1ms]
[2022-03-09T00:55:11.688Z] > git for-each-ref --sort -committerdate --format %(refname) %(objectname) %(*objectname) [3ms]
[2022-03-09T00:55:11.688Z] > git remote --verbose [1ms]
[2022-03-09T00:55:11.692Z] > git config --get commit.template [1ms]
[2022-03-09T00:55:28.666Z] > git symbolic-ref --short HEAD [1ms]
[2022-03-09T00:55:28.670Z] > git for-each-ref --format=%(refname)%00%(upstream:short)%00%(objectname)%00%(upstream:track) refs/heads/master refs/remotes/master [1ms]
[2022-03-09T00:55:28.675Z] > git for-each-ref --sort -committerdate --format %(refname) %(objectname) %(*objectname) [2ms]
[2022-03-09T00:55:28.676Z] > git remote --verbose [1ms]
[2022-03-09T00:55:28.680Z] > git config --get commit.template [1ms]
[2022-03-09T00:56:05.824Z] > git symbolic-ref --short HEAD [1ms]
[2022-03-09T00:56:05.827Z] > git for-each-ref --format=%(refname)%00%(upstream:short)%00%(objectname)%00%(upstream:track) refs/heads/master refs/remotes/master [0ms]
[2022-03-09T00:56:05.835Z] > git for-each-ref --sort -committerdate --format %(refname) %(objectname) %(*objectname) [4ms]
[2022-03-09T00:56:05.835Z] > git remote --verbose [1ms]
[2022-03-09T00:56:05.842Z] > git config --get commit.template [1ms]
[2022-03-09T00:56:20.122Z] > git symbolic-ref --short HEAD [1ms]
[2022-03-09T00:56:20.126Z] > git for-each-ref --format=%(refname)%00%(upstream:short)%00%(objectname)%00%(upstream:track) refs/heads/master refs/remotes/master [1ms]
[2022-03-09T00:56:20.131Z] > git for-each-ref --sort -committerdate --format %(refname) %(objectname) %(*objectname) [2ms]
[2022-03-09T00:56:20.131Z] > git remote --verbose [0ms]
[2022-03-09T00:56:20.135Z] > git config --get commit.template [0ms]
[2022-03-09T00:56:41.325Z] > git symbolic-ref --short HEAD [1ms]
[2022-03-09T00:56:41.329Z] > git for-each-ref --format=%(refname)%00%(upstream:short)%00%(objectname)%00%(upstream:track) refs/heads/master refs/remotes/master [1ms]
[2022-03-09T00:56:41.337Z] > git for-each-ref --sort -committerdate --format %(refname) %(objectname) %(*objectname) [3ms]
[2022-03-09T00:56:41.337Z] > git remote --verbose [1ms]
[2022-03-09T00:56:41.344Z] > git config --get commit.template [1ms]
[2022-03-09T00:56:44.256Z] > git ls-files --stage -- /home/breakcore/curso_progbr/experiencia_19/index.html [0ms]
[2022-03-09T00:56:48.401Z] > git ls-files --stage -- /home/breakcore/curso_progbr/experiencia_19/style.css [1ms]
[2022-03-09T00:57:40.626Z] > git symbolic-ref --short HEAD [1ms]
[2022-03-09T00:57:40.629Z] > git for-each-ref --format=%(refname)%00%(upstream:short)%00%(objectname)%00%(upstream:track) refs/heads/master refs/remotes/master [1ms]
[2022-03-09T00:57:40.634Z] > git for-each-ref --sort -committerdate --format %(refname) %(objectname) %(*objectname) [3ms]
[2022-03-09T00:57:40.634Z] > git remote --verbose [0ms]
[2022-03-09T00:57:40.640Z] > git config --get commit.template [0ms]
[2022-03-09T00:57:48.415Z] > git symbolic-ref --short HEAD [0ms]
[2022-03-09T00:57:48.419Z] > git for-each-ref --format=%(refname)%00%(upstream:short)%00%(objectname)%00%(upstream:track) refs/heads/master refs/remotes/master [1ms]
[2022-03-09T00:57:48.427Z] > git for-each-ref --sort -committerdate --format %(refname) %(objectname) %(*objectname) [5ms]
[2022-03-09T00:57:48.427Z] > git remote --verbose [1ms]
[2022-03-09T00:57:48.433Z] > git config --get commit.template [1ms]
[2022-03-09T00:57:53.444Z] > git symbolic-ref --short HEAD [1ms]
[2022-03-09T00:57:53.449Z] > git for-each-ref --format=%(refname)%00%(upstream:short)%00%(objectname)%00%(upstream:track) refs/heads/master refs/remotes/master [1ms]
[2022-03-09T00:57:53.456Z] > git remote --verbose [0ms]
[2022-03-09T00:57:53.457Z] > git for-each-ref --sort -committerdate --format %(refname) %(objectname) %(*objectname) [4ms]
[2022-03-09T00:57:53.462Z] > git config --get commit.template [1ms]
[2022-03-09T00:57:59.522Z] > git symbolic-ref --short HEAD [1ms]
[2022-03-09T00:57:59.526Z] > git for-each-ref --format=%(refname)%00%(upstream:short)%00%(objectname)%00%(upstream:track) refs/heads/master refs/remotes/master [1ms]
[2022-03-09T00:57:59.532Z] > git for-each-ref --sort -committerdate --format %(refname) %(objectname) %(*objectname) [3ms]
[2022-03-09T00:57:59.533Z] > git remote --verbose [1ms]
[2022-03-09T00:57:59.538Z] > git config --get commit.template [1ms]
[2022-03-09T00:58:14.849Z] > git symbolic-ref --short HEAD [1ms]
[2022-03-09T00:58:14.852Z] > git for-each-ref --format=%(refname)%00%(upstream:short)%00%(objectname)%00%(upstream:track) refs/heads/master refs/remotes/master [0ms]
[2022-03-09T00:58:14.858Z] > git for-each-ref --sort -committerdate --format %(refname) %(objectname) %(*objectname) [3ms]
[2022-03-09T00:58:14.858Z] > git remote --verbose [1ms]
[2022-03-09T00:58:14.864Z] > git config --get commit.template [1ms]
[2022-03-09T00:58:24.314Z] > git symbolic-ref --short HEAD [1ms]
[2022-03-09T00:58:24.317Z] > git for-each-ref --format=%(refname)%00%(upstream:short)%00%(objectname)%00%(upstream:track) refs/heads/master refs/remotes/master [0ms]
[2022-03-09T00:58:24.322Z] > git for-each-ref --sort -committerdate --format %(refname) %(objectname) %(*objectname) [2ms]
[2022-03-09T00:58:24.322Z] > git remote --verbose [0ms]
[2022-03-09T00:58:24.326Z] > git config --get commit.template [1ms]
[2022-03-09T00:58:57.229Z] > git symbolic-ref --short HEAD [1ms]
[2022-03-09T00:58:57.232Z] > git for-each-ref --format=%(refname)%00%(upstream:short)%00%(objectname)%00%(upstream:track) refs/heads/master refs/remotes/master [0ms]
[2022-03-09T00:58:57.238Z] > git for-each-ref --sort -committerdate --format %(refname) %(objectname) %(*objectname) [3ms]
[2022-03-09T00:58:57.238Z] > git remote --verbose [1ms]
[2022-03-09T00:58:57.243Z] > git config --get commit.template [1ms]
[2022-03-09T00:59:02.254Z] > git symbolic-ref --short HEAD [1ms]
[2022-03-09T00:59:02.257Z] > git for-each-ref --format=%(refname)%00%(upstream:short)%00%(objectname)%00%(upstream:track) refs/heads/master refs/remotes/master [1ms]
[2022-03-09T00:59:02.263Z] > git for-each-ref --sort -committerdate --format %(refname) %(objectname) %(*objectname) [3ms]
[2022-03-09T00:59:02.264Z] > git remote --verbose [1ms]
[2022-03-09T00:59:02.270Z] > git config --get commit.template [1ms]
[2022-03-09T00:59:52.655Z] > git symbolic-ref --short HEAD [1ms]
[2022-03-09T00:59:52.658Z] > git for-each-ref --format=%(refname)%00%(upstream:short)%00%(objectname)%00%(upstream:track) refs/heads/master refs/remotes/master [1ms]
[2022-03-09T00:59:52.663Z] > git for-each-ref --sort -committerdate --format %(refname) %(objectname) %(*objectname) [3ms]
[2022-03-09T00:59:52.663Z] > git remote --verbose [0ms]
[2022-03-09T00:59:52.667Z] > git config --get commit.template [1ms]
[2022-03-09T01:00:07.897Z] > git symbolic-ref --short HEAD [1ms]
[2022-03-09T01:00:07.904Z] > git for-each-ref --format=%(refname)%00%(upstream:short)%00%(objectname)%00%(upstream:track) refs/heads/master refs/remotes/master [2ms]
[2022-03-09T01:00:07.913Z] > git for-each-ref --sort -committerdate --format %(refname) %(objectname) %(*objectname) [6ms]
[2022-03-09T01:00:07.913Z] > git remote --verbose [1ms]
[2022-03-09T01:00:07.920Z] > git config --get commit.template [1ms]
[2022-03-09T01:00:30.395Z] > git ls-files --stage -- /home/breakcore/curso_progbr/experiencia_19/index.html [0ms]
[2022-03-09T01:00:47.215Z] > git symbolic-ref --short HEAD [0ms]
[2022-03-09T01:00:47.218Z] > git for-each-ref --format=%(refname)%00%(upstream:short)%00%(objectname)%00%(upstream:track) refs/heads/master refs/remotes/master [1ms]
[2022-03-09T01:00:47.223Z] > git for-each-ref --sort -committerdate --format %(refname) %(objectname) %(*objectname) [2ms]
[2022-03-09T01:00:47.224Z] > git remote --verbose [1ms]
[2022-03-09T01:00:47.229Z] > git config --get commit.template [1ms]
[2022-03-09T01:00:53.838Z] > git ls-files --stage -- /home/breakcore/curso_progbr/experiencia_20/index.html [0ms]
[2022-03-09T01:00:54.650Z] > git symbolic-ref --short HEAD [0ms]
[2022-03-09T01:00:54.654Z] > git for-each-ref --format=%(refname)%00%(upstream:short)%00%(objectname)%00%(upstream:track) refs/heads/master refs/remotes/master [1ms]
[2022-03-09T01:00:54.660Z] > git for-each-ref --sort -committerdate --format %(refname) %(objectname) %(*objectname) [3ms]
[2022-03-09T01:00:54.660Z] > git remote --verbose [1ms]
[2022-03-09T01:00:54.666Z] > git config --get commit.template [1ms]
[2022-03-09T01:01:01.886Z] > git ls-files --stage -- /home/breakcore/curso_progbr/experiencia_20/style.css [1ms]
[2022-03-09T01:01:04.703Z] > git symbolic-ref --short HEAD [0ms]
[2022-03-09T01:01:04.706Z] > git for-each-ref --format=%(refname)%00%(upstream:short)%00%(objectname)%00%(upstream:track) refs/heads/master refs/remotes/master [0ms]
[2022-03-09T01:01:04.711Z] > git for-each-ref --sort -committerdate --format %(refname) %(objectname) %(*objectname) [3ms]
[2022-03-09T01:01:04.711Z] > git remote --verbose [1ms]
[2022-03-09T01:01:04.718Z] > git config --get commit.template [1ms]
[2022-03-09T01:01:08.610Z] > git ls-files --stage -- /home/breakcore/curso_progbr/experiencia_20/index.html [0ms]
[2022-03-09T01:01:32.587Z] > git symbolic-ref --short HEAD [0ms]
[2022-03-09T01:01:32.590Z] > git for-each-ref --format=%(refname)%00%(upstream:short)%00%(objectname)%00%(upstream:track) refs/heads/master refs/remotes/master [1ms]
[2022-03-09T01:01:32.595Z] > git for-each-ref --sort -committerdate --format %(refname) %(objectname) %(*objectname) [2ms]
[2022-03-09T01:01:32.596Z] > git remote --verbose [1ms]
[2022-03-09T01:01:32.599Z] > git config --get commit.template [1ms]
[2022-03-09T01:06:53.167Z] > git symbolic-ref --short HEAD [1ms]
[2022-03-09T01:06:53.170Z] > git for-each-ref --format=%(refname)%00%(upstream:short)%00%(objectname)%00%(upstream:track) refs/heads/master refs/remotes/master [0ms]
[2022-03-09T01:06:53.175Z] > git for-each-ref --sort -committerdate --format %(refname) %(objectname) %(*objectname) [2ms]
[2022-03-09T01:06:53.175Z] > git remote --verbose [0ms]
[2022-03-09T01:06:53.182Z] > git config --get commit.template [1ms]
[2022-03-09T01:06:53.762Z] > git ls-files --stage -- /home/breakcore/curso_progbr/experiencia_20/style.css [0ms]
[2022-03-09T01:07:36.208Z] > git symbolic-ref --short HEAD [1ms]
[2022-03-09T01:07:36.212Z] > git for-each-ref --format=%(refname)%00%(upstream:short)%00%(objectname)%00%(upstream:track) refs/heads/master refs/remotes/master [1ms]
[2022-03-09T01:07:36.218Z] > git for-each-ref --sort -committerdate --format %(refname) %(objectname) %(*objectname) [2ms]
[2022-03-09T01:07:36.218Z] > git remote --verbose [0ms]
[2022-03-09T01:07:36.222Z] > git config --get commit.template [1ms]
[2022-03-09T01:07:51.740Z] > git symbolic-ref --short HEAD [1ms]
[2022-03-09T01:07:51.743Z] > git for-each-ref --format=%(refname)%00%(upstream:short)%00%(objectname)%00%(upstream:track) refs/heads/master refs/remotes/master [1ms]
[2022-03-09T01:07:51.747Z] > git for-each-ref --sort -committerdate --format %(refname) %(objectname) %(*objectname) [2ms]
[2022-03-09T01:07:51.747Z] > git remote --verbose [0ms]
[2022-03-09T01:07:51.752Z] > git config --get commit.template [1ms]
[2022-03-09T01:08:17.600Z] > git symbolic-ref --short HEAD [1ms]
[2022-03-09T01:08:17.604Z] > git for-each-ref --format=%(refname)%00%(upstream:short)%00%(objectname)%00%(upstream:track) refs/heads/master refs/remotes/master [0ms]
[2022-03-09T01:08:17.610Z] > git for-each-ref --sort -committerdate --format %(refname) %(objectname) %(*objectname) [3ms]
[2022-03-09T01:08:17.611Z] > git remote --verbose [1ms]
[2022-03-09T01:08:17.614Z] > git config --get commit.template [0ms]
[2022-03-09T01:08:29.529Z] > git symbolic-ref --short HEAD [1ms]
[2022-03-09T01:08:29.532Z] > git for-each-ref --format=%(refname)%00%(upstream:short)%00%(objectname)%00%(upstream:track) refs/heads/master refs/remotes/master [1ms]
[2022-03-09T01:08:29.539Z] > git for-each-ref --sort -committerdate --format %(refname) %(objectname) %(*objectname) [3ms]
[2022-03-09T01:08:29.540Z] > git remote --verbose [1ms]
[2022-03-09T01:08:29.544Z] > git config --get commit.template [1ms]
[2022-03-09T01:08:52.526Z] > git symbolic-ref --short HEAD [0ms]
[2022-03-09T01:08:52.531Z] > git for-each-ref --format=%(refname)%00%(upstream:short)%00%(objectname)%00%(upstream:track) refs/heads/master refs/remotes/master [2ms]
[2022-03-09T01:08:52.538Z] > git for-each-ref --sort -committerdate --format %(refname) %(objectname) %(*objectname) [4ms]
[2022-03-09T01:08:52.538Z] > git remote --verbose [0ms]
[2022-03-09T01:08:52.545Z] > git config --get commit.template [1ms]
[2022-03-09T01:09:16.552Z] > git symbolic-ref --short HEAD [1ms]
[2022-03-09T01:09:16.556Z] > git for-each-ref --format=%(refname)%00%(upstream:short)%00%(objectname)%00%(upstream:track) refs/heads/master refs/remotes/master [0ms]
[2022-03-09T01:09:16.561Z] > git for-each-ref --sort -committerdate --format %(refname) %(objectname) %(*objectname) [2ms]
[2022-03-09T01:09:16.561Z] > git remote --verbose [0ms]
[2022-03-09T01:09:16.565Z] > git config --get commit.template [0ms]
[2022-03-09T01:09:24.900Z] > git symbolic-ref --short HEAD [0ms]
[2022-03-09T01:09:24.905Z] > git for-each-ref --format=%(refname)%00%(upstream:short)%00%(objectname)%00%(upstream:track) refs/heads/master refs/remotes/master [0ms]
[2022-03-09T01:09:24.910Z] > git for-each-ref --sort -committerdate --format %(refname) %(objectname) %(*objectname) [2ms]
[2022-03-09T01:09:24.911Z] > git remote --verbose [1ms]
[2022-03-09T01:09:24.914Z] > git config --get commit.template [0ms]
[2022-03-09T01:09:34.943Z] > git symbolic-ref --short HEAD [0ms]
[2022-03-09T01:09:34.947Z] > git for-each-ref --format=%(refname)%00%(upstream:short)%00%(objectname)%00%(upstream:track) refs/heads/master refs/remotes/master [0ms]
[2022-03-09T01:09:34.954Z] > git for-each-ref --sort -committerdate --format %(refname) %(objectname) %(*objectname) [3ms]
[2022-03-09T01:09:34.954Z] > git remote --verbose [0ms]
[2022-03-09T01:09:34.962Z] > git config --get commit.template [1ms]
[2022-03-09T01:09:49.795Z] > git symbolic-ref --short HEAD [2ms]
[2022-03-09T01:09:49.801Z] > git for-each-ref --format=%(refname)%00%(upstream:short)%00%(objectname)%00%(upstream:track) refs/heads/master refs/remotes/master [0ms]
[2022-03-09T01:09:49.808Z] > git for-each-ref --sort -committerdate --format %(refname) %(objectname) %(*objectname) [3ms]
[2022-03-09T01:09:49.808Z] > git remote --verbose [1ms]
[2022-03-09T01:09:49.812Z] > git config --get commit.template [1ms]
[2022-03-09T01:09:56.914Z] > git symbolic-ref --short HEAD [1ms]
[2022-03-09T01:09:56.917Z] > git for-each-ref --format=%(refname)%00%(upstream:short)%00%(objectname)%00%(upstream:track) refs/heads/master refs/remotes/master [1ms]
[2022-03-09T01:09:56.924Z] > git for-each-ref --sort -committerdate --format %(refname) %(objectname) %(*objectname) [4ms]
[2022-03-09T01:09:56.925Z] > git remote --verbose [1ms]
[2022-03-09T01:09:56.930Z] > git config --get commit.template [1ms]
[2022-03-09T01:10:43.538Z] > git symbolic-ref --short HEAD [1ms]
[2022-03-09T01:10:43.541Z] > git for-each-ref --format=%(refname)%00%(upstream:short)%00%(objectname)%00%(upstream:track) refs/heads/master refs/remotes/master [1ms]
[2022-03-09T01:10:43.546Z] > git for-each-ref --sort -committerdate --format %(refname) %(objectname) %(*objectname) [3ms]
[2022-03-09T01:10:43.547Z] > git remote --verbose [2ms]
[2022-03-09T01:10:43.552Z] > git config --get commit.template [0ms]
[2022-03-09T01:11:02.035Z] > git symbolic-ref --short HEAD [1ms]
[2022-03-09T01:11:02.038Z] > git for-each-ref --format=%(refname)%00%(upstream:short)%00%(objectname)%00%(upstream:track) refs/heads/master refs/remotes/master [1ms]
[2022-03-09T01:11:02.042Z] > git for-each-ref --sort -committerdate --format %(refname) %(objectname) %(*objectname) [2ms]
[2022-03-09T01:11:02.042Z] > git remote --verbose [0ms]
[2022-03-09T01:11:02.046Z] > git config --get commit.template [1ms]
[2022-03-09T01:11:17.836Z] > git symbolic-ref --short HEAD [0ms]
[2022-03-09T01:11:17.840Z] > git for-each-ref --format=%(refname)%00%(upstream:short)%00%(objectname)%00%(upstream:track) refs/heads/master refs/remotes/master [1ms]
[2022-03-09T01:11:17.846Z] > git for-each-ref --sort -committerdate --format %(refname) %(objectname) %(*objectname) [3ms]
[2022-03-09T01:11:17.847Z] > git remote --verbose [1ms]
[2022-03-09T01:11:17.852Z] > git config --get commit.template [1ms]
[2022-03-09T01:11:39.270Z] > git symbolic-ref --short HEAD [0ms]
[2022-03-09T01:11:39.273Z] > git for-each-ref --format=%(refname)%00%(upstream:short)%00%(objectname)%00%(upstream:track) refs/heads/master refs/remotes/master [0ms]
[2022-03-09T01:11:39.279Z] > git for-each-ref --sort -committerdate --format %(refname) %(objectname) %(*objectname) [3ms]
[2022-03-09T01:11:39.279Z] > git remote --verbose [1ms]
[2022-03-09T01:11:39.283Z] > git config --get commit.template [1ms]
[2022-03-09T01:13:15.566Z] > git symbolic-ref --short HEAD [1ms]
[2022-03-09T01:13:15.570Z] > git for-each-ref --format=%(refname)%00%(upstream:short)%00%(objectname)%00%(upstream:track) refs/heads/master refs/remotes/master [1ms]
[2022-03-09T01:13:15.576Z] > git for-each-ref --sort -committerdate --format %(refname) %(objectname) %(*objectname) [4ms]
[2022-03-09T01:13:15.576Z] > git remote --verbose [0ms]
[2022-03-09T01:13:15.580Z] > git config --get commit.template [0ms]
[2022-03-09T01:13:25.171Z] > git symbolic-ref --short HEAD [1ms]
[2022-03-09T01:13:25.175Z] > git for-each-ref --format=%(refname)%00%(upstream:short)%00%(objectname)%00%(upstream:track) refs/heads/master refs/remotes/master [1ms]
[2022-03-09T01:13:25.182Z] > git for-each-ref --sort -committerdate --format %(refname) %(objectname) %(*objectname) [3ms]
[2022-03-09T01:13:25.183Z] > git remote --verbose [1ms]
[2022-03-09T01:13:25.188Z] > git config --get commit.template [1ms]
[2022-03-09T01:13:30.198Z] > git symbolic-ref --short HEAD [1ms]
[2022-03-09T01:13:30.202Z] > git for-each-ref --format=%(refname)%00%(upstream:short)%00%(objectname)%00%(upstream:track) refs/heads/master refs/remotes/master [1ms]
[2022-03-09T01:13:30.207Z] > git for-each-ref --sort -committerdate --format %(refname) %(objectname) %(*objectname) [3ms]
[2022-03-09T01:13:30.207Z] > git remote --verbose [1ms]
[2022-03-09T01:13:30.213Z] > git config --get commit.template [1ms]
[2022-03-09T01:13:35.223Z] > git symbolic-ref --short HEAD [0ms]
[2022-03-09T01:13:35.227Z] > git for-each-ref --format=%(refname)%00%(upstream:short)%00%(objectname)%00%(upstream:track) refs/heads/master refs/remotes/master [0ms]
[2022-03-09T01:13:35.233Z] > git for-each-ref --sort -committerdate --format %(refname) %(objectname) %(*objectname) [3ms]
[2022-03-09T01:13:35.233Z] > git remote --verbose [0ms]
[2022-03-09T01:13:35.237Z] > git config --get commit.template [0ms]
[2022-03-09T01:13:40.247Z] > git symbolic-ref --short HEAD [1ms]
[2022-03-09T01:13:40.252Z] > git for-each-ref --format=%(refname)%00%(upstream:short)%00%(objectname)%00%(upstream:track) refs/heads/master refs/remotes/master [1ms]
[2022-03-09T01:13:40.259Z] > git for-each-ref --sort -committerdate --format %(refname) %(objectname) %(*objectname) [4ms]
[2022-03-09T01:13:40.259Z] > git remote --verbose [1ms]
[2022-03-09T01:13:40.264Z] > git config --get commit.template [1ms]
[2022-03-09T01:14:29.785Z] > git symbolic-ref --short HEAD [0ms]
[2022-03-09T01:14:29.790Z] > git for-each-ref --format=%(refname)%00%(upstream:short)%00%(objectname)%00%(upstream:track) refs/heads/master refs/remotes/master [1ms]
[2022-03-09T01:14:29.797Z] > git for-each-ref --sort -committerdate --format %(refname) %(objectname) %(*objectname) [3ms]
[2022-03-09T01:14:29.797Z] > git remote --verbose [0ms]
[2022-03-09T01:14:29.801Z] > git config --get commit.template [0ms]
[2022-03-09T01:14:43.616Z] > git symbolic-ref --short HEAD [1ms]
[2022-03-09T01:14:43.619Z] > git for-each-ref --format=%(refname)%00%(upstream:short)%00%(objectname)%00%(upstream:track) refs/heads/master refs/remotes/master [0ms]
[2022-03-09T01:14:43.627Z] > git for-each-ref --sort -committerdate --format %(refname) %(objectname) %(*objectname) [4ms]
[2022-03-09T01:14:43.627Z] > git remote --verbose [1ms]
[2022-03-09T01:14:43.632Z] > git config --get commit.template [0ms]
[2022-03-09T01:14:48.645Z] > git symbolic-ref --short HEAD [1ms]
[2022-03-09T01:14:48.649Z] > git for-each-ref --format=%(refname)%00%(upstream:short)%00%(objectname)%00%(upstream:track) refs/heads/master refs/remotes/master [1ms]
[2022-03-09T01:14:48.655Z] > git for-each-ref --sort -committerdate --format %(refname) %(objectname) %(*objectname) [3ms]
[2022-03-09T01:14:48.655Z] > git remote --verbose [0ms]
[2022-03-09T01:14:48.662Z] > git config --get commit.template [2ms]
[2022-03-09T01:14:56.502Z] > git symbolic-ref --short HEAD [1ms]
[2022-03-09T01:14:56.505Z] > git for-each-ref --format=%(refname)%00%(upstream:short)%00%(objectname)%00%(upstream:track) refs/heads/master refs/remotes/master [0ms]
[2022-03-09T01:14:56.511Z] > git for-each-ref --sort -committerdate --format %(refname) %(objectname) %(*objectname) [3ms]
[2022-03-09T01:14:56.511Z] > git remote --verbose [0ms]
[2022-03-09T01:14:56.517Z] > git config --get commit.template [1ms]
[2022-03-09T01:15:02.040Z] > git symbolic-ref --short HEAD [0ms]
[2022-03-09T01:15:02.043Z] > git for-each-ref --format=%(refname)%00%(upstream:short)%00%(objectname)%00%(upstream:track) refs/heads/master refs/remotes/master [1ms]
[2022-03-09T01:15:02.048Z] > git for-each-ref --sort -committerdate --format %(refname) %(objectname) %(*objectname) [3ms]
[2022-03-09T01:15:02.048Z] > git remote --verbose [1ms]
[2022-03-09T01:15:02.053Z] > git config --get commit.template [0ms]
[2022-03-09T01:15:08.754Z] > git symbolic-ref --short HEAD [0ms]
[2022-03-09T01:15:08.758Z] > git for-each-ref --format=%(refname)%00%(upstream:short)%00%(objectname)%00%(upstream:track) refs/heads/master refs/remotes/master [1ms]
[2022-03-09T01:15:08.764Z] > git for-each-ref --sort -committerdate --format %(refname) %(objectname) %(*objectname) [3ms]
[2022-03-09T01:15:08.764Z] > git remote --verbose [0ms]
[2022-03-09T01:15:08.770Z] > git config --get commit.template [0ms]
[2022-03-09T01:17:24.276Z] > git symbolic-ref --short HEAD [1ms]
[2022-03-09T01:17:24.279Z] > git for-each-ref --format=%(refname)%00%(upstream:short)%00%(objectname)%00%(upstream:track) refs/heads/master refs/remotes/master [1ms]
[2022-03-09T01:17:24.286Z] > git for-each-ref --sort -committerdate --format %(refname) %(objectname) %(*objectname) [4ms]
[2022-03-09T01:17:24.286Z] > git remote --verbose [1ms]
[2022-03-09T01:17:24.291Z] > git config --get commit.template [0ms]
[2022-03-09T01:17:34.765Z] > git symbolic-ref --short HEAD [0ms]
[2022-03-09T01:17:34.769Z] > git for-each-ref --format=%(refname)%00%(upstream:short)%00%(objectname)%00%(upstream:track) refs/heads/master refs/remotes/master [1ms]
[2022-03-09T01:17:34.775Z] > git for-each-ref --sort -committerdate --format %(refname) %(objectname) %(*objectname) [4ms]
[2022-03-09T01:17:34.775Z] > git remote --verbose [1ms]
[2022-03-09T01:17:34.779Z] > git config --get commit.template [0ms]
[2022-03-09T01:17:51.430Z] > git symbolic-ref --short HEAD [1ms]
[2022-03-09T01:17:51.434Z] > git for-each-ref --format=%(refname)%00%(upstream:short)%00%(objectname)%00%(upstream:track) refs/heads/master refs/remotes/master [1ms]
[2022-03-09T01:17:51.442Z] > git for-each-ref --sort -committerdate --format %(refname) %(objectname) %(*objectname) [4ms]
[2022-03-09T01:17:51.442Z] > git remote --verbose [1ms]
[2022-03-09T01:17:51.447Z] > git config --get commit.template [1ms]
[2022-03-09T01:18:37.937Z] > git symbolic-ref --short HEAD [1ms]
[2022-03-09T01:18:37.940Z] > git for-each-ref --format=%(refname)%00%(upstream:short)%00%(objectname)%00%(upstream:track) refs/heads/master refs/remotes/master [1ms]
[2022-03-09T01:18:37.946Z] > git for-each-ref --sort -committerdate --format %(refname) %(objectname) %(*objectname) [3ms]
[2022-03-09T01:18:37.946Z] > git remote --verbose [1ms]
[2022-03-09T01:18:37.950Z] > git config --get commit.template [1ms]
[2022-03-09T01:18:43.122Z] > git ls-files --stage -- /home/breakcore/curso_progbr/experiencia_20/index.html [0ms]
[2022-03-09T01:19:04.978Z] > git ls-files --stage -- /home/breakcore/curso_progbr/funcao_calc()/index.html [1ms]
[2022-03-09T01:19:05.820Z] > git symbolic-ref --short HEAD [0ms]
[2022-03-09T01:19:05.825Z] > git for-each-ref --format=%(refname)%00%(upstream:short)%00%(objectname)%00%(upstream:track) refs/heads/master refs/remotes/master [1ms]
[2022-03-09T01:19:05.832Z] > git for-each-ref --sort -committerdate --format %(refname) %(objectname) %(*objectname) [3ms]
[2022-03-09T01:19:05.832Z] > git remote --verbose [0ms]
[2022-03-09T01:19:05.836Z] > git config --get commit.template [1ms]
[2022-03-09T01:19:22.732Z] > git ls-files --stage -- /home/breakcore/curso_progbr/20-funcao_calc()/index.html [1ms]
[2022-03-09T01:19:23.577Z] > git symbolic-ref --short HEAD [1ms]
[2022-03-09T01:19:23.581Z] > git for-each-ref --format=%(refname)%00%(upstream:short)%00%(objectname)%00%(upstream:track) refs/heads/master refs/remotes/master [1ms]
[2022-03-09T01:19:23.587Z] > git for-each-ref --sort -committerdate --format %(refname) %(objectname) %(*objectname) [3ms]
[2022-03-09T01:19:23.587Z] > git remote --verbose [0ms]
[2022-03-09T01:19:23.591Z] > git config --get commit.template [1ms]
[2022-03-09T01:19:34.140Z] > git ls-files --stage -- /home/breakcore/curso_progbr/20-funcao_calc()/style.css [1ms]
[2022-03-09T01:19:53.234Z] > git ls-files --stage -- /home/breakcore/curso_progbr/experiencia_01/index.html [1ms]
[2022-03-09T01:19:53.237Z] > git cat-file -s c221594c8463ad9e39b62e57c9c0a8784df30f67 [0ms]
[2022-03-09T01:20:18.673Z] > git ls-files --stage -- /home/breakcore/curso_progbr/01-cartao_de_visitas/index.html [0ms]
[2022-03-09T01:20:19.510Z] > git symbolic-ref --short HEAD [0ms]
[2022-03-09T01:20:19.513Z] > git for-each-ref --format=%(refname)%00%(upstream:short)%00%(objectname)%00%(upstream:track) refs/heads/master refs/remotes/master [1ms]
[2022-03-09T01:20:19.519Z] > git for-each-ref --sort -committerdate --format %(refname) %(objectname) %(*objectname) [3ms]
[2022-03-09T01:20:19.520Z] > git remote --verbose [1ms]
[2022-03-09T01:20:19.526Z] > git config --get commit.template [2ms]
[2022-03-09T01:20:23.510Z] > git ls-files --stage -- /home/breakcore/curso_progbr/experiencia_02/index.html [1ms]
[2022-03-09T01:20:23.514Z] > git cat-file -s f3e76bcf23a6e1d8079b1dc59c01c9c300bcfedd [1ms]
[2022-03-09T01:20:37.955Z] > git ls-files --stage -- /home/breakcore/curso_progbr/experiencia_02/style.css [1ms]
[2022-03-09T01:20:37.959Z] > git cat-file -s 902a2c019f98f87f17aa800e37969b099b866ec6 [0ms]
[2022-03-09T01:20:44.454Z] > git ls-files --stage -- /home/breakcore/curso_progbr/experiencia_02/index.html [0ms]
[2022-03-09T01:20:44.457Z] > git cat-file -s f3e76bcf23a6e1d8079b1dc59c01c9c300bcfedd [0ms]
[2022-03-09T01:20:54.813Z] > git symbolic-ref --short HEAD [1ms]
[2022-03-09T01:20:54.817Z] > git for-each-ref --format=%(refname)%00%(upstream:short)%00%(objectname)%00%(upstream:track) refs/heads/master refs/remotes/master [1ms]
[2022-03-09T01:20:54.822Z] > git for-each-ref --sort -committerdate --format %(refname) %(objectname) %(*objectname) [3ms]
[2022-03-09T01:20:54.822Z] > git remote --verbose [1ms]
[2022-03-09T01:20:54.826Z] > git config --get commit.template [0ms]
[2022-03-09T01:21:04.866Z] > git ls-files --stage -- /home/breakcore/curso_progbr/02-posicionamento/index.html [0ms]
[2022-03-09T01:21:05.688Z] > git symbolic-ref --short HEAD [1ms]
[2022-03-09T01:21:05.694Z] > git for-each-ref --format=%(refname)%00%(upstream:short)%00%(objectname)%00%(upstream:track) refs/heads/master refs/remotes/master [1ms]
[2022-03-09T01:21:05.700Z] > git for-each-ref --sort -committerdate --format %(refname) %(objectname) %(*objectname) [3ms]
[2022-03-09T01:21:05.700Z] > git remote --verbose [0ms]
[2022-03-09T01:21:05.705Z] > git config --get commit.template [1ms]
[2022-03-09T01:21:09.007Z] > git ls-files --stage -- /home/breakcore/curso_progbr/experiencia_03/index.html [1ms]
[2022-03-09T01:21:09.010Z] > git cat-file -s ee6b948c121fe3c239617c66f64a89e694928adc [0ms]
[2022-03-09T01:23:06.405Z] > git ls-files --stage -- /home/breakcore/curso_progbr/03-input_actions_and_methods/index.html [1ms]
[2022-03-09T01:23:07.223Z] > git symbolic-ref --short HEAD [1ms]
[2022-03-09T01:23:07.227Z] > git for-each-ref --format=%(refname)%00%(upstream:short)%00%(objectname)%00%(upstream:track) refs/heads/master refs/remotes/master [1ms]
[2022-03-09T01:23:07.235Z] > git for-each-ref --sort -committerdate --format %(refname) %(objectname) %(*objectname) [5ms]
[2022-03-09T01:23:07.235Z] > git remote --verbose [1ms]
[2022-03-09T01:23:07.241Z] > git config --get commit.template [1ms]
[2022-03-09T01:23:11.548Z] > git ls-files --stage -- /home/breakcore/curso_progbr/experiencia_04/index.html [1ms]
[2022-03-09T01:23:11.554Z] > git cat-file -s 40761241ba1888249278a2aaff063d5879b44498 [1ms]
[2022-03-09T01:23:13.693Z] > git ls-files --stage -- /home/breakcore/curso_progbr/experiencia_04/script.js [2ms]
[2022-03-09T01:23:13.698Z] > git cat-file -s 360d174a0c9132ec83a7e5637d327713a4045061 [0ms]
[2022-03-09T01:23:18.427Z] > git ls-files --stage -- /home/breakcore/curso_progbr/experiencia_04/index.html [1ms]
[2022-03-09T01:23:18.431Z] > git cat-file -s 40761241ba1888249278a2aaff063d5879b44498 [1ms]
[2022-03-09T01:23:39.121Z] > git ls-files --stage -- /home/breakcore/curso_progbr/experiencia_04/script.js [0ms]
[2022-03-09T01:23:39.125Z] > git cat-file -s 360d174a0c9132ec83a7e5637d327713a4045061 [1ms]
[2022-03-09T01:26:00.950Z] > git symbolic-ref --short HEAD [1ms]
[2022-03-09T01:26:00.953Z] > git for-each-ref --format=%(refname)%00%(upstream:short)%00%(objectname)%00%(upstream:track) refs/heads/master refs/remotes/master [0ms]
[2022-03-09T01:26:00.959Z] > git remote --verbose [0ms]
[2022-03-09T01:26:00.959Z] > git for-each-ref --sort -committerdate --format %(refname) %(objectname) %(*objectname) [3ms]
[2022-03-09T01:26:00.968Z] > git config --get commit.template [1ms]
[2022-03-09T01:26:56.815Z] > git symbolic-ref --short HEAD [1ms]
[2022-03-09T01:26:56.821Z] > git for-each-ref --format=%(refname)%00%(upstream:short)%00%(objectname)%00%(upstream:track) refs/heads/master refs/remotes/master [1ms]
[2022-03-09T01:26:56.829Z] > git for-each-ref --sort -committerdate --format %(refname) %(objectname) %(*objectname) [4ms]
[2022-03-09T01:26:56.830Z] > git remote --verbose [1ms]
[2022-03-09T01:26:56.835Z] > git config --get commit.template [1ms]
[2022-03-09T01:27:47.840Z] > git ls-files --stage -- /home/breakcore/curso_progbr/04-js_medias/script.js [1ms]
[2022-03-09T01:27:48.672Z] > git symbolic-ref --short HEAD [1ms]
[2022-03-09T01:27:48.677Z] > git for-each-ref --format=%(refname)%00%(upstream:short)%00%(objectname)%00%(upstream:track) refs/heads/master refs/remotes/master [1ms]
[2022-03-09T01:27:48.683Z] > git for-each-ref --sort -committerdate --format %(refname) %(objectname) %(*objectname) [3ms]
[2022-03-09T01:27:48.683Z] > git remote --verbose [1ms]
[2022-03-09T01:27:48.688Z] > git config --get commit.template [1ms]
[2022-03-09T01:28:04.595Z] > git ls-files --stage -- /home/breakcore/curso_progbr/experiencia_05/index.html [1ms]
[2022-03-09T01:28:04.598Z] > git cat-file -s 9f53e074f2914a0beba7aaa14ed2be70d6efc12d [0ms]
[2022-03-09T01:28:25.547Z] > git symbolic-ref --short HEAD [0ms]
[2022-03-09T01:28:25.551Z] > git for-each-ref --format=%(refname)%00%(upstream:short)%00%(objectname)%00%(upstream:track) refs/heads/master refs/remotes/master [0ms]
[2022-03-09T01:28:25.560Z] > git for-each-ref --sort -committerdate --format %(refname) %(objectname) %(*objectname) [4ms]
[2022-03-09T01:28:25.560Z] > git remote --verbose [0ms]
[2022-03-09T01:28:25.567Z] > git config --get commit.template [1ms]
[2022-03-09T01:28:29.302Z] > git ls-files --stage -- /home/breakcore/curso_progbr/experiencia_05/script.js [0ms]
[2022-03-09T01:28:29.308Z] > git cat-file -s afc3f6cc95210dffda8037beab995fa2febd589c [1ms]
[2022-03-09T01:29:10.149Z] > git ls-files --stage -- /home/breakcore/curso_progbr/05-js_orientacao_a_objetos/script.js [1ms]
[2022-03-09T01:29:10.976Z] > git symbolic-ref --short HEAD [1ms]
[2022-03-09T01:29:10.980Z] > git for-each-ref --format=%(refname)%00%(upstream:short)%00%(objectname)%00%(upstream:track) refs/heads/master refs/remotes/master [0ms]
[2022-03-09T01:29:10.991Z] > git for-each-ref --sort -committerdate --format %(refname) %(objectname) %(*objectname) [6ms]
[2022-03-09T01:29:10.991Z] > git remote --verbose [0ms]
[2022-03-09T01:29:10.996Z] > git config --get commit.template [0ms]
[2022-03-09T01:29:17.406Z] > git ls-files --stage -- /home/breakcore/curso_progbr/experiencia_06/index.html [1ms]
[2022-03-09T01:29:17.409Z] > git cat-file -s 9f53e074f2914a0beba7aaa14ed2be70d6efc12d [0ms]
[2022-03-09T01:29:22.223Z] > git ls-files --stage -- /home/breakcore/curso_progbr/experiencia_06/script.js [1ms]
[2022-03-09T01:29:22.229Z] > git cat-file -s 2191a8913a8c2394f357b81d849a6590393d333e [1ms]
[2022-03-09T01:31:10.681Z] > git ls-files --stage -- /home/breakcore/curso_progbr/06-js_orientacao_a_objetos_2/script.js [1ms]
[2022-03-09T01:31:11.519Z] > git symbolic-ref --short HEAD [1ms]
[2022-03-09T01:31:11.524Z] > git for-each-ref --format=%(refname)%00%(upstream:short)%00%(objectname)%00%(upstream:track) refs/heads/master refs/remotes/master [0ms]
[2022-03-09T01:31:11.531Z] > git for-each-ref --sort -committerdate --format %(refname) %(objectname) %(*objectname) [4ms]
[2022-03-09T01:31:11.531Z] > git remote --verbose [2ms]
[2022-03-09T01:31:11.539Z] > git config --get commit.template [1ms]
[2022-03-09T01:31:19.628Z] > git ls-files --stage -- /home/breakcore/curso_progbr/experiencia_07/index.html [1ms]
[2022-03-09T01:31:19.632Z] > git cat-file -s 2fc48787110947cea3ac0707e609e1385e615371 [1ms]
[2022-03-09T01:32:24.317Z] > git symbolic-ref --short HEAD [1ms]
[2022-03-09T01:32:24.323Z] > git for-each-ref --format=%(refname)%00%(upstream:short)%00%(objectname)%00%(upstream:track) refs/heads/master refs/remotes/master [1ms]
[2022-03-09T01:32:24.330Z] > git for-each-ref --sort -committerdate --format %(refname) %(objectname) %(*objectname) [3ms]
[2022-03-09T01:32:24.330Z] > git remote --verbose [0ms]
[2022-03-09T01:32:24.335Z] > git config --get commit.template [1ms]
[2022-03-09T01:32:48.205Z] > git symbolic-ref --short HEAD [0ms]
[2022-03-09T01:32:48.211Z] > git for-each-ref --format=%(refname)%00%(upstream:short)%00%(objectname)%00%(upstream:track) refs/heads/master refs/remotes/master [1ms]
[2022-03-09T01:32:48.221Z] > git for-each-ref --sort -committerdate --format %(refname) %(objectname) %(*objectname) [5ms]
[2022-03-09T01:32:48.221Z] > git remote --verbose [0ms]
[2022-03-09T01:32:48.226Z] > git config --get commit.template [1ms]
[2022-03-09T01:32:53.237Z] > git symbolic-ref --short HEAD [0ms]
[2022-03-09T01:32:53.241Z] > git for-each-ref --format=%(refname)%00%(upstream:short)%00%(objectname)%00%(upstream:track) refs/heads/master refs/remotes/master [0ms]
[2022-03-09T01:32:53.250Z] > git for-each-ref --sort -committerdate --format %(refname) %(objectname) %(*objectname) [4ms]
[2022-03-09T01:32:53.250Z] > git remote --verbose [1ms]
[2022-03-09T01:32:53.255Z] > git config --get commit.template [1ms]
[2022-03-09T01:33:18.007Z] > git symbolic-ref --short HEAD [0ms]
[2022-03-09T01:33:18.011Z] > git for-each-ref --format=%(refname)%00%(upstream:short)%00%(objectname)%00%(upstream:track) refs/heads/master refs/remotes/master [1ms]
[2022-03-09T01:33:18.021Z] > git for-each-ref --sort -committerdate --format %(refname) %(objectname) %(*objectname) [5ms]
[2022-03-09T01:33:18.021Z] > git remote --verbose [1ms]
[2022-03-09T01:33:18.026Z] > git config --get commit.template [0ms]
[2022-03-09T01:33:36.107Z] > git symbolic-ref --short HEAD [1ms]
[2022-03-09T01:33:36.110Z] > git for-each-ref --format=%(refname)%00%(upstream:short)%00%(objectname)%00%(upstream:track) refs/heads/master refs/remotes/master [1ms]
[2022-03-09T01:33:36.115Z] > git for-each-ref --sort -committerdate --format %(refname) %(objectname) %(*objectname) [3ms]
[2022-03-09T01:33:36.115Z] > git remote --verbose [0ms]
[2022-03-09T01:33:36.120Z] > git config --get commit.template [1ms]
[2022-03-09T01:34:06.449Z] > git symbolic-ref --short HEAD [1ms]
[2022-03-09T01:34:06.455Z] > git for-each-ref --format=%(refname)%00%(upstream:short)%00%(objectname)%00%(upstream:track) refs/heads/master refs/remotes/master [1ms]
[2022-03-09T01:34:06.460Z] > git for-each-ref --sort -committerdate --format %(refname) %(objectname) %(*objectname) [3ms]
[2022-03-09T01:34:06.460Z] > git remote --verbose [0ms]
[2022-03-09T01:34:06.466Z] > git config --get commit.template [1ms]
[2022-03-09T01:34:46.289Z] > git symbolic-ref --short HEAD [1ms]
[2022-03-09T01:34:46.293Z] > git for-each-ref --format=%(refname)%00%(upstream:short)%00%(objectname)%00%(upstream:track) refs/heads/master refs/remotes/master [0ms]
[2022-03-09T01:34:46.304Z] > git for-each-ref --sort -committerdate --format %(refname) %(objectname) %(*objectname) [5ms]
[2022-03-09T01:34:46.304Z] > git remote --verbose [0ms]
[2022-03-09T01:34:46.310Z] > git config --get commit.template [1ms]
[2022-03-09T01:34:56.105Z] > git symbolic-ref --short HEAD [1ms]
[2022-03-09T01:34:56.108Z] > git for-each-ref --format=%(refname)%00%(upstream:short)%00%(objectname)%00%(upstream:track) refs/heads/master refs/remotes/master [1ms]
[2022-03-09T01:34:56.113Z] > git for-each-ref --sort -committerdate --format %(refname) %(objectname) %(*objectname) [2ms]
[2022-03-09T01:34:56.114Z] > git remote --verbose [1ms]
[2022-03-09T01:34:56.120Z] > git config --get commit.template [1ms]
[2022-03-09T01:35:39.273Z] > git ls-files --stage -- /home/breakcore/curso_progbr/07-button_toggle_with_js/index.html [0ms]
[2022-03-09T01:35:40.097Z] > git symbolic-ref --short HEAD [1ms]
[2022-03-09T01:35:40.101Z] > git for-each-ref --format=%(refname)%00%(upstream:short)%00%(objectname)%00%(upstream:track) refs/heads/master refs/remotes/master [0ms]
[2022-03-09T01:35:40.106Z] > git for-each-ref --sort -committerdate --format %(refname) %(objectname) %(*objectname) [2ms]
[2022-03-09T01:35:40.107Z] > git remote --verbose [1ms]
[2022-03-09T01:35:40.111Z] > git config --get commit.template [1ms]
[2022-03-09T01:35:48.584Z] > git ls-files --stage -- /home/breakcore/curso_progbr/experiencia_08/index.html [0ms]
[2022-03-09T01:35:48.588Z] > git cat-file -s 0f01351b9dce7496d502129fc5a7f63300ef5ef0 [1ms]
[2022-03-09T01:36:21.172Z] > git symbolic-ref --short HEAD [1ms]
[2022-03-09T01:36:21.176Z] > git for-each-ref --format=%(refname)%00%(upstream:short)%00%(objectname)%00%(upstream:track) refs/heads/master refs/remotes/master [1ms]
[2022-03-09T01:36:21.181Z] > git for-each-ref --sort -committerdate --format %(refname) %(objectname) %(*objectname) [3ms]
[2022-03-09T01:36:21.181Z] > git remote --verbose [0ms]
[2022-03-09T01:36:21.187Z] > git config --get commit.template [1ms]
[2022-03-09T01:36:27.281Z] > git ls-files --stage -- /home/breakcore/curso_progbr/20-funcao_calc()_css/style.css [1ms]
[2022-03-09T01:36:29.998Z] > git ls-files --stage -- /home/breakcore/curso_progbr/experiencia_08/index.html [0ms]
[2022-03-09T01:36:30.003Z] > git cat-file -s 0f01351b9dce7496d502129fc5a7f63300ef5ef0 [1ms]
[2022-03-09T01:36:44.512Z] > git symbolic-ref --short HEAD [1ms]
[2022-03-09T01:36:44.517Z] > git for-each-ref --format=%(refname)%00%(upstream:short)%00%(objectname)%00%(upstream:track) refs/heads/master refs/remotes/master [1ms]
[2022-03-09T01:36:44.527Z] > git for-each-ref --sort -committerdate --format %(refname) %(objectname) %(*objectname) [6ms]
[2022-03-09T01:36:44.527Z] > git remote --verbose [1ms]
[2022-03-09T01:36:44.533Z] > git config --get commit.template [0ms]
[2022-03-09T01:37:41.480Z] > git ls-files --stage -- /home/breakcore/curso_progbr/08-events_and_style_js/index.html [1ms]
[2022-03-09T01:37:42.311Z] > git symbolic-ref --short HEAD [0ms]
[2022-03-09T01:37:42.315Z] > git for-each-ref --format=%(refname)%00%(upstream:short)%00%(objectname)%00%(upstream:track) refs/heads/master refs/remotes/master [1ms]
[2022-03-09T01:37:42.320Z] > git for-each-ref --sort -committerdate --format %(refname) %(objectname) %(*objectname) [2ms]
[2022-03-09T01:37:42.320Z] > git remote --verbose [0ms]
[2022-03-09T01:37:42.327Z] > git config --get commit.template [1ms]
[2022-03-09T01:37:59.478Z] > git ls-files --stage -- /home/breakcore/curso_progbr/08-events_and_changing_style_with_js/index.html [0ms]
[2022-03-09T01:38:00.298Z] > git symbolic-ref --short HEAD [1ms]
[2022-03-09T01:38:00.302Z] > git for-each-ref --format=%(refname)%00%(upstream:short)%00%(objectname)%00%(upstream:track) refs/heads/master refs/remotes/master [0ms]
[2022-03-09T01:38:00.310Z] > git for-each-ref --sort -committerdate --format %(refname) %(objectname) %(*objectname) [4ms]
[2022-03-09T01:38:00.310Z] > git remote --verbose [1ms]
[2022-03-09T01:38:00.315Z] > git config --get commit.template [0ms]
[2022-03-09T01:38:11.294Z] > git ls-files --stage -- /home/breakcore/curso_progbr/08-events_and_style_with_js/index.html [1ms]
[2022-03-09T01:38:12.122Z] > git symbolic-ref --short HEAD [0ms]
[2022-03-09T01:38:12.126Z] > git for-each-ref --format=%(refname)%00%(upstream:short)%00%(objectname)%00%(upstream:track) refs/heads/master refs/remotes/master [1ms]
[2022-03-09T01:38:12.131Z] > git for-each-ref --sort -committerdate --format %(refname) %(objectname) %(*objectname) [3ms]
[2022-03-09T01:38:12.131Z] > git remote --verbose [0ms]
[2022-03-09T01:38:12.135Z] > git config --get commit.template [0ms]
[2022-03-09T01:38:14.912Z] > git ls-files --stage -- /home/breakcore/curso_progbr/experiencia_09/index.html [1ms]
[2022-03-09T01:38:14.916Z] > git cat-file -s d526eeb2be0099c1f515f53af18e8e92b9b746d3 [0ms]
[2022-03-09T01:40:22.327Z] > git symbolic-ref --short HEAD [1ms]
[2022-03-09T01:40:22.330Z] > git for-each-ref --format=%(refname)%00%(upstream:short)%00%(objectname)%00%(upstream:track) refs/heads/master refs/remotes/master [0ms]
[2022-03-09T01:40:22.338Z] > git for-each-ref --sort -committerdate --format %(refname) %(objectname) %(*objectname) [5ms]
[2022-03-09T01:40:22.339Z] > git remote --verbose [2ms]
[2022-03-09T01:40:22.344Z] > git config --get commit.template [0ms]
[2022-03-09T01:42:47.509Z] > git ls-files --stage -- /home/breakcore/curso_progbr/09-events_with_html_tags/index.html [1ms]
[2022-03-09T01:42:48.329Z] > git symbolic-ref --short HEAD [0ms]
[2022-03-09T01:42:48.335Z] > git for-each-ref --format=%(refname)%00%(upstream:short)%00%(objectname)%00%(upstream:track) refs/heads/master refs/remotes/master [1ms]
[2022-03-09T01:42:48.341Z] > git for-each-ref --sort -committerdate --format %(refname) %(objectname) %(*objectname) [3ms]
[2022-03-09T01:42:48.341Z] > git remote --verbose [0ms]
[2022-03-09T01:42:48.348Z] > git config --get commit.template [1ms]
[2022-03-09T01:42:51.885Z] > git ls-files --stage -- /home/breakcore/curso_progbr/experiencia_10/index.html [1ms]
[2022-03-09T01:42:51.888Z] > git cat-file -s 1b3c18b2206b4384b94bb3b03a78d8a0bbbae7bf [1ms]
[2022-03-09T01:43:39.953Z] > git ls-files --stage -- /home/breakcore/curso_progbr/10-random_number_with_math_lib/index.html [1ms]
[2022-03-09T01:43:40.780Z] > git symbolic-ref --short HEAD [0ms]
[2022-03-09T01:43:40.785Z] > git for-each-ref --format=%(refname)%00%(upstream:short)%00%(objectname)%00%(upstream:track) refs/heads/master refs/remotes/master [1ms]
[2022-03-09T01:43:40.790Z] > git for-each-ref --sort -committerdate --format %(refname) %(objectname) %(*objectname) [3ms]
[2022-03-09T01:43:40.790Z] > git remote --verbose [0ms]
[2022-03-09T01:43:40.795Z] > git config --get commit.template [1ms]
[2022-03-09T01:43:45.392Z] > git ls-files --stage -- /home/breakcore/curso_progbr/experiencia_11/index.html [1ms]
[2022-03-09T01:43:45.396Z] > git cat-file -s 3ebcf9fa1aed71db9c83d620ccbe09b101b381d2 [1ms]
[2022-03-09T01:44:16.215Z] > git symbolic-ref --short HEAD [1ms]
[2022-03-09T01:44:16.218Z] > git for-each-ref --format=%(refname)%00%(upstream:short)%00%(objectname)%00%(upstream:track) refs/heads/master refs/remotes/master [0ms]
[2022-03-09T01:44:16.223Z] > git for-each-ref --sort -committerdate --format %(refname) %(objectname) %(*objectname) [2ms]
[2022-03-09T01:44:16.223Z] > git remote --verbose [0ms]
[2022-03-09T01:44:16.228Z] > git config --get commit.template [1ms]
[2022-03-09T01:44:59.725Z] > git symbolic-ref --short HEAD [1ms]
[2022-03-09T01:44:59.731Z] > git for-each-ref --format=%(refname)%00%(upstream:short)%00%(objectname)%00%(upstream:track) refs/heads/master refs/remotes/master [1ms]
[2022-03-09T01:44:59.738Z] > git for-each-ref --sort -committerdate --format %(refname) %(objectname) %(*objectname) [2ms]
[2022-03-09T01:44:59.739Z] > git remote --verbose [1ms]
[2022-03-09T01:44:59.744Z] > git config --get commit.template [1ms]
[2022-03-09T01:45:12.536Z] > git symbolic-ref --short HEAD [1ms]
[2022-03-09T01:45:12.539Z] > git for-each-ref --format=%(refname)%00%(upstream:short)%00%(objectname)%00%(upstream:track) refs/heads/master refs/remotes/master [0ms]
[2022-03-09T01:45:12.544Z] > git for-each-ref --sort -committerdate --format %(refname) %(objectname) %(*objectname) [2ms]
[2022-03-09T01:45:12.544Z] > git remote --verbose [0ms]
[2022-03-09T01:45:12.550Z] > git config --get commit.template [1ms]
[2022-03-09T01:45:36.945Z] > git ls-files --stage -- /home/breakcore/curso_progbr/11-sorteio_js_com_html/index.html [0ms]
[2022-03-09T01:45:37.760Z] > git symbolic-ref --short HEAD [0ms]
[2022-03-09T01:45:37.764Z] > git for-each-ref --format=%(refname)%00%(upstream:short)%00%(objectname)%00%(upstream:track) refs/heads/master refs/remotes/master [1ms]
[2022-03-09T01:45:37.770Z] > git for-each-ref --sort -committerdate --format %(refname) %(objectname) %(*objectname) [2ms]
[2022-03-09T01:45:37.770Z] > git remote --verbose [0ms]
[2022-03-09T01:45:37.779Z] > git config --get commit.template [1ms]
[2022-03-09T01:46:02.691Z] > git symbolic-ref --short HEAD [0ms]
[2022-03-09T01:46:02.696Z] > git for-each-ref --format=%(refname)%00%(upstream:short)%00%(objectname)%00%(upstream:track) refs/heads/master refs/remotes/master [1ms]
[2022-03-09T01:46:02.706Z] > git for-each-ref --sort -committerdate --format %(refname) %(objectname) %(*objectname) [6ms]
[2022-03-09T01:46:02.706Z] > git remote --verbose [1ms]
[2022-03-09T01:46:02.711Z] > git config --get commit.template [1ms]
[2022-03-09T01:47:30.405Z] > git symbolic-ref --short HEAD [0ms]
[2022-03-09T01:47:30.410Z] > git for-each-ref --format=%(refname)%00%(upstream:short)%00%(objectname)%00%(upstream:track) refs/heads/master refs/remotes/master [1ms]
[2022-03-09T01:47:30.416Z] > git for-each-ref --sort -committerdate --format %(refname) %(objectname) %(*objectname) [3ms]
[2022-03-09T01:47:30.417Z] > git remote --verbose [1ms]
[2022-03-09T01:47:30.423Z] > git config --get commit.template [1ms]
[2022-03-09T01:47:58.367Z] > git ls-files --stage -- /home/breakcore/curso_progbr/experiencia_12/index.html [0ms]
[2022-03-09T01:47:58.370Z] > git cat-file -s b49fcacde930aba64161b007c7b0cc991da3d88d [0ms]
[2022-03-09T01:48:21.735Z] > git symbolic-ref --short HEAD [1ms]
[2022-03-09T01:48:21.740Z] > git for-each-ref --format=%(refname)%00%(upstream:short)%00%(objectname)%00%(upstream:track) refs/heads/master refs/remotes/master [1ms]
[2022-03-09T01:48:21.747Z] > git remote --verbose [1ms]
[2022-03-09T01:48:21.747Z] > git for-each-ref --sort -committerdate --format %(refname) %(objectname) %(*objectname) [4ms]
[2022-03-09T01:48:21.752Z] > git config --get commit.template [1ms]
[2022-03-09T01:48:23.609Z] > git ls-files --stage -- /home/breakcore/curso_progbr/experiencia_13/index.html [1ms]
[2022-03-09T01:48:47.066Z] > git ls-files --stage -- /home/breakcore/curso_progbr/experiencia_13/script.js [0ms]
[2022-03-09T01:48:52.016Z] > git ls-files --stage -- /home/breakcore/curso_progbr/experiencia_13/index.html [1ms]
[2022-03-09T01:48:55.270Z] > git ls-files --stage -- /home/breakcore/curso_progbr/experiencia_13/script.js [0ms]
[2022-03-09T01:49:40.908Z] > git ls-files --stage -- /home/breakcore/curso_progbr/experiencia_13/index.html [1ms]
[2022-03-09T01:50:06.636Z] > git ls-files --stage -- /home/breakcore/curso_progbr/13-creating_html_tags_with_js/index.html [1ms]
[2022-03-09T01:50:07.471Z] > git symbolic-ref --short HEAD [1ms]
[2022-03-09T01:50:07.475Z] > git for-each-ref --format=%(refname)%00%(upstream:short)%00%(objectname)%00%(upstream:track) refs/heads/master refs/remotes/master [1ms]
[2022-03-09T01:50:07.485Z] > git for-each-ref --sort -committerdate --format %(refname) %(objectname) %(*objectname) [4ms]
[2022-03-09T01:50:07.485Z] > git remote --verbose [1ms]
[2022-03-09T01:50:07.490Z] > git config --get commit.template [1ms]
[2022-03-09T01:50:15.137Z] > git ls-files --stage -- /home/breakcore/curso_progbr/experiencia_14/index.html [1ms]
[2022-03-09T01:51:32.830Z] > git ls-files --stage -- /home/breakcore/curso_progbr/14-video_player_with_js/index.html [1ms]
[2022-03-09T01:51:33.665Z] > git symbolic-ref --short HEAD [1ms]
[2022-03-09T01:51:33.670Z] > git for-each-ref --format=%(refname)%00%(upstream:short)%00%(objectname)%00%(upstream:track) refs/heads/master refs/remotes/master [0ms]
[2022-03-09T01:51:33.679Z] > git for-each-ref --sort -committerdate --format %(refname) %(objectname) %(*objectname) [5ms]
[2022-03-09T01:51:33.679Z] > git remote --verbose [1ms]
[2022-03-09T01:51:33.687Z] > git config --get commit.template [1ms]
[2022-03-09T01:51:45.278Z] > git ls-files --stage -- /home/breakcore/curso_progbr/experiencia_15/index.html [0ms]
[2022-03-09T01:51:59.256Z] > git ls-files --stage -- /home/breakcore/curso_progbr/experiencia_15/scipt.js [1ms]
[2022-03-09T01:52:06.794Z] > git ls-files --stage -- /home/breakcore/curso_progbr/experiencia_15/index.html [0ms]
[2022-03-09T01:52:09.882Z] > git ls-files --stage -- /home/breakcore/curso_progbr/experiencia_15/scipt.js [1ms]
[2022-03-09T01:52:25.828Z] > git ls-files --stage -- /home/breakcore/curso_progbr/15-animation_with_js/scipt.js [1ms]
[2022-03-09T01:52:26.670Z] > git symbolic-ref --short HEAD [1ms]
[2022-03-09T01:52:26.673Z] > git for-each-ref --format=%(refname)%00%(upstream:short)%00%(objectname)%00%(upstream:track) refs/heads/master refs/remotes/master [0ms]
[2022-03-09T01:52:26.679Z] > git for-each-ref --sort -committerdate --format %(refname) %(objectname) %(*objectname) [3ms]
[2022-03-09T01:52:26.679Z] > git remote --verbose [0ms]
[2022-03-09T01:52:26.687Z] > git config --get commit.template [2ms]
[2022-03-09T01:52:30.757Z] > git ls-files --stage -- /home/breakcore/curso_progbr/experiencia_16/index.html [1ms]
[2022-03-09T01:52:40.292Z] > git ls-files --stage -- /home/breakcore/curso_progbr/experiencia_16/script.js [1ms]
[2022-03-09T01:53:13.286Z] > git ls-files --stage -- /home/breakcore/curso_progbr/16-working_with_canvas_js/script.js [0ms]
[2022-03-09T01:53:14.106Z] > git symbolic-ref --short HEAD [1ms]
[2022-03-09T01:53:14.110Z] > git for-each-ref --format=%(refname)%00%(upstream:short)%00%(objectname)%00%(upstream:track) refs/heads/master refs/remotes/master [1ms]
[2022-03-09T01:53:14.117Z] > git for-each-ref --sort -committerdate --format %(refname) %(objectname) %(*objectname) [5ms]
[2022-03-09T01:53:14.118Z] > git remote --verbose [1ms]
[2022-03-09T01:53:14.124Z] > git config --get commit.template [1ms]
[2022-03-09T01:53:23.406Z] > git ls-files --stage -- /home/breakcore/curso_progbr/16-working_with_canvas_on_js/script.js [0ms]
[2022-03-09T01:53:24.180Z] > git symbolic-ref --short HEAD [1ms]
[2022-03-09T01:53:24.184Z] > git for-each-ref --format=%(refname)%00%(upstream:short)%00%(objectname)%00%(upstream:track) refs/heads/master refs/remotes/master [1ms]
[2022-03-09T01:53:24.193Z] > git for-each-ref --sort -committerdate --format %(refname) %(objectname) %(*objectname) [4ms]
[2022-03-09T01:53:24.193Z] > git remote --verbose [1ms]
[2022-03-09T01:53:24.198Z] > git config --get commit.template [0ms]
[2022-03-09T01:53:29.804Z] > git ls-files --stage -- /home/breakcore/curso_progbr/experiencia_17/index.html [0ms]
[2022-03-09T01:53:39.854Z] > git ls-files --stage -- /home/breakcore/curso_progbr/experiencia_17/style.css [1ms]
[2022-03-09T01:53:43.874Z] > git ls-files --stage -- /home/breakcore/curso_progbr/experiencia_17/index.html [1ms]
[2022-03-09T01:53:58.047Z] > git ls-files --stage -- /home/breakcore/curso_progbr/17-css_pseudo_elementos/index.html [0ms]
[2022-03-09T01:53:58.875Z] > git symbolic-ref --short HEAD [0ms]
[2022-03-09T01:53:58.881Z] > git for-each-ref --format=%(refname)%00%(upstream:short)%00%(objectname)%00%(upstream:track) refs/heads/master refs/remotes/master [1ms]
[2022-03-09T01:53:58.890Z] > git for-each-ref --sort -committerdate --format %(refname) %(objectname) %(*objectname) [4ms]
[2022-03-09T01:53:58.890Z] > git remote --verbose [1ms]
[2022-03-09T01:53:58.902Z] > git config --get commit.template [1ms]
[2022-03-09T01:54:06.923Z] > git ls-files --stage -- /home/breakcore/curso_progbr/experiencia_18/index.html [0ms]
[2022-03-09T01:54:27.719Z] > git ls-files --stage -- /home/breakcore/curso_progbr/18-seletores_css/index.html [0ms]
[2022-03-09T01:54:28.548Z] > git symbolic-ref --short HEAD [1ms]
[2022-03-09T01:54:28.551Z] > git for-each-ref --format=%(refname)%00%(upstream:short)%00%(objectname)%00%(upstream:track) refs/heads/master refs/remotes/master [1ms]
[2022-03-09T01:54:28.556Z] > git for-each-ref --sort -committerdate --format %(refname) %(objectname) %(*objectname) [2ms]
[2022-03-09T01:54:28.557Z] > git remote --verbose [1ms]
[2022-03-09T01:54:28.563Z] > git config --get commit.template [1ms]
[2022-03-09T01:54:32.484Z] > git ls-files --stage -- /home/breakcore/curso_progbr/experiencia_19/index.html [1ms]
[2022-03-09T01:54:49.371Z] > git ls-files --stage -- /home/breakcore/curso_progbr/19-pseudo_classes_css/index.html [0ms]
[2022-03-09T01:54:50.141Z] > git symbolic-ref --short HEAD [1ms]
[2022-03-09T01:54:50.144Z] > git for-each-ref --format=%(refname)%00%(upstream:short)%00%(objectname)%00%(upstream:track) refs/heads/master refs/remotes/master [1ms]
[2022-03-09T01:54:50.149Z] > git for-each-ref --sort -committerdate --format %(refname) %(objectname) %(*objectname) [3ms]
[2022-03-09T01:54:50.149Z] > git remote --verbose [1ms]
[2022-03-09T01:54:50.156Z] > git config --get commit.template [2ms]
[2022-03-09T01:54:57.277Z] > git ls-files --stage -- /home/breakcore/curso_progbr/20-funcao_calc()_css/index.html [1ms]
[2022-03-09T01:55:53.896Z] > git symbolic-ref --short HEAD [1ms]
[2022-03-09T01:55:53.900Z] > git for-each-ref --format=%(refname)%00%(upstream:short)%00%(objectname)%00%(upstream:track) refs/heads/master refs/remotes/master [0ms]
[2022-03-09T01:55:53.906Z] > git for-each-ref --sort -committerdate --format %(refname) %(objectname) %(*objectname) [3ms]
[2022-03-09T01:55:53.906Z] > git remote --verbose [1ms]
[2022-03-09T01:55:53.913Z] > git config --get commit.template [1ms]
[2022-03-09T01:56:00.850Z] > git symbolic-ref --short HEAD [1ms]
[2022-03-09T01:56:00.853Z] > git for-each-ref --format=%(refname)%00%(upstream:short)%00%(objectname)%00%(upstream:track) refs/heads/master refs/remotes/master [1ms]
[2022-03-09T01:56:00.858Z] > git for-each-ref --sort -committerdate --format %(refname) %(objectname) %(*objectname) [2ms]
[2022-03-09T01:56:00.858Z] > git remote --verbose [0ms]
[2022-03-09T01:56:00.864Z] > git config --get commit.template [1ms]
[2022-03-09T01:56:04.883Z] > git ls-files --stage -- /home/breakcore/curso_progbr/projeto_01/index.html [1ms]
[2022-03-09T01:56:04.888Z] > git cat-file -s 17dcdee22684a51445a31a4a94cb71c5ee3b4480 [1ms]
[2022-03-09T01:58:48.251Z] > git symbolic-ref --short HEAD [1ms]
[2022-03-09T01:58:48.255Z] > git for-each-ref --format=%(refname)%00%(upstream:short)%00%(objectname)%00%(upstream:track) refs/heads/master refs/remotes/master [1ms]
[2022-03-09T01:58:48.261Z] > git for-each-ref --sort -committerdate --format %(refname) %(objectname) %(*objectname) [3ms]
[2022-03-09T01:58:48.261Z] > git remote --verbose [0ms]
[2022-03-09T01:58:48.266Z] > git config --get commit.template [1ms]
[2022-03-09T01:59:26.173Z] > git ls-files --stage -- /home/breakcore/curso_progbr/projeto_01/index.html [1ms]
[2022-03-09T01:59:26.176Z] > git cat-file -s 17dcdee22684a51445a31a4a94cb71c5ee3b4480 [0ms]
