["INFO" - 8:21:40 PM] Extension Name: esbenp.prettier-vscode.
["INFO" - 8:21:40 PM] Extension Version: 9.3.0.
["INFO" - 8:23:53 PM] Formatting file:///home/breakcore/curso_progbr/experiencia_19/index.html
["INFO" - 8:23:53 PM] Using ignore file (if present) at /home/breakcore/curso_progbr/.prettierignore
["INFO" - 8:23:53 PM] File Info:
{
  "ignored": false,
  "inferredParser": "html"
}
["INFO" - 8:23:53 PM] No local configuration (i.e. .prettierrc or .editorconfig) detected, falling back to VS Code configuration
["INFO" - 8:23:53 PM] Prettier Options:
{
  "arrowParens": "always",
  "bracketSpacing": true,
  "endOfLine": "lf",
  "htmlWhitespaceSensitivity": "css",
  "insertPragma": false,
  "jsxBracketSameLine": false,
  "jsxSingleQuote": false,
  "printWidth": 80,
  "proseWrap": "preserve",
  "quoteProps": "as-needed",
  "requirePragma": false,
  "semi": true,
  "singleQuote": false,
  "tabWidth": 2,
  "trailingComma": "es5",
  "useTabs": false,
  "vueIndentScriptAndStyle": false,
  "filepath": "/home/breakcore/curso_progbr/experiencia_19/index.html",
  "parser": "html"
}
["INFO" - 8:23:53 PM] Formatting completed in 0.034ms.
["INFO" - 8:30:47 PM] Formatting file:///home/breakcore/curso_progbr/experiencia_19/index.html
["INFO" - 8:30:47 PM] Using ignore file (if present) at /home/breakcore/curso_progbr/.prettierignore
["INFO" - 8:30:47 PM] File Info:
{
  "ignored": false,
  "inferredParser": "html"
}
["INFO" - 8:30:47 PM] No local configuration (i.e. .prettierrc or .editorconfig) detected, falling back to VS Code configuration
["INFO" - 8:30:47 PM] Prettier Options:
{
  "arrowParens": "always",
  "bracketSpacing": true,
  "endOfLine": "lf",
  "htmlWhitespaceSensitivity": "css",
  "insertPragma": false,
  "jsxBracketSameLine": false,
  "jsxSingleQuote": false,
  "printWidth": 80,
  "proseWrap": "preserve",
  "quoteProps": "as-needed",
  "requirePragma": false,
  "semi": true,
  "singleQuote": false,
  "tabWidth": 2,
  "trailingComma": "es5",
  "useTabs": false,
  "vueIndentScriptAndStyle": false,
  "filepath": "/home/breakcore/curso_progbr/experiencia_19/index.html",
  "parser": "html"
}
["INFO" - 8:30:47 PM] Formatting completed in 0.031ms.
["INFO" - 8:50:16 PM] Formatting file:///home/breakcore/curso_progbr/experiencia_19/index.html
["INFO" - 8:50:16 PM] Using ignore file (if present) at /home/breakcore/curso_progbr/.prettierignore
["INFO" - 8:50:16 PM] File Info:
{
  "ignored": false,
  "inferredParser": "html"
}
["INFO" - 8:50:16 PM] No local configuration (i.e. .prettierrc or .editorconfig) detected, falling back to VS Code configuration
["INFO" - 8:50:16 PM] Prettier Options:
{
  "arrowParens": "always",
  "bracketSpacing": true,
  "endOfLine": "lf",
  "htmlWhitespaceSensitivity": "css",
  "insertPragma": false,
  "jsxBracketSameLine": false,
  "jsxSingleQuote": false,
  "printWidth": 80,
  "proseWrap": "preserve",
  "quoteProps": "as-needed",
  "requirePragma": false,
  "semi": true,
  "singleQuote": false,
  "tabWidth": 2,
  "trailingComma": "es5",
  "useTabs": false,
  "vueIndentScriptAndStyle": false,
  "filepath": "/home/breakcore/curso_progbr/experiencia_19/index.html",
  "parser": "html"
}
["INFO" - 8:50:16 PM] Formatting completed in 0.034ms.
["INFO" - 8:53:23 PM] Formatting file:///home/breakcore/curso_progbr/experiencia_19/style.css
["INFO" - 8:53:23 PM] Using ignore file (if present) at /home/breakcore/curso_progbr/.prettierignore
["INFO" - 8:53:23 PM] File Info:
{
  "ignored": false,
  "inferredParser": "css"
}
["INFO" - 8:53:23 PM] No local configuration (i.e. .prettierrc or .editorconfig) detected, falling back to VS Code configuration
["INFO" - 8:53:23 PM] Prettier Options:
{
  "arrowParens": "always",
  "bracketSpacing": true,
  "endOfLine": "lf",
  "htmlWhitespaceSensitivity": "css",
  "insertPragma": false,
  "jsxBracketSameLine": false,
  "jsxSingleQuote": false,
  "printWidth": 80,
  "proseWrap": "preserve",
  "quoteProps": "as-needed",
  "requirePragma": false,
  "semi": true,
  "singleQuote": false,
  "tabWidth": 2,
  "trailingComma": "es5",
  "useTabs": false,
  "vueIndentScriptAndStyle": false,
  "filepath": "/home/breakcore/curso_progbr/experiencia_19/style.css",
  "parser": "css"
}
["INFO" - 8:53:23 PM] Formatting completed in 0.034ms.
["INFO" - 8:53:41 PM] Formatting file:///home/breakcore/curso_progbr/experiencia_19/style.css
["INFO" - 8:53:41 PM] Using ignore file (if present) at /home/breakcore/curso_progbr/.prettierignore
["INFO" - 8:53:41 PM] File Info:
{
  "ignored": false,
  "inferredParser": "css"
}
["INFO" - 8:53:41 PM] No local configuration (i.e. .prettierrc or .editorconfig) detected, falling back to VS Code configuration
["INFO" - 8:53:41 PM] Prettier Options:
{
  "arrowParens": "always",
  "bracketSpacing": true,
  "endOfLine": "lf",
  "htmlWhitespaceSensitivity": "css",
  "insertPragma": false,
  "jsxBracketSameLine": false,
  "jsxSingleQuote": false,
  "printWidth": 80,
  "proseWrap": "preserve",
  "quoteProps": "as-needed",
  "requirePragma": false,
  "semi": true,
  "singleQuote": false,
  "tabWidth": 2,
  "trailingComma": "es5",
  "useTabs": false,
  "vueIndentScriptAndStyle": false,
  "filepath": "/home/breakcore/curso_progbr/experiencia_19/style.css",
  "parser": "css"
}
["INFO" - 8:53:41 PM] Formatting completed in 0.007ms.
["INFO" - 8:57:52 PM] Formatting file:///home/breakcore/curso_progbr/experiencia_19/style.css
["INFO" - 8:57:52 PM] Using ignore file (if present) at /home/breakcore/curso_progbr/.prettierignore
["INFO" - 8:57:52 PM] File Info:
{
  "ignored": false,
  "inferredParser": "css"
}
["INFO" - 8:57:52 PM] No local configuration (i.e. .prettierrc or .editorconfig) detected, falling back to VS Code configuration
["INFO" - 8:57:52 PM] Prettier Options:
{
  "arrowParens": "always",
  "bracketSpacing": true,
  "endOfLine": "lf",
  "htmlWhitespaceSensitivity": "css",
  "insertPragma": false,
  "jsxBracketSameLine": false,
  "jsxSingleQuote": false,
  "printWidth": 80,
  "proseWrap": "preserve",
  "quoteProps": "as-needed",
  "requirePragma": false,
  "semi": true,
  "singleQuote": false,
  "tabWidth": 2,
  "trailingComma": "es5",
  "useTabs": false,
  "vueIndentScriptAndStyle": false,
  "filepath": "/home/breakcore/curso_progbr/experiencia_19/style.css",
  "parser": "css"
}
["ERROR" - 8:57:52 PM] Error formatting document.
["ERROR" - 8:57:52 PM] CssSyntaxError: Unclosed block (70:1)
  68 | */
  69 |
> 70 | li:nth-of-type(3n-2) {
     | ^
  71 |   background-color: black;
  72 |   color: white;
  73 |
SyntaxError: CssSyntaxError: Unclosed block (70:1)
  68 | */
  69 |
> 70 | li:nth-of-type(3n-2) {
     | ^
  71 |   background-color: black;
  72 |   color: white;
  73 |
    at e.exports (/home/breakcore/.vscode/extensions/esbenp.prettier-vscode-9.3.0/node_modules/prettier/parser-postcss.js:1:187375)
    at T (/home/breakcore/.vscode/extensions/esbenp.prettier-vscode-9.3.0/node_modules/prettier/parser-postcss.js:1:200878)
    at N (/home/breakcore/.vscode/extensions/esbenp.prettier-vscode-9.3.0/node_modules/prettier/parser-postcss.js:1:201281)
    at Object.parse (/home/breakcore/.vscode/extensions/esbenp.prettier-vscode-9.3.0/node_modules/prettier/parser-postcss.js:1:201570)
    at Object.parse$d [as parse] (/home/breakcore/.vscode/extensions/esbenp.prettier-vscode-9.3.0/node_modules/prettier/index.js:12975:19)
    at coreFormat (/home/breakcore/.vscode/extensions/esbenp.prettier-vscode-9.3.0/node_modules/prettier/index.js:14525:16)
    at formatWithCursor$1 (/home/breakcore/.vscode/extensions/esbenp.prettier-vscode-9.3.0/node_modules/prettier/index.js:14765:14)
    at /home/breakcore/.vscode/extensions/esbenp.prettier-vscode-9.3.0/node_modules/prettier/index.js:60959:12
    at Object.Success [as format] (/home/breakcore/.vscode/extensions/esbenp.prettier-vscode-9.3.0/node_modules/prettier/index.js:60979:12)
    at t.default.format (/home/breakcore/.vscode/extensions/esbenp.prettier-vscode-9.3.0/src/PrettierEditService.ts:435:45)
    at t.PrettierEditProvider.provideEdits (/home/breakcore/.vscode/extensions/esbenp.prettier-vscode-9.3.0/src/PrettierEditService.ts:322:22)
    at y.provideDocumentFormattingEdits (/opt/visual-studio-code/resources/app/out/vs/workbench/api/node/extensionHostProcess.js:85:98503)
["INFO" - 8:57:52 PM] Formatting completed in 0.056ms.
["INFO" - 9:33:13 PM] Formatting file:///home/breakcore/curso_progbr/experiencia_07/index.html
["INFO" - 9:33:13 PM] Using ignore file (if present) at /home/breakcore/curso_progbr/.prettierignore
["INFO" - 9:33:13 PM] File Info:
{
  "ignored": false,
  "inferredParser": "html"
}
["INFO" - 9:33:13 PM] No local configuration (i.e. .prettierrc or .editorconfig) detected, falling back to VS Code configuration
["INFO" - 9:33:13 PM] Prettier Options:
{
  "arrowParens": "always",
  "bracketSpacing": true,
  "endOfLine": "lf",
  "htmlWhitespaceSensitivity": "css",
  "insertPragma": false,
  "jsxBracketSameLine": false,
  "jsxSingleQuote": false,
  "printWidth": 80,
  "proseWrap": "preserve",
  "quoteProps": "as-needed",
  "requirePragma": false,
  "semi": true,
  "singleQuote": false,
  "tabWidth": 2,
  "trailingComma": "es5",
  "useTabs": false,
  "vueIndentScriptAndStyle": false,
  "filepath": "/home/breakcore/curso_progbr/experiencia_07/index.html",
  "parser": "html"
}
["INFO" - 9:33:13 PM] Formatting completed in 0.048ms.
["INFO" - 9:34:54 PM] Formatting file:///home/breakcore/curso_progbr/experiencia_07/index.html
["INFO" - 9:34:54 PM] Using ignore file (if present) at /home/breakcore/curso_progbr/.prettierignore
["INFO" - 9:34:54 PM] File Info:
{
  "ignored": false,
  "inferredParser": "html"
}
["INFO" - 9:34:54 PM] No local configuration (i.e. .prettierrc or .editorconfig) detected, falling back to VS Code configuration
["INFO" - 9:34:54 PM] Prettier Options:
{
  "arrowParens": "always",
  "bracketSpacing": true,
  "endOfLine": "lf",
  "htmlWhitespaceSensitivity": "css",
  "insertPragma": false,
  "jsxBracketSameLine": false,
  "jsxSingleQuote": false,
  "printWidth": 80,
  "proseWrap": "preserve",
  "quoteProps": "as-needed",
  "requirePragma": false,
  "semi": true,
  "singleQuote": false,
  "tabWidth": 2,
  "trailingComma": "es5",
  "useTabs": false,
  "vueIndentScriptAndStyle": false,
  "filepath": "/home/breakcore/curso_progbr/experiencia_07/index.html",
  "parser": "html"
}
["INFO" - 9:34:54 PM] Formatting completed in 0.024ms.
["INFO" - 9:58:43 PM] Formatting file:///home/breakcore/curso_progbr/projeto_01/index.html
["INFO" - 9:58:43 PM] Using ignore file (if present) at /home/breakcore/curso_progbr/.prettierignore
["INFO" - 9:58:43 PM] File Info:
{
  "ignored": false,
  "inferredParser": "html"
}
["INFO" - 9:58:43 PM] No local configuration (i.e. .prettierrc or .editorconfig) detected, falling back to VS Code configuration
["INFO" - 9:58:43 PM] Prettier Options:
{
  "arrowParens": "always",
  "bracketSpacing": true,
  "endOfLine": "lf",
  "htmlWhitespaceSensitivity": "css",
  "insertPragma": false,
  "jsxBracketSameLine": false,
  "jsxSingleQuote": false,
  "printWidth": 80,
  "proseWrap": "preserve",
  "quoteProps": "as-needed",
  "requirePragma": false,
  "semi": true,
  "singleQuote": false,
  "tabWidth": 2,
  "trailingComma": "es5",
  "useTabs": false,
  "vueIndentScriptAndStyle": false,
  "filepath": "/home/breakcore/curso_progbr/projeto_01/index.html",
  "parser": "html"
}
["INFO" - 9:58:43 PM] Formatting completed in 0.071ms.
