[2022-03-03 06:16:00.149] [settingssync] [info] Using settings sync service https://vscode-sync.trafficmanager.net/
[2022-03-03 06:16:00.149] [settingssync] [info] Auto Sync is enabled.
[2022-03-03 06:16:00.149] [settingssync] [info] Auto Sync: Suspended until auth token is available.
[2022-03-03 06:16:01.422] [settingssync] [info] Auto Sync: Started
[2022-03-03 06:16:01.423] [settingssync] [info] Auto Sync: Triggered by Interval
[2022-03-03 06:16:02.796] [settingssync] [info] Settings: No changes found during synchronizing settings.
[2022-03-03 06:16:02.806] [settingssync] [info] Keybindings: No changes found during synchronizing keybindings.
[2022-03-03 06:16:02.811] [settingssync] [info] Snippets: No changes found during synchronizing snippets.
[2022-03-03 06:16:02.814] [settingssync] [info] Tasks: No changes found during synchronizing tasks.
[2022-03-03 06:16:03.387] [settingssync] [info] GlobalState: Updated remote ui state
[2022-03-03 06:16:03.411] [settingssync] [info] GlobalState: Updated last synchronized ui state
[2022-03-03 06:16:03.451] [settingssync] [info] Extensions: No changes found during synchronizing extensions.
[2022-03-03 06:16:03.452] [settingssync] [info] Sync done. Took 679ms
[2022-03-03 06:16:21.908] [settingssync] [info] Auto Sync: Triggered by Activity
[2022-03-03 06:16:22.266] [settingssync] [info] Settings: No changes found during synchronizing settings.
[2022-03-03 06:16:22.270] [settingssync] [info] Keybindings: No changes found during synchronizing keybindings.
[2022-03-03 06:16:22.274] [settingssync] [info] Snippets: No changes found during synchronizing snippets.
[2022-03-03 06:16:22.277] [settingssync] [info] Tasks: No changes found during synchronizing tasks.
[2022-03-03 06:16:22.281] [settingssync] [info] GlobalState: No changes found during synchronizing ui state.
[2022-03-03 06:16:22.355] [settingssync] [info] Extensions: No changes found during synchronizing extensions.
[2022-03-03 06:16:22.357] [settingssync] [info] Sync done. Took 105ms
[2022-03-03 06:17:00.570] [settingssync] [info] Auto Sync: Triggered by Activity
[2022-03-03 06:17:00.933] [settingssync] [info] Settings: No changes found during synchronizing settings.
[2022-03-03 06:17:00.936] [settingssync] [info] Keybindings: No changes found during synchronizing keybindings.
[2022-03-03 06:17:00.939] [settingssync] [info] Snippets: No changes found during synchronizing snippets.
[2022-03-03 06:17:00.941] [settingssync] [info] Tasks: No changes found during synchronizing tasks.
[2022-03-03 06:17:00.945] [settingssync] [info] GlobalState: No changes found during synchronizing ui state.
[2022-03-03 06:17:00.991] [settingssync] [info] Extensions: No changes found during synchronizing extensions.
[2022-03-03 06:17:00.992] [settingssync] [info] Sync done. Took 69ms
[2022-03-03 06:17:37.663] [settingssync] [info] Auto Sync: Triggered by Activity
[2022-03-03 06:17:38.021] [settingssync] [info] Settings: No changes found during synchronizing settings.
[2022-03-03 06:17:38.023] [settingssync] [info] Keybindings: No changes found during synchronizing keybindings.
[2022-03-03 06:17:38.025] [settingssync] [info] Snippets: No changes found during synchronizing snippets.
[2022-03-03 06:17:38.027] [settingssync] [info] Tasks: No changes found during synchronizing tasks.
[2022-03-03 06:17:38.030] [settingssync] [info] GlobalState: No changes found during synchronizing ui state.
[2022-03-03 06:17:38.068] [settingssync] [info] Extensions: No changes found during synchronizing extensions.
[2022-03-03 06:17:38.069] [settingssync] [info] Sync done. Took 57ms
[2022-03-03 06:17:58.497] [settingssync] [info] Auto Sync: Triggered by Activity
[2022-03-03 06:17:58.858] [settingssync] [info] Settings: No changes found during synchronizing settings.
[2022-03-03 06:17:58.861] [settingssync] [info] Keybindings: No changes found during synchronizing keybindings.
[2022-03-03 06:17:58.864] [settingssync] [info] Snippets: No changes found during synchronizing snippets.
[2022-03-03 06:17:58.868] [settingssync] [info] Tasks: No changes found during synchronizing tasks.
[2022-03-03 06:17:58.872] [settingssync] [info] GlobalState: No changes found during synchronizing ui state.
[2022-03-03 06:17:58.935] [settingssync] [info] Extensions: No changes found during synchronizing extensions.
[2022-03-03 06:17:58.936] [settingssync] [info] Sync done. Took 86ms
[2022-03-03 06:18:35.351] [settingssync] [info] Auto Sync: Triggered by Activity
[2022-03-03 06:18:35.714] [settingssync] [info] Settings: No changes found during synchronizing settings.
[2022-03-03 06:18:35.718] [settingssync] [info] Keybindings: No changes found during synchronizing keybindings.
[2022-03-03 06:18:35.721] [settingssync] [info] Snippets: No changes found during synchronizing snippets.
[2022-03-03 06:18:35.724] [settingssync] [info] Tasks: No changes found during synchronizing tasks.
[2022-03-03 06:18:35.729] [settingssync] [info] GlobalState: No changes found during synchronizing ui state.
[2022-03-03 06:18:35.792] [settingssync] [info] Extensions: No changes found during synchronizing extensions.
[2022-03-03 06:18:35.792] [settingssync] [info] Sync done. Took 92ms
[2022-03-03 06:19:00.161] [settingssync] [info] Auto Sync: Triggered by Activity
[2022-03-03 06:19:00.511] [settingssync] [info] Settings: No changes found during synchronizing settings.
[2022-03-03 06:19:00.514] [settingssync] [info] Keybindings: No changes found during synchronizing keybindings.
[2022-03-03 06:19:00.518] [settingssync] [info] Snippets: No changes found during synchronizing snippets.
[2022-03-03 06:19:00.521] [settingssync] [info] Tasks: No changes found during synchronizing tasks.
[2022-03-03 06:19:00.525] [settingssync] [info] GlobalState: No changes found during synchronizing ui state.
[2022-03-03 06:19:00.584] [settingssync] [info] Extensions: No changes found during synchronizing extensions.
[2022-03-03 06:19:00.586] [settingssync] [info] Sync done. Took 79ms
[2022-03-03 06:19:45.847] [settingssync] [info] Auto Sync: Triggered by Activity
[2022-03-03 06:19:46.198] [settingssync] [info] Settings: No changes found during synchronizing settings.
[2022-03-03 06:19:46.202] [settingssync] [info] Keybindings: No changes found during synchronizing keybindings.
[2022-03-03 06:19:46.206] [settingssync] [info] Snippets: No changes found during synchronizing snippets.
[2022-03-03 06:19:46.209] [settingssync] [info] Tasks: No changes found during synchronizing tasks.
[2022-03-03 06:19:46.216] [settingssync] [info] GlobalState: No changes found during synchronizing ui state.
[2022-03-03 06:19:46.281] [settingssync] [info] Extensions: No changes found during synchronizing extensions.
[2022-03-03 06:19:46.282] [settingssync] [info] Sync done. Took 91ms
[2022-03-03 06:21:19.511] [settingssync] [info] Auto Sync: Triggered by Activity
[2022-03-03 06:21:19.880] [settingssync] [info] Settings: No changes found during synchronizing settings.
[2022-03-03 06:21:19.884] [settingssync] [info] Keybindings: No changes found during synchronizing keybindings.
[2022-03-03 06:21:19.888] [settingssync] [info] Snippets: No changes found during synchronizing snippets.
[2022-03-03 06:21:19.891] [settingssync] [info] Tasks: No changes found during synchronizing tasks.
[2022-03-03 06:21:19.896] [settingssync] [info] GlobalState: No changes found during synchronizing ui state.
[2022-03-03 06:21:19.958] [settingssync] [info] Extensions: No changes found during synchronizing extensions.
[2022-03-03 06:21:19.959] [settingssync] [info] Sync done. Took 94ms
[2022-03-03 06:21:50.390] [settingssync] [info] Auto Sync: Triggered by Activity
[2022-03-03 06:21:50.785] [settingssync] [info] Settings: No changes found during synchronizing settings.
[2022-03-03 06:21:50.788] [settingssync] [info] Keybindings: No changes found during synchronizing keybindings.
[2022-03-03 06:21:50.792] [settingssync] [info] Snippets: No changes found during synchronizing snippets.
[2022-03-03 06:21:50.794] [settingssync] [info] Tasks: No changes found during synchronizing tasks.
[2022-03-03 06:21:50.798] [settingssync] [info] GlobalState: No changes found during synchronizing ui state.
[2022-03-03 06:21:50.870] [settingssync] [info] Extensions: No changes found during synchronizing extensions.
[2022-03-03 06:21:50.872] [settingssync] [info] Sync done. Took 93ms
[2022-03-03 06:22:20.007] [settingssync] [info] Auto Sync: Triggered by Activity
[2022-03-03 06:22:20.367] [settingssync] [info] Settings: No changes found during synchronizing settings.
[2022-03-03 06:22:20.370] [settingssync] [info] Keybindings: No changes found during synchronizing keybindings.
[2022-03-03 06:22:20.373] [settingssync] [info] Snippets: No changes found during synchronizing snippets.
[2022-03-03 06:22:20.375] [settingssync] [info] Tasks: No changes found during synchronizing tasks.
[2022-03-03 06:22:20.378] [settingssync] [info] GlobalState: No changes found during synchronizing ui state.
[2022-03-03 06:22:20.415] [settingssync] [info] Extensions: No changes found during synchronizing extensions.
[2022-03-03 06:22:20.416] [settingssync] [info] Sync done. Took 58ms
[2022-03-03 06:24:00.600] [settingssync] [info] Auto Sync: Triggered by Activity
[2022-03-03 06:24:00.950] [settingssync] [info] Settings: No changes found during synchronizing settings.
[2022-03-03 06:24:00.952] [settingssync] [info] Keybindings: No changes found during synchronizing keybindings.
[2022-03-03 06:24:00.955] [settingssync] [info] Snippets: No changes found during synchronizing snippets.
[2022-03-03 06:24:00.957] [settingssync] [info] Tasks: No changes found during synchronizing tasks.
[2022-03-03 06:24:00.960] [settingssync] [info] GlobalState: No changes found during synchronizing ui state.
[2022-03-03 06:24:00.997] [settingssync] [info] Extensions: No changes found during synchronizing extensions.
[2022-03-03 06:24:00.998] [settingssync] [info] Sync done. Took 53ms
[2022-03-03 06:25:22.339] [settingssync] [info] Auto Sync: Triggered by Activity
[2022-03-03 06:25:22.701] [settingssync] [info] Settings: No changes found during synchronizing settings.
[2022-03-03 06:25:22.705] [settingssync] [info] Keybindings: No changes found during synchronizing keybindings.
[2022-03-03 06:25:22.708] [settingssync] [info] Snippets: No changes found during synchronizing snippets.
[2022-03-03 06:25:22.711] [settingssync] [info] Tasks: No changes found during synchronizing tasks.
[2022-03-03 06:25:22.716] [settingssync] [info] GlobalState: No changes found during synchronizing ui state.
[2022-03-03 06:25:22.758] [settingssync] [info] Extensions: No changes found during synchronizing extensions.
[2022-03-03 06:25:22.759] [settingssync] [info] Sync done. Took 67ms
[2022-03-03 06:25:46.890] [settingssync] [info] Auto Sync: Triggered by Activity
[2022-03-03 06:25:47.245] [settingssync] [info] Settings: No changes found during synchronizing settings.
[2022-03-03 06:25:47.248] [settingssync] [info] Keybindings: No changes found during synchronizing keybindings.
[2022-03-03 06:25:47.251] [settingssync] [info] Snippets: No changes found during synchronizing snippets.
[2022-03-03 06:25:47.253] [settingssync] [info] Tasks: No changes found during synchronizing tasks.
[2022-03-03 06:25:47.255] [settingssync] [info] GlobalState: No changes found during synchronizing ui state.
[2022-03-03 06:25:47.301] [settingssync] [info] Extensions: No changes found during synchronizing extensions.
[2022-03-03 06:25:47.302] [settingssync] [info] Sync done. Took 66ms
[2022-03-03 06:26:02.237] [settingssync] [info] Auto Sync: Triggered by Activity
[2022-03-03 06:26:02.589] [settingssync] [info] Settings: No changes found during synchronizing settings.
[2022-03-03 06:26:02.592] [settingssync] [info] Keybindings: No changes found during synchronizing keybindings.
[2022-03-03 06:26:02.593] [settingssync] [info] Snippets: No changes found during synchronizing snippets.
[2022-03-03 06:26:02.595] [settingssync] [info] Tasks: No changes found during synchronizing tasks.
[2022-03-03 06:26:02.599] [settingssync] [info] GlobalState: No changes found during synchronizing ui state.
[2022-03-03 06:26:02.639] [settingssync] [info] Extensions: No changes found during synchronizing extensions.
[2022-03-03 06:26:02.640] [settingssync] [info] Sync done. Took 60ms
[2022-03-03 06:27:06.133] [settingssync] [info] Auto Sync: Triggered by Activity
[2022-03-03 06:27:06.494] [settingssync] [info] Settings: No changes found during synchronizing settings.
[2022-03-03 06:27:06.497] [settingssync] [info] Keybindings: No changes found during synchronizing keybindings.
[2022-03-03 06:27:06.500] [settingssync] [info] Snippets: No changes found during synchronizing snippets.
[2022-03-03 06:27:06.501] [settingssync] [info] Tasks: No changes found during synchronizing tasks.
[2022-03-03 06:27:06.503] [settingssync] [info] GlobalState: No changes found during synchronizing ui state.
[2022-03-03 06:27:06.538] [settingssync] [info] Extensions: No changes found during synchronizing extensions.
[2022-03-03 06:27:06.539] [settingssync] [info] Sync done. Took 60ms
[2022-03-03 06:28:29.883] [settingssync] [info] Auto Sync: Triggered by Activity
[2022-03-03 06:28:30.233] [settingssync] [info] Settings: No changes found during synchronizing settings.
[2022-03-03 06:28:30.235] [settingssync] [info] Keybindings: No changes found during synchronizing keybindings.
[2022-03-03 06:28:30.237] [settingssync] [info] Snippets: No changes found during synchronizing snippets.
[2022-03-03 06:28:30.239] [settingssync] [info] Tasks: No changes found during synchronizing tasks.
[2022-03-03 06:28:30.241] [settingssync] [info] GlobalState: No changes found during synchronizing ui state.
[2022-03-03 06:28:30.277] [settingssync] [info] Extensions: No changes found during synchronizing extensions.
[2022-03-03 06:28:30.278] [settingssync] [info] Sync done. Took 50ms
[2022-03-03 06:28:47.303] [settingssync] [info] Auto Sync: Triggered by Activity
[2022-03-03 06:28:47.663] [settingssync] [info] Settings: No changes found during synchronizing settings.
[2022-03-03 06:28:47.665] [settingssync] [info] Keybindings: No changes found during synchronizing keybindings.
[2022-03-03 06:28:47.667] [settingssync] [info] Snippets: No changes found during synchronizing snippets.
[2022-03-03 06:28:47.668] [settingssync] [info] Tasks: No changes found during synchronizing tasks.
[2022-03-03 06:28:47.671] [settingssync] [info] GlobalState: No changes found during synchronizing ui state.
[2022-03-03 06:28:47.705] [settingssync] [info] Extensions: No changes found during synchronizing extensions.
[2022-03-03 06:28:47.706] [settingssync] [info] Sync done. Took 50ms
[2022-03-03 06:29:20.262] [settingssync] [info] Auto Sync: Triggered by Activity
[2022-03-03 06:29:20.605] [settingssync] [info] Settings: No changes found during synchronizing settings.
[2022-03-03 06:29:20.608] [settingssync] [info] Keybindings: No changes found during synchronizing keybindings.
[2022-03-03 06:29:20.610] [settingssync] [info] Snippets: No changes found during synchronizing snippets.
[2022-03-03 06:29:20.615] [settingssync] [info] Tasks: No changes found during synchronizing tasks.
[2022-03-03 06:29:20.619] [settingssync] [info] GlobalState: No changes found during synchronizing ui state.
[2022-03-03 06:29:20.678] [settingssync] [info] Extensions: No changes found during synchronizing extensions.
[2022-03-03 06:29:20.679] [settingssync] [info] Sync done. Took 81ms
