[2022-03-08 20:21:39.350] [exthost] [info] Extension host with pid 28550 started
[2022-03-08 20:21:39.350] [exthost] [info] Skipping acquiring lock for /home/breakcore/.config/Code/User/workspaceStorage/81b721622354cd335c5df656e9ac5a63.
[2022-03-08 20:21:39.394] [exthost] [info] ExtensionService#_doActivateExtension vscode.html-language-features, startup: false, activationEvent: 'onLanguage:html'
[2022-03-08 20:21:39.408] [exthost] [info] ExtensionService#_doActivateExtension vscode.microsoft-authentication, startup: false, activationEvent: 'onAuthenticationRequest:microsoft'
[2022-03-08 20:21:39.419] [exthost] [info] ExtensionService#_doActivateExtension vscode.debug-auto-launch, startup: true, activationEvent: '*'
[2022-03-08 20:21:39.421] [exthost] [info] ExtensionService#_doActivateExtension vscode.git-base, startup: true, activationEvent: '*', root cause: vscode.github
[2022-03-08 20:21:39.423] [exthost] [info] ExtensionService#_doActivateExtension vscode.ipynb, startup: true, activationEvent: '*'
[2022-03-08 20:21:39.426] [exthost] [info] ExtensionService#_doActivateExtension ecmel.vscode-html-css, startup: true, activationEvent: '*'
[2022-03-08 20:21:39.445] [exthost] [info] ExtensionService#_doActivateExtension naumovs.color-highlight, startup: true, activationEvent: '*'
[2022-03-08 20:21:39.449] [exthost] [info] ExtensionService#_doActivateExtension Zignd.html-css-class-completion, startup: true, activationEvent: '*'
[2022-03-08 20:21:39.579] [exthost] [info] ExtensionService#_doActivateExtension vscode.git, startup: true, activationEvent: '*'
[2022-03-08 20:21:39.594] [exthost] [info] ExtensionService#_doActivateExtension vscode.github, startup: true, activationEvent: '*'
[2022-03-08 20:21:39.637] [exthost] [info] Eager extensions activated
[2022-03-08 20:21:39.669] [exthost] [info] ExtensionService#_doActivateExtension vscode.emmet, startup: false, activationEvent: 'onStartupFinished'
[2022-03-08 20:21:39.680] [exthost] [info] ExtensionService#_doActivateExtension vscode.merge-conflict, startup: false, activationEvent: 'onStartupFinished'
[2022-03-08 20:21:39.682] [exthost] [info] ExtensionService#_doActivateExtension esbenp.prettier-vscode, startup: false, activationEvent: 'onStartupFinished'
[2022-03-08 20:21:39.864] [exthost] [info] ExtensionService#_doActivateExtension PKief.material-icon-theme, startup: false, activationEvent: 'onStartupFinished'
[2022-03-08 20:21:39.869] [exthost] [info] ExtensionService#_doActivateExtension ritwickdey.LiveServer, startup: false, activationEvent: 'onStartupFinished'
[2022-03-08 20:21:45.269] [exthost] [info] ExtensionService#_doActivateExtension vscode.github-authentication, startup: false, activationEvent: 'onAuthenticationRequest:github'
[2022-03-08 20:21:46.987] [exthost] [info] ExtensionService#_doActivateExtension vscode.configuration-editing, startup: false, activationEvent: 'onLanguage:jsonc'
[2022-03-08 20:21:46.989] [exthost] [info] ExtensionService#_doActivateExtension vscode.json-language-features, startup: false, activationEvent: 'onLanguage:jsonc'
[2022-03-08 20:21:47.005] [exthost] [info] ExtensionService#_doActivateExtension vscode.typescript-language-features, startup: false, activationEvent: 'onLanguage:jsonc'
[2022-03-08 20:23:30.814] [exthost] [error] [ecmel.vscode-html-css] provider FAILED
[2022-03-08 20:23:30.814] [exthost] [error] undefined
[2022-03-08 20:24:00.152] [exthost] [error] [ecmel.vscode-html-css] provider FAILED
[2022-03-08 20:24:00.152] [exthost] [error] undefined
[2022-03-08 20:24:01.916] [exthost] [error] [ecmel.vscode-html-css] provider FAILED
[2022-03-08 20:24:01.916] [exthost] [error] undefined
[2022-03-08 20:24:21.780] [exthost] [error] [ecmel.vscode-html-css] provider FAILED
[2022-03-08 20:24:21.780] [exthost] [error] undefined
[2022-03-08 20:24:22.406] [exthost] [error] [ecmel.vscode-html-css] provider FAILED
[2022-03-08 20:24:22.406] [exthost] [error] undefined
[2022-03-08 20:24:41.656] [exthost] [info] ExtensionService#_doActivateExtension vscode.css-language-features, startup: false, activationEvent: 'onLanguage:css'
[2022-03-08 20:31:04.061] [exthost] [error] [ecmel.vscode-html-css] provider FAILED
[2022-03-08 20:31:04.062] [exthost] [error] undefined
[2022-03-08 20:31:05.911] [exthost] [error] [ecmel.vscode-html-css] provider FAILED
[2022-03-08 20:31:05.911] [exthost] [error] undefined
[2022-03-08 20:31:06.666] [exthost] [error] [ecmel.vscode-html-css] provider FAILED
[2022-03-08 20:31:06.666] [exthost] [error] undefined
[2022-03-08 20:31:07.060] [exthost] [error] [ecmel.vscode-html-css] provider FAILED
[2022-03-08 20:31:07.060] [exthost] [error] undefined
[2022-03-08 20:31:07.241] [exthost] [error] [ecmel.vscode-html-css] provider FAILED
[2022-03-08 20:31:07.241] [exthost] [error] undefined
[2022-03-08 20:42:33.756] [exthost] [error] [ecmel.vscode-html-css] provider FAILED
[2022-03-08 20:42:33.756] [exthost] [error] undefined
[2022-03-08 20:42:35.373] [exthost] [error] [ecmel.vscode-html-css] provider FAILED
[2022-03-08 20:42:35.373] [exthost] [error] undefined
[2022-03-08 20:42:36.238] [exthost] [error] [ecmel.vscode-html-css] provider FAILED
[2022-03-08 20:42:36.238] [exthost] [error] undefined
[2022-03-08 20:42:36.668] [exthost] [error] [ecmel.vscode-html-css] provider FAILED
[2022-03-08 20:42:36.668] [exthost] [error] undefined
[2022-03-08 20:51:52.507] [exthost] [error] [ecmel.vscode-html-css] provider FAILED
[2022-03-08 20:51:52.507] [exthost] [error] undefined
[2022-03-08 20:51:53.978] [exthost] [error] [ecmel.vscode-html-css] provider FAILED
[2022-03-08 20:51:53.978] [exthost] [error] undefined
[2022-03-08 20:51:54.751] [exthost] [error] [ecmel.vscode-html-css] provider FAILED
[2022-03-08 20:51:54.752] [exthost] [error] undefined
[2022-03-08 20:51:55.166] [exthost] [error] [ecmel.vscode-html-css] provider FAILED
[2022-03-08 20:51:55.166] [exthost] [error] undefined
[2022-03-08 21:01:24.144] [exthost] [error] [ecmel.vscode-html-css] provider FAILED
[2022-03-08 21:01:24.144] [exthost] [error] undefined
[2022-03-08 21:06:19.115] [exthost] [error] [ecmel.vscode-html-css] provider FAILED
[2022-03-08 21:06:19.115] [exthost] [error] undefined
[2022-03-08 21:06:20.713] [exthost] [error] [ecmel.vscode-html-css] provider FAILED
[2022-03-08 21:06:20.713] [exthost] [error] undefined
[2022-03-08 21:06:22.477] [exthost] [error] [ecmel.vscode-html-css] provider FAILED
[2022-03-08 21:06:22.477] [exthost] [error] undefined
[2022-03-08 21:06:33.151] [exthost] [error] [ecmel.vscode-html-css] provider FAILED
[2022-03-08 21:06:33.151] [exthost] [error] undefined
[2022-03-08 21:06:47.726] [exthost] [error] [ecmel.vscode-html-css] provider FAILED
[2022-03-08 21:06:47.727] [exthost] [error] undefined
[2022-03-08 21:19:40.592] [exthost] [info] ExtensionService#_doActivateExtension vscode.image-preview, startup: false, activationEvent: 'onCustomEditor:imagePreview.previewEditor'
[2022-03-08 21:20:49.543] [exthost] [error] [ecmel.vscode-html-css] provider FAILED
[2022-03-08 21:20:49.543] [exthost] [error] undefined
[2022-03-08 21:20:50.126] [exthost] [error] [ecmel.vscode-html-css] provider FAILED
[2022-03-08 21:20:50.126] [exthost] [error] undefined
[2022-03-08 21:20:50.236] [exthost] [error] [ecmel.vscode-html-css] provider FAILED
[2022-03-08 21:20:50.236] [exthost] [error] undefined
[2022-03-08 21:20:50.415] [exthost] [error] [ecmel.vscode-html-css] provider FAILED
[2022-03-08 21:20:50.415] [exthost] [error] undefined
[2022-03-08 21:20:50.505] [exthost] [error] [ecmel.vscode-html-css] provider FAILED
[2022-03-08 21:20:50.505] [exthost] [error] undefined
[2022-03-08 21:20:50.738] [exthost] [error] [ecmel.vscode-html-css] provider FAILED
[2022-03-08 21:20:50.738] [exthost] [error] undefined
[2022-03-08 21:20:50.956] [exthost] [error] [ecmel.vscode-html-css] provider FAILED
[2022-03-08 21:20:50.956] [exthost] [error] undefined
[2022-03-08 21:20:51.101] [exthost] [error] [ecmel.vscode-html-css] provider FAILED
[2022-03-08 21:20:51.101] [exthost] [error] undefined
[2022-03-08 21:20:51.259] [exthost] [error] [ecmel.vscode-html-css] provider FAILED
[2022-03-08 21:20:51.259] [exthost] [error] undefined
[2022-03-08 21:20:51.439] [exthost] [error] [ecmel.vscode-html-css] provider FAILED
[2022-03-08 21:20:51.439] [exthost] [error] undefined
[2022-03-08 21:20:51.620] [exthost] [error] [ecmel.vscode-html-css] provider FAILED
[2022-03-08 21:20:51.620] [exthost] [error] undefined
[2022-03-08 21:20:51.763] [exthost] [error] [ecmel.vscode-html-css] provider FAILED
[2022-03-08 21:20:51.763] [exthost] [error] undefined
[2022-03-08 21:20:51.889] [exthost] [error] [ecmel.vscode-html-css] provider FAILED
[2022-03-08 21:20:51.889] [exthost] [error] undefined
[2022-03-08 21:33:01.122] [exthost] [error] [ecmel.vscode-html-css] provider FAILED
[2022-03-08 21:33:01.122] [exthost] [error] undefined
[2022-03-08 21:33:04.130] [exthost] [error] [ecmel.vscode-html-css] provider FAILED
[2022-03-08 21:33:04.130] [exthost] [error] undefined
[2022-03-08 21:33:10.104] [exthost] [error] [ecmel.vscode-html-css] provider FAILED
[2022-03-08 21:33:10.104] [exthost] [error] undefined
[2022-03-08 21:33:11.989] [exthost] [error] [ecmel.vscode-html-css] provider FAILED
[2022-03-08 21:33:11.989] [exthost] [error] undefined
[2022-03-08 21:45:08.408] [exthost] [error] [ecmel.vscode-html-css] provider FAILED
[2022-03-08 21:45:08.408] [exthost] [error] undefined
[2022-03-08 21:45:09.989] [exthost] [error] [ecmel.vscode-html-css] provider FAILED
[2022-03-08 21:45:09.989] [exthost] [error] undefined
[2022-03-08 21:45:10.601] [exthost] [error] [ecmel.vscode-html-css] provider FAILED
[2022-03-08 21:45:10.601] [exthost] [error] undefined
[2022-03-08 21:45:50.840] [exthost] [error] [ecmel.vscode-html-css] provider FAILED
[2022-03-08 21:45:50.840] [exthost] [error] undefined
[2022-03-08 21:45:51.264] [exthost] [error] [ecmel.vscode-html-css] provider FAILED
[2022-03-08 21:45:51.264] [exthost] [error] undefined
[2022-03-08 21:45:51.426] [exthost] [error] [ecmel.vscode-html-css] provider FAILED
[2022-03-08 21:45:51.426] [exthost] [error] undefined
[2022-03-08 21:45:53.940] [exthost] [error] [ecmel.vscode-html-css] provider FAILED
[2022-03-08 21:45:53.940] [exthost] [error] undefined
[2022-03-08 21:45:57.601] [exthost] [error] [ecmel.vscode-html-css] provider FAILED
[2022-03-08 21:45:57.601] [exthost] [error] undefined
[2022-03-08 21:46:26.551] [exthost] [error] [ecmel.vscode-html-css] provider FAILED
[2022-03-08 21:46:26.551] [exthost] [error] undefined
[2022-03-08 21:46:26.762] [exthost] [error] [ecmel.vscode-html-css] provider FAILED
[2022-03-08 21:46:26.762] [exthost] [error] undefined
[2022-03-08 21:46:26.869] [exthost] [error] [ecmel.vscode-html-css] provider FAILED
[2022-03-08 21:46:26.870] [exthost] [error] undefined
[2022-03-08 21:46:27.032] [exthost] [error] [ecmel.vscode-html-css] provider FAILED
[2022-03-08 21:46:27.032] [exthost] [error] undefined
[2022-03-08 21:46:27.159] [exthost] [error] [ecmel.vscode-html-css] provider FAILED
[2022-03-08 21:46:27.159] [exthost] [error] undefined
[2022-03-08 21:46:30.270] [exthost] [error] [ecmel.vscode-html-css] provider FAILED
[2022-03-08 21:46:30.270] [exthost] [error] undefined
[2022-03-08 21:46:30.613] [exthost] [error] [ecmel.vscode-html-css] provider FAILED
[2022-03-08 21:46:30.613] [exthost] [error] undefined
[2022-03-08 21:46:30.809] [exthost] [error] [ecmel.vscode-html-css] provider FAILED
[2022-03-08 21:46:30.809] [exthost] [error] undefined
[2022-03-08 21:46:31.494] [exthost] [error] [ecmel.vscode-html-css] provider FAILED
[2022-03-08 21:46:31.494] [exthost] [error] undefined
[2022-03-08 21:46:32.159] [exthost] [error] [ecmel.vscode-html-css] provider FAILED
[2022-03-08 21:46:32.159] [exthost] [error] undefined
[2022-03-08 21:46:32.286] [exthost] [error] [ecmel.vscode-html-css] provider FAILED
[2022-03-08 21:46:32.286] [exthost] [error] undefined
[2022-03-08 21:46:32.536] [exthost] [error] [ecmel.vscode-html-css] provider FAILED
[2022-03-08 21:46:32.536] [exthost] [error] undefined
[2022-03-08 21:46:32.663] [exthost] [error] [ecmel.vscode-html-css] provider FAILED
[2022-03-08 21:46:32.664] [exthost] [error] undefined
[2022-03-08 21:46:32.878] [exthost] [error] [ecmel.vscode-html-css] provider FAILED
[2022-03-08 21:46:32.878] [exthost] [error] undefined
[2022-03-08 21:47:14.805] [exthost] [error] [ecmel.vscode-html-css] provider FAILED
[2022-03-08 21:47:14.805] [exthost] [error] undefined
[2022-03-08 21:47:16.857] [exthost] [error] [ecmel.vscode-html-css] provider FAILED
[2022-03-08 21:47:16.857] [exthost] [error] undefined
[2022-03-08 21:47:17.071] [exthost] [error] [ecmel.vscode-html-css] provider FAILED
[2022-03-08 21:47:17.071] [exthost] [error] undefined
[2022-03-08 21:47:17.160] [exthost] [error] [ecmel.vscode-html-css] provider FAILED
[2022-03-08 21:47:17.160] [exthost] [error] undefined
[2022-03-08 21:47:17.486] [exthost] [error] [ecmel.vscode-html-css] provider FAILED
[2022-03-08 21:47:17.486] [exthost] [error] undefined
[2022-03-08 21:47:17.790] [exthost] [error] [ecmel.vscode-html-css] provider FAILED
[2022-03-08 21:47:17.790] [exthost] [error] undefined
[2022-03-08 21:47:17.952] [exthost] [error] [ecmel.vscode-html-css] provider FAILED
[2022-03-08 21:47:17.952] [exthost] [error] undefined
[2022-03-08 21:47:18.548] [exthost] [error] [ecmel.vscode-html-css] provider FAILED
[2022-03-08 21:47:18.548] [exthost] [error] undefined
[2022-03-08 21:47:18.654] [exthost] [error] [ecmel.vscode-html-css] provider FAILED
[2022-03-08 21:47:18.654] [exthost] [error] undefined
[2022-03-08 21:47:25.297] [exthost] [error] [ecmel.vscode-html-css] provider FAILED
[2022-03-08 21:47:25.297] [exthost] [error] undefined
[2022-03-08 23:39:22.215] [exthost] [info] extension host terminating: renderer closed the socket
[2022-03-08 23:39:22.227] [exthost] [info] Extension host with pid 28550 exiting with code 0
