[2022-03-02 02:20:13.880] [settingssync] [info] Using settings sync service https://vscode-sync.trafficmanager.net/
[2022-03-02 02:20:13.880] [settingssync] [info] Auto Sync is enabled.
[2022-03-02 02:20:13.880] [settingssync] [info] Auto Sync: Suspended until auth token is available.
[2022-03-02 02:20:15.579] [settingssync] [info] Auto Sync: Started
[2022-03-02 02:20:15.579] [settingssync] [info] Auto Sync: Triggered by Interval
[2022-03-02 02:20:18.027] [settingssync] [info] Settings: No changes found during synchronizing settings.
[2022-03-02 02:20:18.036] [settingssync] [info] Keybindings: No changes found during synchronizing keybindings.
[2022-03-02 02:20:18.039] [settingssync] [info] Snippets: No changes found during synchronizing snippets.
[2022-03-02 02:20:18.043] [settingssync] [info] Tasks: No changes found during synchronizing tasks.
[2022-03-02 02:20:18.049] [settingssync] [info] GlobalState: No changes found during synchronizing ui state.
[2022-03-02 02:20:18.092] [settingssync] [info] Extensions: No changes found during synchronizing extensions.
[2022-03-02 02:20:18.093] [settingssync] [info] Sync done. Took 88ms
[2022-03-02 02:20:28.525] [settingssync] [info] Auto Sync: Triggered by Activity
[2022-03-02 02:20:28.894] [settingssync] [info] Settings: No changes found during synchronizing settings.
[2022-03-02 02:20:28.898] [settingssync] [info] Keybindings: No changes found during synchronizing keybindings.
[2022-03-02 02:20:28.902] [settingssync] [info] Snippets: No changes found during synchronizing snippets.
[2022-03-02 02:20:28.907] [settingssync] [info] Tasks: No changes found during synchronizing tasks.
[2022-03-02 02:20:28.916] [settingssync] [info] GlobalState: No changes found during synchronizing ui state.
[2022-03-02 02:20:28.978] [settingssync] [info] Extensions: No changes found during synchronizing extensions.
[2022-03-02 02:20:28.979] [settingssync] [info] Sync done. Took 92ms
[2022-03-02 02:20:52.744] [settingssync] [info] Auto Sync: Triggered by Activity
[2022-03-02 02:20:53.103] [settingssync] [info] Settings: No changes found during synchronizing settings.
[2022-03-02 02:20:53.107] [settingssync] [info] Keybindings: No changes found during synchronizing keybindings.
[2022-03-02 02:20:53.110] [settingssync] [info] Snippets: No changes found during synchronizing snippets.
[2022-03-02 02:20:53.112] [settingssync] [info] Tasks: No changes found during synchronizing tasks.
[2022-03-02 02:20:53.116] [settingssync] [info] GlobalState: No changes found during synchronizing ui state.
[2022-03-02 02:20:53.164] [settingssync] [info] Extensions: No changes found during synchronizing extensions.
[2022-03-02 02:20:53.164] [settingssync] [info] Sync done. Took 67ms
[2022-03-02 02:21:26.812] [settingssync] [info] Auto Sync: Triggered by Activity
[2022-03-02 02:21:27.175] [settingssync] [info] Settings: No changes found during synchronizing settings.
[2022-03-02 02:21:27.179] [settingssync] [info] Keybindings: No changes found during synchronizing keybindings.
[2022-03-02 02:21:27.185] [settingssync] [info] Snippets: No changes found during synchronizing snippets.
[2022-03-02 02:21:27.189] [settingssync] [info] Tasks: No changes found during synchronizing tasks.
[2022-03-02 02:21:27.194] [settingssync] [info] GlobalState: No changes found during synchronizing ui state.
[2022-03-02 02:21:27.260] [settingssync] [info] Extensions: No changes found during synchronizing extensions.
[2022-03-02 02:21:27.261] [settingssync] [info] Sync done. Took 90ms
