[Info  - 10:32:21.497] Reading sessions from secret storage...
[Info  - 10:32:21.554] Got 1 stored sessions
[Trace  - 10:32:21.554] Read the following stored session with scopes: email offline_access openid profile
[Info  - 10:32:21.554] Refreshing token for scopes: email offline_access openid profile
[Info  - 10:32:22.569] Setting token for scopes: email offline_access openid profile
[Info  - 10:32:22.569] Token refresh success for scopes: email offline_access openid profile
[Info  - 10:32:22.572] Getting sessions for the following scopes: email offline_access openid profile
[Info  - 10:32:22.572] Got 1 sessions for scopes: email offline_access openid profile
[Info  - 10:32:22.572] Token available from cache (for scopes email offline_access openid profile), expires in 3931997 milliseconds
[Info  - 11:16:03.901] Refreshing token for scopes: email offline_access openid profile
[Info  - 11:16:04.626] Setting token for scopes: email offline_access openid profile
[Info  - 11:16:04.626] Token refresh success for scopes: email offline_access openid profile
[Info  - 11:16:04.626] Triggering change session event...
[Info  - 11:16:04.630] Getting sessions for the following scopes: email offline_access openid profile
[Info  - 11:16:04.630] Got 1 sessions for scopes: email offline_access openid profile
[Info  - 11:16:04.630] Token available from cache (for scopes email offline_access openid profile), expires in 3785996 milliseconds
[Info  - 11:58:08.627] Refreshing token for scopes: email offline_access openid profile
[Info  - 11:58:09.186] Setting token for scopes: email offline_access openid profile
[Info  - 11:58:09.186] Token refresh success for scopes: email offline_access openid profile
[Info  - 11:58:09.186] Triggering change session event...
[Info  - 11:58:09.190] Getting sessions for the following scopes: email offline_access openid profile
[Info  - 11:58:09.190] Got 1 sessions for scopes: email offline_access openid profile
[Info  - 11:58:09.190] Token available from cache (for scopes email offline_access openid profile), expires in 4574996 milliseconds
[Info  - 12:48:59.835] Refreshing token for scopes: email offline_access openid profile
[Info  - 12:49:00.486] Setting token for scopes: email offline_access openid profile
[Info  - 12:49:00.486] Token refresh success for scopes: email offline_access openid profile
[Info  - 12:49:00.486] Triggering change session event...
[Info  - 12:49:00.489] Getting sessions for the following scopes: email offline_access openid profile
[Info  - 12:49:00.489] Got 1 sessions for scopes: email offline_access openid profile
[Info  - 12:49:00.489] Token available from cache (for scopes email offline_access openid profile), expires in 4344997 milliseconds
