[2022-03-08 06:32:21.143] [sharedprocess] [info] Deleted from disk ms-vscode.js-debug-nightly /home/breakcore/.vscode/extensions/ms-vscode.js-debug-nightly-2022.3.310
[2022-03-08 06:32:21.160] [sharedprocess] [info] Starting worker process with pid 5816 (type: fileWatcher, window: 1).
[2022-03-08 06:32:21.171] [sharedprocess] [info] Deleted from disk ms-vscode.vscode-typescript-next /home/breakcore/.vscode/extensions/ms-vscode.vscode-typescript-next-4.7.20220304
[2022-03-08 06:32:23.786] [sharedprocess] [info] Getting Manifest... ms-vscode.js-debug-nightly
[2022-03-08 06:32:23.787] [sharedprocess] [info] Getting Manifest... ms-vscode.vscode-typescript-next
[2022-03-08 06:32:23.788] [sharedprocess] [info] Getting Manifest... pkief.material-icon-theme
[2022-03-08 06:32:24.530] [sharedprocess] [info] Installing extension: pkief.material-icon-theme
[2022-03-08 06:32:24.927] [sharedprocess] [info] Installing extension: ms-vscode.vscode-typescript-next
[2022-03-08 06:32:24.937] [sharedprocess] [info] Installing extension: ms-vscode.js-debug-nightly
[2022-03-08 06:32:25.678] [sharedprocess] [info] Downloaded extension: pkief.material-icon-theme /home/breakcore/.config/Code/CachedExtensionVSIXs/pkief.material-icon-theme-4.14.1
[2022-03-08 06:32:26.049] [sharedprocess] [info] Extracted extension to /home/breakcore/.vscode/extensions/.d5fff57f-7714-4c3a-8e5a-0749a54f4c1d: pkief.material-icon-theme
[2022-03-08 06:32:26.070] [sharedprocess] [info] Renamed to /home/breakcore/.vscode/extensions/pkief.material-icon-theme-4.14.1
[2022-03-08 06:32:26.070] [sharedprocess] [info] Extracting completed. pkief.material-icon-theme
[2022-03-08 06:32:26.074] [sharedprocess] [info] Extension installed successfully: pkief.material-icon-theme
[2022-03-08 06:32:30.989] [sharedprocess] [info] Downloaded extension: ms-vscode.js-debug-nightly /home/breakcore/.config/Code/CachedExtensionVSIXs/ms-vscode.js-debug-nightly-2022.3.717
[2022-03-08 06:32:31.047] [sharedprocess] [info] Extracted extension to /home/breakcore/.vscode/extensions/.22e12296-7ccf-482b-b1be-edf29def94a4: ms-vscode.js-debug-nightly
[2022-03-08 06:32:31.078] [sharedprocess] [info] Renamed to /home/breakcore/.vscode/extensions/ms-vscode.js-debug-nightly-2022.3.717
[2022-03-08 06:32:31.082] [sharedprocess] [info] Extracting completed. ms-vscode.js-debug-nightly
[2022-03-08 06:32:31.091] [sharedprocess] [info] Extension installed successfully: ms-vscode.js-debug-nightly
[2022-03-08 06:32:37.361] [sharedprocess] [info] Downloaded extension: ms-vscode.vscode-typescript-next /home/breakcore/.config/Code/CachedExtensionVSIXs/ms-vscode.vscode-typescript-next-4.7.20220307
[2022-03-08 06:32:37.640] [sharedprocess] [info] Extracted extension to /home/breakcore/.vscode/extensions/.53955736-b265-4f03-ad00-c86923a54e64: ms-vscode.vscode-typescript-next
[2022-03-08 06:32:37.665] [sharedprocess] [info] Renamed to /home/breakcore/.vscode/extensions/ms-vscode.vscode-typescript-next-4.7.20220307
[2022-03-08 06:32:37.665] [sharedprocess] [info] Extracting completed. ms-vscode.vscode-typescript-next
[2022-03-08 06:32:37.668] [sharedprocess] [info] Extension installed successfully: ms-vscode.vscode-typescript-next
