[2022-03-02 02:06:49.947] [settingssync] [info] Using settings sync service https://vscode-sync.trafficmanager.net/
[2022-03-02 02:06:49.947] [settingssync] [info] Auto Sync is enabled.
[2022-03-02 02:06:49.947] [settingssync] [info] Auto Sync: Suspended until auth token is available.
[2022-03-02 02:06:51.228] [settingssync] [info] Auto Sync: Started
[2022-03-02 02:06:51.229] [settingssync] [info] Auto Sync: Triggered by Interval
[2022-03-02 02:06:52.796] [settingssync] [info] Settings: No changes found during synchronizing settings.
[2022-03-02 02:06:52.805] [settingssync] [info] Keybindings: No changes found during synchronizing keybindings.
[2022-03-02 02:06:52.810] [settingssync] [info] Snippets: No changes found during synchronizing snippets.
[2022-03-02 02:06:52.814] [settingssync] [info] Tasks: No changes found during synchronizing tasks.
[2022-03-02 02:06:52.820] [settingssync] [info] GlobalState: No changes found during synchronizing ui state.
[2022-03-02 02:06:52.858] [settingssync] [info] Extensions: No changes found during synchronizing extensions.
[2022-03-02 02:06:52.859] [settingssync] [info] Sync done. Took 84ms
[2022-03-02 02:07:36.033] [settingssync] [info] Auto Sync: Triggered by Activity
[2022-03-02 02:07:36.377] [settingssync] [info] Settings: No changes found during synchronizing settings.
[2022-03-02 02:07:36.381] [settingssync] [info] Keybindings: No changes found during synchronizing keybindings.
[2022-03-02 02:07:36.385] [settingssync] [info] Snippets: No changes found during synchronizing snippets.
[2022-03-02 02:07:36.388] [settingssync] [info] Tasks: No changes found during synchronizing tasks.
[2022-03-02 02:07:36.393] [settingssync] [info] GlobalState: No changes found during synchronizing ui state.
[2022-03-02 02:07:36.441] [settingssync] [info] Extensions: No changes found during synchronizing extensions.
[2022-03-02 02:07:36.442] [settingssync] [info] Sync done. Took 75ms
[2022-03-02 02:08:24.287] [settingssync] [info] Auto Sync: Triggered by Activity
[2022-03-02 02:08:24.634] [settingssync] [info] Settings: No changes found during synchronizing settings.
[2022-03-02 02:08:24.639] [settingssync] [info] Keybindings: No changes found during synchronizing keybindings.
[2022-03-02 02:08:24.642] [settingssync] [info] Snippets: No changes found during synchronizing snippets.
[2022-03-02 02:08:24.645] [settingssync] [info] Tasks: No changes found during synchronizing tasks.
[2022-03-02 02:08:24.649] [settingssync] [info] GlobalState: No changes found during synchronizing ui state.
[2022-03-02 02:08:24.712] [settingssync] [info] Extensions: No changes found during synchronizing extensions.
[2022-03-02 02:08:24.713] [settingssync] [info] Sync done. Took 88ms
[2022-03-02 02:08:42.598] [settingssync] [info] Auto Sync: Triggered by Activity
[2022-03-02 02:08:42.932] [settingssync] [info] Settings: No changes found during synchronizing settings.
[2022-03-02 02:08:42.935] [settingssync] [info] Keybindings: No changes found during synchronizing keybindings.
[2022-03-02 02:08:42.939] [settingssync] [info] Snippets: No changes found during synchronizing snippets.
[2022-03-02 02:08:42.942] [settingssync] [info] Tasks: No changes found during synchronizing tasks.
[2022-03-02 02:08:42.946] [settingssync] [info] GlobalState: No changes found during synchronizing ui state.
[2022-03-02 02:08:43.018] [settingssync] [info] Extensions: No changes found during synchronizing extensions.
[2022-03-02 02:08:43.019] [settingssync] [info] Sync done. Took 92ms
[2022-03-02 02:08:54.981] [settingssync] [info] Auto Sync: Triggered by Activity
[2022-03-02 02:08:55.325] [settingssync] [info] Settings: No changes found during synchronizing settings.
[2022-03-02 02:08:55.328] [settingssync] [info] Keybindings: No changes found during synchronizing keybindings.
[2022-03-02 02:08:55.332] [settingssync] [info] Snippets: No changes found during synchronizing snippets.
[2022-03-02 02:08:55.334] [settingssync] [info] Tasks: No changes found during synchronizing tasks.
[2022-03-02 02:08:55.338] [settingssync] [info] GlobalState: No changes found during synchronizing ui state.
[2022-03-02 02:08:55.378] [settingssync] [info] Extensions: No changes found during synchronizing extensions.
[2022-03-02 02:08:55.379] [settingssync] [info] Sync done. Took 60ms
