[Info  - 11:47:22.531] Reading sessions from secret storage...
[Info  - 11:47:22.575] Got 1 stored sessions
[Trace  - 11:47:22.575] Read the following stored session with scopes: email offline_access openid profile
[Info  - 11:47:22.575] Refreshing token for scopes: email offline_access openid profile
[Info  - 11:47:23.527] Setting token for scopes: email offline_access openid profile
[Info  - 11:47:23.527] Token refresh success for scopes: email offline_access openid profile
[Info  - 11:47:23.530] Getting sessions for the following scopes: email offline_access openid profile
[Info  - 11:47:23.530] Got 1 sessions for scopes: email offline_access openid profile
[Info  - 11:47:23.530] Token available from cache (for scopes email offline_access openid profile), expires in 4496997 milliseconds
[Info  - 12:28:28.23] Getting sessions for all scopes...
[Info  - 12:28:28.23] Got 1 sessions for all scopes...
[Info  - 12:37:21.527] Refreshing token for scopes: email offline_access openid profile
[Info  - 12:37:22.418] Setting token for scopes: email offline_access openid profile
[Info  - 12:37:22.418] Token refresh success for scopes: email offline_access openid profile
[Info  - 12:37:22.418] Triggering change session event...
[Info  - 12:37:22.422] Getting sessions for the following scopes: email offline_access openid profile
[Info  - 12:37:22.422] Got 1 sessions for scopes: email offline_access openid profile
[Info  - 12:37:22.422] Token available from cache (for scopes email offline_access openid profile), expires in 4866996 milliseconds
[Info  - 13:31:27.84] Refreshing token for scopes: email offline_access openid profile
[Info  - 13:31:27.723] Setting token for scopes: email offline_access openid profile
[Info  - 13:31:27.724] Token refresh success for scopes: email offline_access openid profile
[Info  - 13:31:27.724] Triggering change session event...
[Info  - 13:31:27.728] Getting sessions for the following scopes: email offline_access openid profile
[Info  - 13:31:27.728] Got 1 sessions for scopes: email offline_access openid profile
[Info  - 13:31:27.728] Token available from cache (for scopes email offline_access openid profile), expires in 5026995 milliseconds
[Info  - 14:27:19.56] Refreshing token for scopes: email offline_access openid profile
[Info  - 14:27:20.887] Setting token for scopes: email offline_access openid profile
[Info  - 14:27:20.887] Token refresh success for scopes: email offline_access openid profile
[Info  - 14:27:20.889] Triggering change session event...
[Info  - 14:27:20.892] Getting sessions for the following scopes: email offline_access openid profile
[Info  - 14:27:20.892] Got 1 sessions for scopes: email offline_access openid profile
[Info  - 14:27:20.892] Token available from cache (for scopes email offline_access openid profile), expires in 5012995 milliseconds
[Info  - 15:23:02.887] Refreshing token for scopes: email offline_access openid profile
[Info  - 15:23:03.628] Setting token for scopes: email offline_access openid profile
[Info  - 15:23:03.628] Token refresh success for scopes: email offline_access openid profile
[Info  - 15:23:03.628] Triggering change session event...
[Info  - 15:23:03.632] Getting sessions for the following scopes: email offline_access openid profile
[Info  - 15:23:03.632] Got 1 sessions for scopes: email offline_access openid profile
[Info  - 15:23:03.633] Token available from cache (for scopes email offline_access openid profile), expires in 3640995 milliseconds
[Info  - 16:03:30.962] Refreshing token for scopes: email offline_access openid profile
[Info  - 16:03:31.896] Setting token for scopes: email offline_access openid profile
[Info  - 16:03:31.896] Token refresh success for scopes: email offline_access openid profile
[Info  - 16:03:31.896] Triggering change session event...
[Info  - 16:03:31.900] Getting sessions for the following scopes: email offline_access openid profile
[Info  - 16:03:31.900] Got 1 sessions for scopes: email offline_access openid profile
[Info  - 16:03:31.900] Token available from cache (for scopes email offline_access openid profile), expires in 4155996 milliseconds
