["INFO" - 7:47:22 AM] Extension Name: esbenp.prettier-vscode.
["INFO" - 7:47:22 AM] Extension Version: 9.3.0.
["INFO" - 8:02:45 AM] Formatting file:///home/breakcore/curso_progbr/experiencia_15/index.html
["INFO" - 8:02:45 AM] Using ignore file (if present) at /home/breakcore/curso_progbr/.prettierignore
["INFO" - 8:02:45 AM] File Info:
{
  "ignored": false,
  "inferredParser": "html"
}
["INFO" - 8:02:45 AM] No local configuration (i.e. .prettierrc or .editorconfig) detected, falling back to VS Code configuration
["INFO" - 8:02:45 AM] Prettier Options:
{
  "arrowParens": "always",
  "bracketSpacing": true,
  "endOfLine": "lf",
  "htmlWhitespaceSensitivity": "css",
  "insertPragma": false,
  "jsxBracketSameLine": false,
  "jsxSingleQuote": false,
  "printWidth": 80,
  "proseWrap": "preserve",
  "quoteProps": "as-needed",
  "requirePragma": false,
  "semi": true,
  "singleQuote": false,
  "tabWidth": 2,
  "trailingComma": "es5",
  "useTabs": false,
  "vueIndentScriptAndStyle": false,
  "filepath": "/home/breakcore/curso_progbr/experiencia_15/index.html",
  "parser": "html"
}
["INFO" - 8:02:45 AM] Formatting completed in 0.071ms.
["INFO" - 8:04:28 AM] Formatting file:///home/breakcore/curso_progbr/experiencia_15/index.html
["INFO" - 8:04:28 AM] Using ignore file (if present) at /home/breakcore/curso_progbr/.prettierignore
["INFO" - 8:04:28 AM] File Info:
{
  "ignored": false,
  "inferredParser": "html"
}
["INFO" - 8:04:28 AM] No local configuration (i.e. .prettierrc or .editorconfig) detected, falling back to VS Code configuration
["INFO" - 8:04:28 AM] Prettier Options:
{
  "arrowParens": "always",
  "bracketSpacing": true,
  "endOfLine": "lf",
  "htmlWhitespaceSensitivity": "css",
  "insertPragma": false,
  "jsxBracketSameLine": false,
  "jsxSingleQuote": false,
  "printWidth": 80,
  "proseWrap": "preserve",
  "quoteProps": "as-needed",
  "requirePragma": false,
  "semi": true,
  "singleQuote": false,
  "tabWidth": 2,
  "trailingComma": "es5",
  "useTabs": false,
  "vueIndentScriptAndStyle": false,
  "filepath": "/home/breakcore/curso_progbr/experiencia_15/index.html",
  "parser": "html"
}
["INFO" - 8:04:28 AM] Formatting completed in 0.033ms.
["INFO" - 8:04:58 AM] Formatting file:///home/breakcore/curso_progbr/experiencia_15/scipt.js
["INFO" - 8:04:58 AM] Using ignore file (if present) at /home/breakcore/curso_progbr/.prettierignore
["INFO" - 8:04:58 AM] File Info:
{
  "ignored": false,
  "inferredParser": "babel"
}
["INFO" - 8:04:58 AM] No local configuration (i.e. .prettierrc or .editorconfig) detected, falling back to VS Code configuration
["INFO" - 8:04:58 AM] Prettier Options:
{
  "arrowParens": "always",
  "bracketSpacing": true,
  "endOfLine": "lf",
  "htmlWhitespaceSensitivity": "css",
  "insertPragma": false,
  "jsxBracketSameLine": false,
  "jsxSingleQuote": false,
  "printWidth": 80,
  "proseWrap": "preserve",
  "quoteProps": "as-needed",
  "requirePragma": false,
  "semi": true,
  "singleQuote": false,
  "tabWidth": 2,
  "trailingComma": "es5",
  "useTabs": false,
  "vueIndentScriptAndStyle": false,
  "filepath": "/home/breakcore/curso_progbr/experiencia_15/scipt.js",
  "parser": "babel"
}
["INFO" - 8:04:58 AM] Formatting completed in 0.016ms.
["INFO" - 8:06:07 AM] Formatting file:///home/breakcore/curso_progbr/experiencia_15/scipt.js
["INFO" - 8:06:07 AM] Using ignore file (if present) at /home/breakcore/curso_progbr/.prettierignore
["INFO" - 8:06:07 AM] File Info:
{
  "ignored": false,
  "inferredParser": "babel"
}
["INFO" - 8:06:07 AM] No local configuration (i.e. .prettierrc or .editorconfig) detected, falling back to VS Code configuration
["INFO" - 8:06:07 AM] Prettier Options:
{
  "arrowParens": "always",
  "bracketSpacing": true,
  "endOfLine": "lf",
  "htmlWhitespaceSensitivity": "css",
  "insertPragma": false,
  "jsxBracketSameLine": false,
  "jsxSingleQuote": false,
  "printWidth": 80,
  "proseWrap": "preserve",
  "quoteProps": "as-needed",
  "requirePragma": false,
  "semi": true,
  "singleQuote": false,
  "tabWidth": 2,
  "trailingComma": "es5",
  "useTabs": false,
  "vueIndentScriptAndStyle": false,
  "filepath": "/home/breakcore/curso_progbr/experiencia_15/scipt.js",
  "parser": "babel"
}
["INFO" - 8:06:07 AM] Formatting completed in 0.009ms.
["INFO" - 8:07:23 AM] Formatting file:///home/breakcore/curso_progbr/experiencia_15/scipt.js
["INFO" - 8:07:23 AM] Using ignore file (if present) at /home/breakcore/curso_progbr/.prettierignore
["INFO" - 8:07:23 AM] File Info:
{
  "ignored": false,
  "inferredParser": "babel"
}
["INFO" - 8:07:23 AM] No local configuration (i.e. .prettierrc or .editorconfig) detected, falling back to VS Code configuration
["INFO" - 8:07:23 AM] Prettier Options:
{
  "arrowParens": "always",
  "bracketSpacing": true,
  "endOfLine": "lf",
  "htmlWhitespaceSensitivity": "css",
  "insertPragma": false,
  "jsxBracketSameLine": false,
  "jsxSingleQuote": false,
  "printWidth": 80,
  "proseWrap": "preserve",
  "quoteProps": "as-needed",
  "requirePragma": false,
  "semi": true,
  "singleQuote": false,
  "tabWidth": 2,
  "trailingComma": "es5",
  "useTabs": false,
  "vueIndentScriptAndStyle": false,
  "filepath": "/home/breakcore/curso_progbr/experiencia_15/scipt.js",
  "parser": "babel"
}
["INFO" - 8:07:23 AM] Formatting completed in 0.009ms.
["INFO" - 8:08:11 AM] Formatting file:///home/breakcore/curso_progbr/experiencia_15/scipt.js
["INFO" - 8:08:11 AM] Using ignore file (if present) at /home/breakcore/curso_progbr/.prettierignore
["INFO" - 8:08:11 AM] File Info:
{
  "ignored": false,
  "inferredParser": "babel"
}
["INFO" - 8:08:11 AM] No local configuration (i.e. .prettierrc or .editorconfig) detected, falling back to VS Code configuration
["INFO" - 8:08:11 AM] Prettier Options:
{
  "arrowParens": "always",
  "bracketSpacing": true,
  "endOfLine": "lf",
  "htmlWhitespaceSensitivity": "css",
  "insertPragma": false,
  "jsxBracketSameLine": false,
  "jsxSingleQuote": false,
  "printWidth": 80,
  "proseWrap": "preserve",
  "quoteProps": "as-needed",
  "requirePragma": false,
  "semi": true,
  "singleQuote": false,
  "tabWidth": 2,
  "trailingComma": "es5",
  "useTabs": false,
  "vueIndentScriptAndStyle": false,
  "filepath": "/home/breakcore/curso_progbr/experiencia_15/scipt.js",
  "parser": "babel"
}
["INFO" - 8:08:11 AM] Formatting completed in 0.007ms.
["INFO" - 8:11:13 AM] Formatting file:///home/breakcore/curso_progbr/experiencia_16/index.html
["INFO" - 8:11:13 AM] Using ignore file (if present) at /home/breakcore/curso_progbr/.prettierignore
["INFO" - 8:11:13 AM] File Info:
{
  "ignored": false,
  "inferredParser": "html"
}
["INFO" - 8:11:13 AM] No local configuration (i.e. .prettierrc or .editorconfig) detected, falling back to VS Code configuration
["INFO" - 8:11:13 AM] Prettier Options:
{
  "arrowParens": "always",
  "bracketSpacing": true,
  "endOfLine": "lf",
  "htmlWhitespaceSensitivity": "css",
  "insertPragma": false,
  "jsxBracketSameLine": false,
  "jsxSingleQuote": false,
  "printWidth": 80,
  "proseWrap": "preserve",
  "quoteProps": "as-needed",
  "requirePragma": false,
  "semi": true,
  "singleQuote": false,
  "tabWidth": 2,
  "trailingComma": "es5",
  "useTabs": false,
  "vueIndentScriptAndStyle": false,
  "filepath": "/home/breakcore/curso_progbr/experiencia_16/index.html",
  "parser": "html"
}
["INFO" - 8:11:13 AM] Formatting completed in 0.017ms.
["INFO" - 8:13:42 AM] Formatting file:///home/breakcore/curso_progbr/experiencia_16/script.js
["INFO" - 8:13:42 AM] Using ignore file (if present) at /home/breakcore/curso_progbr/.prettierignore
["INFO" - 8:13:42 AM] File Info:
{
  "ignored": false,
  "inferredParser": "babel"
}
["INFO" - 8:13:42 AM] No local configuration (i.e. .prettierrc or .editorconfig) detected, falling back to VS Code configuration
["INFO" - 8:13:42 AM] Prettier Options:
{
  "arrowParens": "always",
  "bracketSpacing": true,
  "endOfLine": "lf",
  "htmlWhitespaceSensitivity": "css",
  "insertPragma": false,
  "jsxBracketSameLine": false,
  "jsxSingleQuote": false,
  "printWidth": 80,
  "proseWrap": "preserve",
  "quoteProps": "as-needed",
  "requirePragma": false,
  "semi": true,
  "singleQuote": false,
  "tabWidth": 2,
  "trailingComma": "es5",
  "useTabs": false,
  "vueIndentScriptAndStyle": false,
  "filepath": "/home/breakcore/curso_progbr/experiencia_16/script.js",
  "parser": "babel"
}
["INFO" - 8:13:42 AM] Formatting completed in 0.014ms.
["INFO" - 8:15:02 AM] Formatting file:///home/breakcore/curso_progbr/experiencia_16/script.js
["INFO" - 8:15:02 AM] Using ignore file (if present) at /home/breakcore/curso_progbr/.prettierignore
["INFO" - 8:15:02 AM] File Info:
{
  "ignored": false,
  "inferredParser": "babel"
}
["INFO" - 8:15:02 AM] No local configuration (i.e. .prettierrc or .editorconfig) detected, falling back to VS Code configuration
["INFO" - 8:15:02 AM] Prettier Options:
{
  "arrowParens": "always",
  "bracketSpacing": true,
  "endOfLine": "lf",
  "htmlWhitespaceSensitivity": "css",
  "insertPragma": false,
  "jsxBracketSameLine": false,
  "jsxSingleQuote": false,
  "printWidth": 80,
  "proseWrap": "preserve",
  "quoteProps": "as-needed",
  "requirePragma": false,
  "semi": true,
  "singleQuote": false,
  "tabWidth": 2,
  "trailingComma": "es5",
  "useTabs": false,
  "vueIndentScriptAndStyle": false,
  "filepath": "/home/breakcore/curso_progbr/experiencia_16/script.js",
  "parser": "babel"
}
["INFO" - 8:15:02 AM] Formatting completed in 0.005ms.
["INFO" - 8:18:42 AM] Formatting file:///home/breakcore/curso_progbr/experiencia_16/script.js
["INFO" - 8:18:42 AM] Using ignore file (if present) at /home/breakcore/curso_progbr/.prettierignore
["INFO" - 8:18:42 AM] File Info:
{
  "ignored": false,
  "inferredParser": "babel"
}
["INFO" - 8:18:42 AM] No local configuration (i.e. .prettierrc or .editorconfig) detected, falling back to VS Code configuration
["INFO" - 8:18:42 AM] Prettier Options:
{
  "arrowParens": "always",
  "bracketSpacing": true,
  "endOfLine": "lf",
  "htmlWhitespaceSensitivity": "css",
  "insertPragma": false,
  "jsxBracketSameLine": false,
  "jsxSingleQuote": false,
  "printWidth": 80,
  "proseWrap": "preserve",
  "quoteProps": "as-needed",
  "requirePragma": false,
  "semi": true,
  "singleQuote": false,
  "tabWidth": 2,
  "trailingComma": "es5",
  "useTabs": false,
  "vueIndentScriptAndStyle": false,
  "filepath": "/home/breakcore/curso_progbr/experiencia_16/script.js",
  "parser": "babel"
}
["INFO" - 8:18:42 AM] Formatting completed in 0.007ms.
["INFO" - 8:19:23 AM] Formatting file:///home/breakcore/curso_progbr/experiencia_16/script.js
["INFO" - 8:19:23 AM] Using ignore file (if present) at /home/breakcore/curso_progbr/.prettierignore
["INFO" - 8:19:23 AM] File Info:
{
  "ignored": false,
  "inferredParser": "babel"
}
["INFO" - 8:19:23 AM] No local configuration (i.e. .prettierrc or .editorconfig) detected, falling back to VS Code configuration
["INFO" - 8:19:23 AM] Prettier Options:
{
  "arrowParens": "always",
  "bracketSpacing": true,
  "endOfLine": "lf",
  "htmlWhitespaceSensitivity": "css",
  "insertPragma": false,
  "jsxBracketSameLine": false,
  "jsxSingleQuote": false,
  "printWidth": 80,
  "proseWrap": "preserve",
  "quoteProps": "as-needed",
  "requirePragma": false,
  "semi": true,
  "singleQuote": false,
  "tabWidth": 2,
  "trailingComma": "es5",
  "useTabs": false,
  "vueIndentScriptAndStyle": false,
  "filepath": "/home/breakcore/curso_progbr/experiencia_16/script.js",
  "parser": "babel"
}
["INFO" - 8:19:23 AM] Formatting completed in 0.007ms.
["INFO" - 8:19:36 AM] Formatting file:///home/breakcore/curso_progbr/experiencia_16/script.js
["INFO" - 8:19:36 AM] Using ignore file (if present) at /home/breakcore/curso_progbr/.prettierignore
["INFO" - 8:19:36 AM] File Info:
{
  "ignored": false,
  "inferredParser": "babel"
}
["INFO" - 8:19:36 AM] No local configuration (i.e. .prettierrc or .editorconfig) detected, falling back to VS Code configuration
["INFO" - 8:19:36 AM] Prettier Options:
{
  "arrowParens": "always",
  "bracketSpacing": true,
  "endOfLine": "lf",
  "htmlWhitespaceSensitivity": "css",
  "insertPragma": false,
  "jsxBracketSameLine": false,
  "jsxSingleQuote": false,
  "printWidth": 80,
  "proseWrap": "preserve",
  "quoteProps": "as-needed",
  "requirePragma": false,
  "semi": true,
  "singleQuote": false,
  "tabWidth": 2,
  "trailingComma": "es5",
  "useTabs": false,
  "vueIndentScriptAndStyle": false,
  "filepath": "/home/breakcore/curso_progbr/experiencia_16/script.js",
  "parser": "babel"
}
["INFO" - 8:19:36 AM] Formatting completed in 0.006ms.
["INFO" - 8:20:26 AM] Formatting file:///home/breakcore/curso_progbr/experiencia_16/script.js
["INFO" - 8:20:26 AM] Using ignore file (if present) at /home/breakcore/curso_progbr/.prettierignore
["INFO" - 8:20:26 AM] File Info:
{
  "ignored": false,
  "inferredParser": "babel"
}
["INFO" - 8:20:26 AM] No local configuration (i.e. .prettierrc or .editorconfig) detected, falling back to VS Code configuration
["INFO" - 8:20:26 AM] Prettier Options:
{
  "arrowParens": "always",
  "bracketSpacing": true,
  "endOfLine": "lf",
  "htmlWhitespaceSensitivity": "css",
  "insertPragma": false,
  "jsxBracketSameLine": false,
  "jsxSingleQuote": false,
  "printWidth": 80,
  "proseWrap": "preserve",
  "quoteProps": "as-needed",
  "requirePragma": false,
  "semi": true,
  "singleQuote": false,
  "tabWidth": 2,
  "trailingComma": "es5",
  "useTabs": false,
  "vueIndentScriptAndStyle": false,
  "filepath": "/home/breakcore/curso_progbr/experiencia_16/script.js",
  "parser": "babel"
}
["INFO" - 8:20:26 AM] Formatting completed in 0.007ms.
["INFO" - 8:30:53 AM] Formatting file:///home/breakcore/curso_progbr/experiencia_16/index.html
["INFO" - 8:30:53 AM] Using ignore file (if present) at /home/breakcore/curso_progbr/.prettierignore
["INFO" - 8:30:53 AM] File Info:
{
  "ignored": false,
  "inferredParser": "html"
}
["INFO" - 8:30:53 AM] No local configuration (i.e. .prettierrc or .editorconfig) detected, falling back to VS Code configuration
["INFO" - 8:30:53 AM] Prettier Options:
{
  "arrowParens": "always",
  "bracketSpacing": true,
  "endOfLine": "lf",
  "htmlWhitespaceSensitivity": "css",
  "insertPragma": false,
  "jsxBracketSameLine": false,
  "jsxSingleQuote": false,
  "printWidth": 80,
  "proseWrap": "preserve",
  "quoteProps": "as-needed",
  "requirePragma": false,
  "semi": true,
  "singleQuote": false,
  "tabWidth": 2,
  "trailingComma": "es5",
  "useTabs": false,
  "vueIndentScriptAndStyle": false,
  "filepath": "/home/breakcore/curso_progbr/experiencia_16/index.html",
  "parser": "html"
}
["INFO" - 8:30:53 AM] Formatting completed in 0.026ms.
["INFO" - 8:36:40 AM] Formatting file:///home/breakcore/curso_progbr/experiencia_16/script.js
["INFO" - 8:36:40 AM] Using ignore file (if present) at /home/breakcore/curso_progbr/.prettierignore
["INFO" - 8:36:40 AM] File Info:
{
  "ignored": false,
  "inferredParser": "babel"
}
["INFO" - 8:36:40 AM] No local configuration (i.e. .prettierrc or .editorconfig) detected, falling back to VS Code configuration
["INFO" - 8:36:40 AM] Prettier Options:
{
  "arrowParens": "always",
  "bracketSpacing": true,
  "endOfLine": "lf",
  "htmlWhitespaceSensitivity": "css",
  "insertPragma": false,
  "jsxBracketSameLine": false,
  "jsxSingleQuote": false,
  "printWidth": 80,
  "proseWrap": "preserve",
  "quoteProps": "as-needed",
  "requirePragma": false,
  "semi": true,
  "singleQuote": false,
  "tabWidth": 2,
  "trailingComma": "es5",
  "useTabs": false,
  "vueIndentScriptAndStyle": false,
  "filepath": "/home/breakcore/curso_progbr/experiencia_16/script.js",
  "parser": "babel"
}
["INFO" - 8:36:40 AM] Formatting completed in 0.021ms.
["INFO" - 8:37:04 AM] Formatting file:///home/breakcore/curso_progbr/experiencia_16/script.js
["INFO" - 8:37:04 AM] Using ignore file (if present) at /home/breakcore/curso_progbr/.prettierignore
["INFO" - 8:37:04 AM] File Info:
{
  "ignored": false,
  "inferredParser": "babel"
}
["INFO" - 8:37:04 AM] No local configuration (i.e. .prettierrc or .editorconfig) detected, falling back to VS Code configuration
["INFO" - 8:37:04 AM] Prettier Options:
{
  "arrowParens": "always",
  "bracketSpacing": true,
  "endOfLine": "lf",
  "htmlWhitespaceSensitivity": "css",
  "insertPragma": false,
  "jsxBracketSameLine": false,
  "jsxSingleQuote": false,
  "printWidth": 80,
  "proseWrap": "preserve",
  "quoteProps": "as-needed",
  "requirePragma": false,
  "semi": true,
  "singleQuote": false,
  "tabWidth": 2,
  "trailingComma": "es5",
  "useTabs": false,
  "vueIndentScriptAndStyle": false,
  "filepath": "/home/breakcore/curso_progbr/experiencia_16/script.js",
  "parser": "babel"
}
["INFO" - 8:37:04 AM] Formatting completed in 0.005ms.
["INFO" - 8:37:27 AM] Formatting file:///home/breakcore/curso_progbr/experiencia_16/script.js
["INFO" - 8:37:27 AM] Using ignore file (if present) at /home/breakcore/curso_progbr/.prettierignore
["INFO" - 8:37:27 AM] File Info:
{
  "ignored": false,
  "inferredParser": "babel"
}
["INFO" - 8:37:27 AM] No local configuration (i.e. .prettierrc or .editorconfig) detected, falling back to VS Code configuration
["INFO" - 8:37:27 AM] Prettier Options:
{
  "arrowParens": "always",
  "bracketSpacing": true,
  "endOfLine": "lf",
  "htmlWhitespaceSensitivity": "css",
  "insertPragma": false,
  "jsxBracketSameLine": false,
  "jsxSingleQuote": false,
  "printWidth": 80,
  "proseWrap": "preserve",
  "quoteProps": "as-needed",
  "requirePragma": false,
  "semi": true,
  "singleQuote": false,
  "tabWidth": 2,
  "trailingComma": "es5",
  "useTabs": false,
  "vueIndentScriptAndStyle": false,
  "filepath": "/home/breakcore/curso_progbr/experiencia_16/script.js",
  "parser": "babel"
}
["INFO" - 8:37:27 AM] Formatting completed in 0.008ms.
["INFO" - 8:38:14 AM] Formatting file:///home/breakcore/curso_progbr/experiencia_16/script.js
["INFO" - 8:38:14 AM] Using ignore file (if present) at /home/breakcore/curso_progbr/.prettierignore
["INFO" - 8:38:14 AM] File Info:
{
  "ignored": false,
  "inferredParser": "babel"
}
["INFO" - 8:38:14 AM] No local configuration (i.e. .prettierrc or .editorconfig) detected, falling back to VS Code configuration
["INFO" - 8:38:14 AM] Prettier Options:
{
  "arrowParens": "always",
  "bracketSpacing": true,
  "endOfLine": "lf",
  "htmlWhitespaceSensitivity": "css",
  "insertPragma": false,
  "jsxBracketSameLine": false,
  "jsxSingleQuote": false,
  "printWidth": 80,
  "proseWrap": "preserve",
  "quoteProps": "as-needed",
  "requirePragma": false,
  "semi": true,
  "singleQuote": false,
  "tabWidth": 2,
  "trailingComma": "es5",
  "useTabs": false,
  "vueIndentScriptAndStyle": false,
  "filepath": "/home/breakcore/curso_progbr/experiencia_16/script.js",
  "parser": "babel"
}
["INFO" - 8:38:14 AM] Formatting completed in 0.007ms.
["INFO" - 8:43:40 AM] Formatting file:///home/breakcore/curso_progbr/experiencia_16/script.js
["INFO" - 8:43:40 AM] Using ignore file (if present) at /home/breakcore/curso_progbr/.prettierignore
["INFO" - 8:43:40 AM] File Info:
{
  "ignored": false,
  "inferredParser": "babel"
}
["INFO" - 8:43:40 AM] No local configuration (i.e. .prettierrc or .editorconfig) detected, falling back to VS Code configuration
["INFO" - 8:43:40 AM] Prettier Options:
{
  "arrowParens": "always",
  "bracketSpacing": true,
  "endOfLine": "lf",
  "htmlWhitespaceSensitivity": "css",
  "insertPragma": false,
  "jsxBracketSameLine": false,
  "jsxSingleQuote": false,
  "printWidth": 80,
  "proseWrap": "preserve",
  "quoteProps": "as-needed",
  "requirePragma": false,
  "semi": true,
  "singleQuote": false,
  "tabWidth": 2,
  "trailingComma": "es5",
  "useTabs": false,
  "vueIndentScriptAndStyle": false,
  "filepath": "/home/breakcore/curso_progbr/experiencia_16/script.js",
  "parser": "babel"
}
["INFO" - 8:43:40 AM] Formatting completed in 0.009ms.
["INFO" - 8:44:53 AM] Formatting file:///home/breakcore/curso_progbr/experiencia_16/script.js
["INFO" - 8:44:53 AM] Using ignore file (if present) at /home/breakcore/curso_progbr/.prettierignore
["INFO" - 8:44:53 AM] File Info:
{
  "ignored": false,
  "inferredParser": "babel"
}
["INFO" - 8:44:53 AM] No local configuration (i.e. .prettierrc or .editorconfig) detected, falling back to VS Code configuration
["INFO" - 8:44:53 AM] Prettier Options:
{
  "arrowParens": "always",
  "bracketSpacing": true,
  "endOfLine": "lf",
  "htmlWhitespaceSensitivity": "css",
  "insertPragma": false,
  "jsxBracketSameLine": false,
  "jsxSingleQuote": false,
  "printWidth": 80,
  "proseWrap": "preserve",
  "quoteProps": "as-needed",
  "requirePragma": false,
  "semi": true,
  "singleQuote": false,
  "tabWidth": 2,
  "trailingComma": "es5",
  "useTabs": false,
  "vueIndentScriptAndStyle": false,
  "filepath": "/home/breakcore/curso_progbr/experiencia_16/script.js",
  "parser": "babel"
}
["INFO" - 8:44:53 AM] Formatting completed in 0.016ms.
["INFO" - 8:45:34 AM] Formatting file:///home/breakcore/curso_progbr/experiencia_16/script.js
["INFO" - 8:45:34 AM] Using ignore file (if present) at /home/breakcore/curso_progbr/.prettierignore
["INFO" - 8:45:34 AM] File Info:
{
  "ignored": false,
  "inferredParser": "babel"
}
["INFO" - 8:45:34 AM] No local configuration (i.e. .prettierrc or .editorconfig) detected, falling back to VS Code configuration
["INFO" - 8:45:34 AM] Prettier Options:
{
  "arrowParens": "always",
  "bracketSpacing": true,
  "endOfLine": "lf",
  "htmlWhitespaceSensitivity": "css",
  "insertPragma": false,
  "jsxBracketSameLine": false,
  "jsxSingleQuote": false,
  "printWidth": 80,
  "proseWrap": "preserve",
  "quoteProps": "as-needed",
  "requirePragma": false,
  "semi": true,
  "singleQuote": false,
  "tabWidth": 2,
  "trailingComma": "es5",
  "useTabs": false,
  "vueIndentScriptAndStyle": false,
  "filepath": "/home/breakcore/curso_progbr/experiencia_16/script.js",
  "parser": "babel"
}
["INFO" - 8:45:34 AM] Formatting completed in 0.006ms.
["INFO" - 8:46:08 AM] Formatting file:///home/breakcore/curso_progbr/experiencia_16/script.js
["INFO" - 8:46:08 AM] Using ignore file (if present) at /home/breakcore/curso_progbr/.prettierignore
["INFO" - 8:46:08 AM] File Info:
{
  "ignored": false,
  "inferredParser": "babel"
}
["INFO" - 8:46:08 AM] No local configuration (i.e. .prettierrc or .editorconfig) detected, falling back to VS Code configuration
["INFO" - 8:46:08 AM] Prettier Options:
{
  "arrowParens": "always",
  "bracketSpacing": true,
  "endOfLine": "lf",
  "htmlWhitespaceSensitivity": "css",
  "insertPragma": false,
  "jsxBracketSameLine": false,
  "jsxSingleQuote": false,
  "printWidth": 80,
  "proseWrap": "preserve",
  "quoteProps": "as-needed",
  "requirePragma": false,
  "semi": true,
  "singleQuote": false,
  "tabWidth": 2,
  "trailingComma": "es5",
  "useTabs": false,
  "vueIndentScriptAndStyle": false,
  "filepath": "/home/breakcore/curso_progbr/experiencia_16/script.js",
  "parser": "babel"
}
["INFO" - 8:46:08 AM] Formatting completed in 0.026ms.
["INFO" - 8:54:10 AM] Formatting file:///home/breakcore/curso_progbr/experiencia_16/script.js
["INFO" - 8:54:10 AM] Using ignore file (if present) at /home/breakcore/curso_progbr/.prettierignore
["INFO" - 8:54:10 AM] File Info:
{
  "ignored": false,
  "inferredParser": "babel"
}
["INFO" - 8:54:10 AM] No local configuration (i.e. .prettierrc or .editorconfig) detected, falling back to VS Code configuration
["INFO" - 8:54:10 AM] Prettier Options:
{
  "arrowParens": "always",
  "bracketSpacing": true,
  "endOfLine": "lf",
  "htmlWhitespaceSensitivity": "css",
  "insertPragma": false,
  "jsxBracketSameLine": false,
  "jsxSingleQuote": false,
  "printWidth": 80,
  "proseWrap": "preserve",
  "quoteProps": "as-needed",
  "requirePragma": false,
  "semi": true,
  "singleQuote": false,
  "tabWidth": 2,
  "trailingComma": "es5",
  "useTabs": false,
  "vueIndentScriptAndStyle": false,
  "filepath": "/home/breakcore/curso_progbr/experiencia_16/script.js",
  "parser": "babel"
}
["INFO" - 8:54:10 AM] Formatting completed in 0.014ms.
["INFO" - 8:54:31 AM] Formatting file:///home/breakcore/curso_progbr/experiencia_16/script.js
["INFO" - 8:54:31 AM] Using ignore file (if present) at /home/breakcore/curso_progbr/.prettierignore
["INFO" - 8:54:31 AM] File Info:
{
  "ignored": false,
  "inferredParser": "babel"
}
["INFO" - 8:54:31 AM] No local configuration (i.e. .prettierrc or .editorconfig) detected, falling back to VS Code configuration
["INFO" - 8:54:31 AM] Prettier Options:
{
  "arrowParens": "always",
  "bracketSpacing": true,
  "endOfLine": "lf",
  "htmlWhitespaceSensitivity": "css",
  "insertPragma": false,
  "jsxBracketSameLine": false,
  "jsxSingleQuote": false,
  "printWidth": 80,
  "proseWrap": "preserve",
  "quoteProps": "as-needed",
  "requirePragma": false,
  "semi": true,
  "singleQuote": false,
  "tabWidth": 2,
  "trailingComma": "es5",
  "useTabs": false,
  "vueIndentScriptAndStyle": false,
  "filepath": "/home/breakcore/curso_progbr/experiencia_16/script.js",
  "parser": "babel"
}
["INFO" - 8:54:31 AM] Formatting completed in 0.01ms.
["INFO" - 8:56:49 AM] Formatting file:///home/breakcore/curso_progbr/experiencia_16/script.js
["INFO" - 8:56:49 AM] Using ignore file (if present) at /home/breakcore/curso_progbr/.prettierignore
["INFO" - 8:56:49 AM] File Info:
{
  "ignored": false,
  "inferredParser": "babel"
}
["INFO" - 8:56:49 AM] No local configuration (i.e. .prettierrc or .editorconfig) detected, falling back to VS Code configuration
["INFO" - 8:56:49 AM] Prettier Options:
{
  "arrowParens": "always",
  "bracketSpacing": true,
  "endOfLine": "lf",
  "htmlWhitespaceSensitivity": "css",
  "insertPragma": false,
  "jsxBracketSameLine": false,
  "jsxSingleQuote": false,
  "printWidth": 80,
  "proseWrap": "preserve",
  "quoteProps": "as-needed",
  "requirePragma": false,
  "semi": true,
  "singleQuote": false,
  "tabWidth": 2,
  "trailingComma": "es5",
  "useTabs": false,
  "vueIndentScriptAndStyle": false,
  "filepath": "/home/breakcore/curso_progbr/experiencia_16/script.js",
  "parser": "babel"
}
["INFO" - 8:56:49 AM] Formatting completed in 0.014ms.
["INFO" - 8:57:15 AM] Formatting file:///home/breakcore/curso_progbr/experiencia_16/script.js
["INFO" - 8:57:15 AM] Using ignore file (if present) at /home/breakcore/curso_progbr/.prettierignore
["INFO" - 8:57:15 AM] File Info:
{
  "ignored": false,
  "inferredParser": "babel"
}
["INFO" - 8:57:15 AM] No local configuration (i.e. .prettierrc or .editorconfig) detected, falling back to VS Code configuration
["INFO" - 8:57:15 AM] Prettier Options:
{
  "arrowParens": "always",
  "bracketSpacing": true,
  "endOfLine": "lf",
  "htmlWhitespaceSensitivity": "css",
  "insertPragma": false,
  "jsxBracketSameLine": false,
  "jsxSingleQuote": false,
  "printWidth": 80,
  "proseWrap": "preserve",
  "quoteProps": "as-needed",
  "requirePragma": false,
  "semi": true,
  "singleQuote": false,
  "tabWidth": 2,
  "trailingComma": "es5",
  "useTabs": false,
  "vueIndentScriptAndStyle": false,
  "filepath": "/home/breakcore/curso_progbr/experiencia_16/script.js",
  "parser": "babel"
}
["INFO" - 8:57:15 AM] Formatting completed in 0.011ms.
["INFO" - 8:59:05 AM] Formatting file:///home/breakcore/curso_progbr/experiencia_16/script.js
["INFO" - 8:59:05 AM] Using ignore file (if present) at /home/breakcore/curso_progbr/.prettierignore
["INFO" - 8:59:05 AM] File Info:
{
  "ignored": false,
  "inferredParser": "babel"
}
["INFO" - 8:59:05 AM] No local configuration (i.e. .prettierrc or .editorconfig) detected, falling back to VS Code configuration
["INFO" - 8:59:05 AM] Prettier Options:
{
  "arrowParens": "always",
  "bracketSpacing": true,
  "endOfLine": "lf",
  "htmlWhitespaceSensitivity": "css",
  "insertPragma": false,
  "jsxBracketSameLine": false,
  "jsxSingleQuote": false,
  "printWidth": 80,
  "proseWrap": "preserve",
  "quoteProps": "as-needed",
  "requirePragma": false,
  "semi": true,
  "singleQuote": false,
  "tabWidth": 2,
  "trailingComma": "es5",
  "useTabs": false,
  "vueIndentScriptAndStyle": false,
  "filepath": "/home/breakcore/curso_progbr/experiencia_16/script.js",
  "parser": "babel"
}
["INFO" - 8:59:05 AM] Formatting completed in 0.009ms.
["INFO" - 9:09:48 AM] Formatting file:///home/breakcore/curso_progbr/experiencia_16/script.js
["INFO" - 9:09:48 AM] Using ignore file (if present) at /home/breakcore/curso_progbr/.prettierignore
["INFO" - 9:09:48 AM] File Info:
{
  "ignored": false,
  "inferredParser": "babel"
}
["INFO" - 9:09:48 AM] No local configuration (i.e. .prettierrc or .editorconfig) detected, falling back to VS Code configuration
["INFO" - 9:09:48 AM] Prettier Options:
{
  "arrowParens": "always",
  "bracketSpacing": true,
  "endOfLine": "lf",
  "htmlWhitespaceSensitivity": "css",
  "insertPragma": false,
  "jsxBracketSameLine": false,
  "jsxSingleQuote": false,
  "printWidth": 80,
  "proseWrap": "preserve",
  "quoteProps": "as-needed",
  "requirePragma": false,
  "semi": true,
  "singleQuote": false,
  "tabWidth": 2,
  "trailingComma": "es5",
  "useTabs": false,
  "vueIndentScriptAndStyle": false,
  "filepath": "/home/breakcore/curso_progbr/experiencia_16/script.js",
  "parser": "babel"
}
["INFO" - 9:09:48 AM] Formatting completed in 0.026ms.
["INFO" - 9:10:20 AM] Formatting file:///home/breakcore/curso_progbr/experiencia_16/script.js
["INFO" - 9:10:20 AM] Using ignore file (if present) at /home/breakcore/curso_progbr/.prettierignore
["INFO" - 9:10:20 AM] File Info:
{
  "ignored": false,
  "inferredParser": "babel"
}
["INFO" - 9:10:20 AM] No local configuration (i.e. .prettierrc or .editorconfig) detected, falling back to VS Code configuration
["INFO" - 9:10:20 AM] Prettier Options:
{
  "arrowParens": "always",
  "bracketSpacing": true,
  "endOfLine": "lf",
  "htmlWhitespaceSensitivity": "css",
  "insertPragma": false,
  "jsxBracketSameLine": false,
  "jsxSingleQuote": false,
  "printWidth": 80,
  "proseWrap": "preserve",
  "quoteProps": "as-needed",
  "requirePragma": false,
  "semi": true,
  "singleQuote": false,
  "tabWidth": 2,
  "trailingComma": "es5",
  "useTabs": false,
  "vueIndentScriptAndStyle": false,
  "filepath": "/home/breakcore/curso_progbr/experiencia_16/script.js",
  "parser": "babel"
}
["INFO" - 9:10:20 AM] Formatting completed in 0.01ms.
["INFO" - 9:10:43 AM] Formatting file:///home/breakcore/curso_progbr/experiencia_16/script.js
["INFO" - 9:10:43 AM] Using ignore file (if present) at /home/breakcore/curso_progbr/.prettierignore
["INFO" - 9:10:43 AM] File Info:
{
  "ignored": false,
  "inferredParser": "babel"
}
["INFO" - 9:10:43 AM] No local configuration (i.e. .prettierrc or .editorconfig) detected, falling back to VS Code configuration
["INFO" - 9:10:43 AM] Prettier Options:
{
  "arrowParens": "always",
  "bracketSpacing": true,
  "endOfLine": "lf",
  "htmlWhitespaceSensitivity": "css",
  "insertPragma": false,
  "jsxBracketSameLine": false,
  "jsxSingleQuote": false,
  "printWidth": 80,
  "proseWrap": "preserve",
  "quoteProps": "as-needed",
  "requirePragma": false,
  "semi": true,
  "singleQuote": false,
  "tabWidth": 2,
  "trailingComma": "es5",
  "useTabs": false,
  "vueIndentScriptAndStyle": false,
  "filepath": "/home/breakcore/curso_progbr/experiencia_16/script.js",
  "parser": "babel"
}
["INFO" - 9:10:43 AM] Formatting completed in 0.009ms.
["INFO" - 9:11:06 AM] Formatting file:///home/breakcore/curso_progbr/experiencia_16/script.js
["INFO" - 9:11:06 AM] Using ignore file (if present) at /home/breakcore/curso_progbr/.prettierignore
["INFO" - 9:11:06 AM] File Info:
{
  "ignored": false,
  "inferredParser": "babel"
}
["INFO" - 9:11:06 AM] No local configuration (i.e. .prettierrc or .editorconfig) detected, falling back to VS Code configuration
["INFO" - 9:11:06 AM] Prettier Options:
{
  "arrowParens": "always",
  "bracketSpacing": true,
  "endOfLine": "lf",
  "htmlWhitespaceSensitivity": "css",
  "insertPragma": false,
  "jsxBracketSameLine": false,
  "jsxSingleQuote": false,
  "printWidth": 80,
  "proseWrap": "preserve",
  "quoteProps": "as-needed",
  "requirePragma": false,
  "semi": true,
  "singleQuote": false,
  "tabWidth": 2,
  "trailingComma": "es5",
  "useTabs": false,
  "vueIndentScriptAndStyle": false,
  "filepath": "/home/breakcore/curso_progbr/experiencia_16/script.js",
  "parser": "babel"
}
["INFO" - 9:11:06 AM] Formatting completed in 0.008ms.
["INFO" - 9:22:59 AM] Formatting file:///home/breakcore/curso_progbr/experiencia_16/script.js
["INFO" - 9:22:59 AM] Using ignore file (if present) at /home/breakcore/curso_progbr/.prettierignore
["INFO" - 9:22:59 AM] File Info:
{
  "ignored": false,
  "inferredParser": "babel"
}
["INFO" - 9:22:59 AM] No local configuration (i.e. .prettierrc or .editorconfig) detected, falling back to VS Code configuration
["INFO" - 9:22:59 AM] Prettier Options:
{
  "arrowParens": "always",
  "bracketSpacing": true,
  "endOfLine": "lf",
  "htmlWhitespaceSensitivity": "css",
  "insertPragma": false,
  "jsxBracketSameLine": false,
  "jsxSingleQuote": false,
  "printWidth": 80,
  "proseWrap": "preserve",
  "quoteProps": "as-needed",
  "requirePragma": false,
  "semi": true,
  "singleQuote": false,
  "tabWidth": 2,
  "trailingComma": "es5",
  "useTabs": false,
  "vueIndentScriptAndStyle": false,
  "filepath": "/home/breakcore/curso_progbr/experiencia_16/script.js",
  "parser": "babel"
}
["ERROR" - 9:22:59 AM] Error formatting document.
["ERROR" - 9:22:59 AM] Unexpected token, expected "," (68:9)
  66 |
  67 | let circle = {
> 68 |   x: 250;
     |         ^
  69 |   y:
  70 | }
  71 |
SyntaxError: Unexpected token, expected "," (68:9)
  66 |
  67 | let circle = {
> 68 |   x: 250;
     |         ^
  69 |   y:
  70 | }
  71 |
    at ku (/home/breakcore/.vscode/extensions/esbenp.prettier-vscode-9.3.0/node_modules/prettier/parser-babel.js:1:54954)
    at Ou (/home/breakcore/.vscode/extensions/esbenp.prettier-vscode-9.3.0/node_modules/prettier/parser-babel.js:1:55095)
    at Object.parse (/home/breakcore/.vscode/extensions/esbenp.prettier-vscode-9.3.0/node_modules/prettier/parser-babel.js:1:381583)
    at Object.parse$d [as parse] (/home/breakcore/.vscode/extensions/esbenp.prettier-vscode-9.3.0/node_modules/prettier/index.js:12975:19)
    at coreFormat (/home/breakcore/.vscode/extensions/esbenp.prettier-vscode-9.3.0/node_modules/prettier/index.js:14525:16)
    at formatWithCursor$1 (/home/breakcore/.vscode/extensions/esbenp.prettier-vscode-9.3.0/node_modules/prettier/index.js:14765:14)
    at /home/breakcore/.vscode/extensions/esbenp.prettier-vscode-9.3.0/node_modules/prettier/index.js:60959:12
    at Object.Success [as format] (/home/breakcore/.vscode/extensions/esbenp.prettier-vscode-9.3.0/node_modules/prettier/index.js:60979:12)
    at t.default.format (/home/breakcore/.vscode/extensions/esbenp.prettier-vscode-9.3.0/src/PrettierEditService.ts:435:45)
    at t.PrettierEditProvider.provideEdits (/home/breakcore/.vscode/extensions/esbenp.prettier-vscode-9.3.0/src/PrettierEditService.ts:322:22)
    at y.provideDocumentFormattingEdits (/opt/visual-studio-code/resources/app/out/vs/workbench/api/node/extensionHostProcess.js:85:98503)
["INFO" - 9:22:59 AM] Formatting completed in 0.069ms.
["INFO" - 9:23:48 AM] Formatting file:///home/breakcore/curso_progbr/experiencia_16/script.js
["INFO" - 9:23:48 AM] Using ignore file (if present) at /home/breakcore/curso_progbr/.prettierignore
["INFO" - 9:23:48 AM] File Info:
{
  "ignored": false,
  "inferredParser": "babel"
}
["INFO" - 9:23:48 AM] No local configuration (i.e. .prettierrc or .editorconfig) detected, falling back to VS Code configuration
["INFO" - 9:23:48 AM] Prettier Options:
{
  "arrowParens": "always",
  "bracketSpacing": true,
  "endOfLine": "lf",
  "htmlWhitespaceSensitivity": "css",
  "insertPragma": false,
  "jsxBracketSameLine": false,
  "jsxSingleQuote": false,
  "printWidth": 80,
  "proseWrap": "preserve",
  "quoteProps": "as-needed",
  "requirePragma": false,
  "semi": true,
  "singleQuote": false,
  "tabWidth": 2,
  "trailingComma": "es5",
  "useTabs": false,
  "vueIndentScriptAndStyle": false,
  "filepath": "/home/breakcore/curso_progbr/experiencia_16/script.js",
  "parser": "babel"
}
["INFO" - 9:23:48 AM] Formatting completed in 0.017ms.
["INFO" - 9:25:12 AM] Formatting file:///home/breakcore/curso_progbr/experiencia_16/script.js
["INFO" - 9:25:12 AM] Using ignore file (if present) at /home/breakcore/curso_progbr/.prettierignore
["INFO" - 9:25:12 AM] File Info:
{
  "ignored": false,
  "inferredParser": "babel"
}
["INFO" - 9:25:12 AM] No local configuration (i.e. .prettierrc or .editorconfig) detected, falling back to VS Code configuration
["INFO" - 9:25:12 AM] Prettier Options:
{
  "arrowParens": "always",
  "bracketSpacing": true,
  "endOfLine": "lf",
  "htmlWhitespaceSensitivity": "css",
  "insertPragma": false,
  "jsxBracketSameLine": false,
  "jsxSingleQuote": false,
  "printWidth": 80,
  "proseWrap": "preserve",
  "quoteProps": "as-needed",
  "requirePragma": false,
  "semi": true,
  "singleQuote": false,
  "tabWidth": 2,
  "trailingComma": "es5",
  "useTabs": false,
  "vueIndentScriptAndStyle": false,
  "filepath": "/home/breakcore/curso_progbr/experiencia_16/script.js",
  "parser": "babel"
}
["INFO" - 9:25:12 AM] Formatting completed in 0.017ms.
["INFO" - 9:26:04 AM] Formatting file:///home/breakcore/curso_progbr/experiencia_16/script.js
["INFO" - 9:26:04 AM] Using ignore file (if present) at /home/breakcore/curso_progbr/.prettierignore
["INFO" - 9:26:04 AM] File Info:
{
  "ignored": false,
  "inferredParser": "babel"
}
["INFO" - 9:26:04 AM] No local configuration (i.e. .prettierrc or .editorconfig) detected, falling back to VS Code configuration
["INFO" - 9:26:04 AM] Prettier Options:
{
  "arrowParens": "always",
  "bracketSpacing": true,
  "endOfLine": "lf",
  "htmlWhitespaceSensitivity": "css",
  "insertPragma": false,
  "jsxBracketSameLine": false,
  "jsxSingleQuote": false,
  "printWidth": 80,
  "proseWrap": "preserve",
  "quoteProps": "as-needed",
  "requirePragma": false,
  "semi": true,
  "singleQuote": false,
  "tabWidth": 2,
  "trailingComma": "es5",
  "useTabs": false,
  "vueIndentScriptAndStyle": false,
  "filepath": "/home/breakcore/curso_progbr/experiencia_16/script.js",
  "parser": "babel"
}
["INFO" - 9:26:04 AM] Formatting completed in 0.011ms.
["INFO" - 9:28:33 AM] Formatting file:///home/breakcore/curso_progbr/experiencia_16/script.js
["INFO" - 9:28:33 AM] Using ignore file (if present) at /home/breakcore/curso_progbr/.prettierignore
["INFO" - 9:28:33 AM] File Info:
{
  "ignored": false,
  "inferredParser": "babel"
}
["INFO" - 9:28:33 AM] No local configuration (i.e. .prettierrc or .editorconfig) detected, falling back to VS Code configuration
["INFO" - 9:28:33 AM] Prettier Options:
{
  "arrowParens": "always",
  "bracketSpacing": true,
  "endOfLine": "lf",
  "htmlWhitespaceSensitivity": "css",
  "insertPragma": false,
  "jsxBracketSameLine": false,
  "jsxSingleQuote": false,
  "printWidth": 80,
  "proseWrap": "preserve",
  "quoteProps": "as-needed",
  "requirePragma": false,
  "semi": true,
  "singleQuote": false,
  "tabWidth": 2,
  "trailingComma": "es5",
  "useTabs": false,
  "vueIndentScriptAndStyle": false,
  "filepath": "/home/breakcore/curso_progbr/experiencia_16/script.js",
  "parser": "babel"
}
["INFO" - 9:28:33 AM] Formatting completed in 0.012ms.
["INFO" - 9:28:55 AM] Formatting file:///home/breakcore/curso_progbr/experiencia_16/script.js
["INFO" - 9:28:55 AM] Using ignore file (if present) at /home/breakcore/curso_progbr/.prettierignore
["INFO" - 9:28:55 AM] File Info:
{
  "ignored": false,
  "inferredParser": "babel"
}
["INFO" - 9:28:55 AM] No local configuration (i.e. .prettierrc or .editorconfig) detected, falling back to VS Code configuration
["INFO" - 9:28:55 AM] Prettier Options:
{
  "arrowParens": "always",
  "bracketSpacing": true,
  "endOfLine": "lf",
  "htmlWhitespaceSensitivity": "css",
  "insertPragma": false,
  "jsxBracketSameLine": false,
  "jsxSingleQuote": false,
  "printWidth": 80,
  "proseWrap": "preserve",
  "quoteProps": "as-needed",
  "requirePragma": false,
  "semi": true,
  "singleQuote": false,
  "tabWidth": 2,
  "trailingComma": "es5",
  "useTabs": false,
  "vueIndentScriptAndStyle": false,
  "filepath": "/home/breakcore/curso_progbr/experiencia_16/script.js",
  "parser": "babel"
}
["INFO" - 9:28:55 AM] Formatting completed in 0.022ms.
["INFO" - 9:39:27 AM] Formatting file:///home/breakcore/curso_progbr/experiencia_16/script.js
["INFO" - 9:39:27 AM] Using ignore file (if present) at /home/breakcore/curso_progbr/.prettierignore
["INFO" - 9:39:27 AM] File Info:
{
  "ignored": false,
  "inferredParser": "babel"
}
["INFO" - 9:39:27 AM] No local configuration (i.e. .prettierrc or .editorconfig) detected, falling back to VS Code configuration
["INFO" - 9:39:27 AM] Prettier Options:
{
  "arrowParens": "always",
  "bracketSpacing": true,
  "endOfLine": "lf",
  "htmlWhitespaceSensitivity": "css",
  "insertPragma": false,
  "jsxBracketSameLine": false,
  "jsxSingleQuote": false,
  "printWidth": 80,
  "proseWrap": "preserve",
  "quoteProps": "as-needed",
  "requirePragma": false,
  "semi": true,
  "singleQuote": false,
  "tabWidth": 2,
  "trailingComma": "es5",
  "useTabs": false,
  "vueIndentScriptAndStyle": false,
  "filepath": "/home/breakcore/curso_progbr/experiencia_16/script.js",
  "parser": "babel"
}
["INFO" - 9:39:27 AM] Formatting completed in 0.013ms.
["INFO" - 9:39:57 AM] Formatting file:///home/breakcore/curso_progbr/experiencia_16/script.js
["INFO" - 9:39:57 AM] Using ignore file (if present) at /home/breakcore/curso_progbr/.prettierignore
["INFO" - 9:39:57 AM] File Info:
{
  "ignored": false,
  "inferredParser": "babel"
}
["INFO" - 9:39:57 AM] No local configuration (i.e. .prettierrc or .editorconfig) detected, falling back to VS Code configuration
["INFO" - 9:39:57 AM] Prettier Options:
{
  "arrowParens": "always",
  "bracketSpacing": true,
  "endOfLine": "lf",
  "htmlWhitespaceSensitivity": "css",
  "insertPragma": false,
  "jsxBracketSameLine": false,
  "jsxSingleQuote": false,
  "printWidth": 80,
  "proseWrap": "preserve",
  "quoteProps": "as-needed",
  "requirePragma": false,
  "semi": true,
  "singleQuote": false,
  "tabWidth": 2,
  "trailingComma": "es5",
  "useTabs": false,
  "vueIndentScriptAndStyle": false,
  "filepath": "/home/breakcore/curso_progbr/experiencia_16/script.js",
  "parser": "babel"
}
["INFO" - 9:39:57 AM] Formatting completed in 0.02ms.
["INFO" - 9:49:10 AM] Formatting file:///home/breakcore/curso_progbr/experiencia_16/script.js
["INFO" - 9:49:10 AM] Using ignore file (if present) at /home/breakcore/curso_progbr/.prettierignore
["INFO" - 9:49:10 AM] File Info:
{
  "ignored": false,
  "inferredParser": "babel"
}
["INFO" - 9:49:10 AM] No local configuration (i.e. .prettierrc or .editorconfig) detected, falling back to VS Code configuration
["INFO" - 9:49:10 AM] Prettier Options:
{
  "arrowParens": "always",
  "bracketSpacing": true,
  "endOfLine": "lf",
  "htmlWhitespaceSensitivity": "css",
  "insertPragma": false,
  "jsxBracketSameLine": false,
  "jsxSingleQuote": false,
  "printWidth": 80,
  "proseWrap": "preserve",
  "quoteProps": "as-needed",
  "requirePragma": false,
  "semi": true,
  "singleQuote": false,
  "tabWidth": 2,
  "trailingComma": "es5",
  "useTabs": false,
  "vueIndentScriptAndStyle": false,
  "filepath": "/home/breakcore/curso_progbr/experiencia_16/script.js",
  "parser": "babel"
}
["INFO" - 9:49:10 AM] Formatting completed in 0.03ms.
["INFO" - 10:03:20 AM] Formatting file:///home/breakcore/curso_progbr/experiencia_16/script.js
["INFO" - 10:03:20 AM] Using ignore file (if present) at /home/breakcore/curso_progbr/.prettierignore
["INFO" - 10:03:20 AM] File Info:
{
  "ignored": false,
  "inferredParser": "babel"
}
["INFO" - 10:03:20 AM] No local configuration (i.e. .prettierrc or .editorconfig) detected, falling back to VS Code configuration
["INFO" - 10:03:20 AM] Prettier Options:
{
  "arrowParens": "always",
  "bracketSpacing": true,
  "endOfLine": "lf",
  "htmlWhitespaceSensitivity": "css",
  "insertPragma": false,
  "jsxBracketSameLine": false,
  "jsxSingleQuote": false,
  "printWidth": 80,
  "proseWrap": "preserve",
  "quoteProps": "as-needed",
  "requirePragma": false,
  "semi": true,
  "singleQuote": false,
  "tabWidth": 2,
  "trailingComma": "es5",
  "useTabs": false,
  "vueIndentScriptAndStyle": false,
  "filepath": "/home/breakcore/curso_progbr/experiencia_16/script.js",
  "parser": "babel"
}
["INFO" - 10:03:20 AM] Formatting completed in 0.026ms.
["INFO" - 10:03:36 AM] Formatting file:///home/breakcore/curso_progbr/experiencia_16/script.js
["INFO" - 10:03:36 AM] Using ignore file (if present) at /home/breakcore/curso_progbr/.prettierignore
["INFO" - 10:03:36 AM] File Info:
{
  "ignored": false,
  "inferredParser": "babel"
}
["INFO" - 10:03:36 AM] No local configuration (i.e. .prettierrc or .editorconfig) detected, falling back to VS Code configuration
["INFO" - 10:03:36 AM] Prettier Options:
{
  "arrowParens": "always",
  "bracketSpacing": true,
  "endOfLine": "lf",
  "htmlWhitespaceSensitivity": "css",
  "insertPragma": false,
  "jsxBracketSameLine": false,
  "jsxSingleQuote": false,
  "printWidth": 80,
  "proseWrap": "preserve",
  "quoteProps": "as-needed",
  "requirePragma": false,
  "semi": true,
  "singleQuote": false,
  "tabWidth": 2,
  "trailingComma": "es5",
  "useTabs": false,
  "vueIndentScriptAndStyle": false,
  "filepath": "/home/breakcore/curso_progbr/experiencia_16/script.js",
  "parser": "babel"
}
["INFO" - 10:03:36 AM] Formatting completed in 0.021ms.
["INFO" - 10:09:53 AM] Formatting file:///home/breakcore/curso_progbr/experiencia_17/index.html
["INFO" - 10:09:53 AM] Using ignore file (if present) at /home/breakcore/curso_progbr/.prettierignore
["INFO" - 10:09:53 AM] File Info:
{
  "ignored": false,
  "inferredParser": "html"
}
["INFO" - 10:09:53 AM] No local configuration (i.e. .prettierrc or .editorconfig) detected, falling back to VS Code configuration
["INFO" - 10:09:53 AM] Prettier Options:
{
  "arrowParens": "always",
  "bracketSpacing": true,
  "endOfLine": "lf",
  "htmlWhitespaceSensitivity": "css",
  "insertPragma": false,
  "jsxBracketSameLine": false,
  "jsxSingleQuote": false,
  "printWidth": 80,
  "proseWrap": "preserve",
  "quoteProps": "as-needed",
  "requirePragma": false,
  "semi": true,
  "singleQuote": false,
  "tabWidth": 2,
  "trailingComma": "es5",
  "useTabs": false,
  "vueIndentScriptAndStyle": false,
  "filepath": "/home/breakcore/curso_progbr/experiencia_17/index.html",
  "parser": "html"
}
["INFO" - 10:09:53 AM] Formatting completed in 0.025ms.
["INFO" - 10:31:50 AM] Formatting file:///home/breakcore/curso_progbr/experiencia_18/index.html
["INFO" - 10:31:50 AM] Using ignore file (if present) at /home/breakcore/curso_progbr/.prettierignore
["INFO" - 10:31:50 AM] File Info:
{
  "ignored": false,
  "inferredParser": "html"
}
["INFO" - 10:31:50 AM] No local configuration (i.e. .prettierrc or .editorconfig) detected, falling back to VS Code configuration
["INFO" - 10:31:50 AM] Prettier Options:
{
  "arrowParens": "always",
  "bracketSpacing": true,
  "endOfLine": "lf",
  "htmlWhitespaceSensitivity": "css",
  "insertPragma": false,
  "jsxBracketSameLine": false,
  "jsxSingleQuote": false,
  "printWidth": 80,
  "proseWrap": "preserve",
  "quoteProps": "as-needed",
  "requirePragma": false,
  "semi": true,
  "singleQuote": false,
  "tabWidth": 2,
  "trailingComma": "es5",
  "useTabs": false,
  "vueIndentScriptAndStyle": false,
  "filepath": "/home/breakcore/curso_progbr/experiencia_18/index.html",
  "parser": "html"
}
["INFO" - 10:31:50 AM] Formatting completed in 0.023ms.
["INFO" - 10:31:54 AM] Formatting file:///home/breakcore/curso_progbr/experiencia_18/index.html
["INFO" - 10:31:54 AM] Using ignore file (if present) at /home/breakcore/curso_progbr/.prettierignore
["INFO" - 10:31:54 AM] File Info:
{
  "ignored": false,
  "inferredParser": "html"
}
["INFO" - 10:31:54 AM] No local configuration (i.e. .prettierrc or .editorconfig) detected, falling back to VS Code configuration
["INFO" - 10:31:54 AM] Prettier Options:
{
  "arrowParens": "always",
  "bracketSpacing": true,
  "endOfLine": "lf",
  "htmlWhitespaceSensitivity": "css",
  "insertPragma": false,
  "jsxBracketSameLine": false,
  "jsxSingleQuote": false,
  "printWidth": 80,
  "proseWrap": "preserve",
  "quoteProps": "as-needed",
  "requirePragma": false,
  "semi": true,
  "singleQuote": false,
  "tabWidth": 2,
  "trailingComma": "es5",
  "useTabs": false,
  "vueIndentScriptAndStyle": false,
  "filepath": "/home/breakcore/curso_progbr/experiencia_18/index.html",
  "parser": "html"
}
["INFO" - 10:31:54 AM] Formatting completed in 0.024ms.
["INFO" - 10:31:59 AM] Formatting file:///home/breakcore/curso_progbr/experiencia_18/index.html
["INFO" - 10:31:59 AM] Using ignore file (if present) at /home/breakcore/curso_progbr/.prettierignore
["INFO" - 10:31:59 AM] File Info:
{
  "ignored": false,
  "inferredParser": "html"
}
["INFO" - 10:31:59 AM] No local configuration (i.e. .prettierrc or .editorconfig) detected, falling back to VS Code configuration
["INFO" - 10:31:59 AM] Prettier Options:
{
  "arrowParens": "always",
  "bracketSpacing": true,
  "endOfLine": "lf",
  "htmlWhitespaceSensitivity": "css",
  "insertPragma": false,
  "jsxBracketSameLine": false,
  "jsxSingleQuote": false,
  "printWidth": 80,
  "proseWrap": "preserve",
  "quoteProps": "as-needed",
  "requirePragma": false,
  "semi": true,
  "singleQuote": false,
  "tabWidth": 2,
  "trailingComma": "es5",
  "useTabs": false,
  "vueIndentScriptAndStyle": false,
  "filepath": "/home/breakcore/curso_progbr/experiencia_18/index.html",
  "parser": "html"
}
["INFO" - 10:31:59 AM] Formatting completed in 0.014ms.
["INFO" - 10:32:30 AM] Formatting file:///home/breakcore/curso_progbr/experiencia_18/index.html
["INFO" - 10:32:30 AM] Using ignore file (if present) at /home/breakcore/curso_progbr/.prettierignore
["INFO" - 10:32:30 AM] File Info:
{
  "ignored": false,
  "inferredParser": "html"
}
["INFO" - 10:32:30 AM] No local configuration (i.e. .prettierrc or .editorconfig) detected, falling back to VS Code configuration
["INFO" - 10:32:30 AM] Prettier Options:
{
  "arrowParens": "always",
  "bracketSpacing": true,
  "endOfLine": "lf",
  "htmlWhitespaceSensitivity": "css",
  "insertPragma": false,
  "jsxBracketSameLine": false,
  "jsxSingleQuote": false,
  "printWidth": 80,
  "proseWrap": "preserve",
  "quoteProps": "as-needed",
  "requirePragma": false,
  "semi": true,
  "singleQuote": false,
  "tabWidth": 2,
  "trailingComma": "es5",
  "useTabs": false,
  "vueIndentScriptAndStyle": false,
  "filepath": "/home/breakcore/curso_progbr/experiencia_18/index.html",
  "parser": "html"
}
["INFO" - 10:32:30 AM] Formatting completed in 0.017ms.
["INFO" - 10:33:23 AM] Formatting file:///home/breakcore/curso_progbr/experiencia_18/index.html
["INFO" - 10:33:23 AM] Using ignore file (if present) at /home/breakcore/curso_progbr/.prettierignore
["INFO" - 10:33:23 AM] File Info:
{
  "ignored": false,
  "inferredParser": "html"
}
["INFO" - 10:33:23 AM] No local configuration (i.e. .prettierrc or .editorconfig) detected, falling back to VS Code configuration
["INFO" - 10:33:23 AM] Prettier Options:
{
  "arrowParens": "always",
  "bracketSpacing": true,
  "endOfLine": "lf",
  "htmlWhitespaceSensitivity": "css",
  "insertPragma": false,
  "jsxBracketSameLine": false,
  "jsxSingleQuote": false,
  "printWidth": 80,
  "proseWrap": "preserve",
  "quoteProps": "as-needed",
  "requirePragma": false,
  "semi": true,
  "singleQuote": false,
  "tabWidth": 2,
  "trailingComma": "es5",
  "useTabs": false,
  "vueIndentScriptAndStyle": false,
  "filepath": "/home/breakcore/curso_progbr/experiencia_18/index.html",
  "parser": "html"
}
["INFO" - 10:33:23 AM] Formatting completed in 0.016ms.
["INFO" - 10:33:53 AM] Formatting file:///home/breakcore/curso_progbr/experiencia_18/index.html
["INFO" - 10:33:53 AM] Using ignore file (if present) at /home/breakcore/curso_progbr/.prettierignore
["INFO" - 10:33:53 AM] File Info:
{
  "ignored": false,
  "inferredParser": "html"
}
["INFO" - 10:33:53 AM] No local configuration (i.e. .prettierrc or .editorconfig) detected, falling back to VS Code configuration
["INFO" - 10:33:53 AM] Prettier Options:
{
  "arrowParens": "always",
  "bracketSpacing": true,
  "endOfLine": "lf",
  "htmlWhitespaceSensitivity": "css",
  "insertPragma": false,
  "jsxBracketSameLine": false,
  "jsxSingleQuote": false,
  "printWidth": 80,
  "proseWrap": "preserve",
  "quoteProps": "as-needed",
  "requirePragma": false,
  "semi": true,
  "singleQuote": false,
  "tabWidth": 2,
  "trailingComma": "es5",
  "useTabs": false,
  "vueIndentScriptAndStyle": false,
  "filepath": "/home/breakcore/curso_progbr/experiencia_18/index.html",
  "parser": "html"
}
["INFO" - 10:33:54 AM] Formatting completed in 0.015ms.
["INFO" - 10:43:29 AM] Formatting file:///home/breakcore/curso_progbr/experiencia_18/index.html
["INFO" - 10:43:29 AM] Using ignore file (if present) at /home/breakcore/curso_progbr/.prettierignore
["INFO" - 10:43:29 AM] File Info:
{
  "ignored": false,
  "inferredParser": "html"
}
["INFO" - 10:43:29 AM] No local configuration (i.e. .prettierrc or .editorconfig) detected, falling back to VS Code configuration
["INFO" - 10:43:29 AM] Prettier Options:
{
  "arrowParens": "always",
  "bracketSpacing": true,
  "endOfLine": "lf",
  "htmlWhitespaceSensitivity": "css",
  "insertPragma": false,
  "jsxBracketSameLine": false,
  "jsxSingleQuote": false,
  "printWidth": 80,
  "proseWrap": "preserve",
  "quoteProps": "as-needed",
  "requirePragma": false,
  "semi": true,
  "singleQuote": false,
  "tabWidth": 2,
  "trailingComma": "es5",
  "useTabs": false,
  "vueIndentScriptAndStyle": false,
  "filepath": "/home/breakcore/curso_progbr/experiencia_18/index.html",
  "parser": "html"
}
["INFO" - 10:43:29 AM] Formatting completed in 0.024ms.
["INFO" - 10:46:27 AM] Formatting file:///home/breakcore/curso_progbr/experiencia_18/index.html
["INFO" - 10:46:27 AM] Using ignore file (if present) at /home/breakcore/curso_progbr/.prettierignore
["INFO" - 10:46:27 AM] File Info:
{
  "ignored": false,
  "inferredParser": "html"
}
["INFO" - 10:46:27 AM] No local configuration (i.e. .prettierrc or .editorconfig) detected, falling back to VS Code configuration
["INFO" - 10:46:27 AM] Prettier Options:
{
  "arrowParens": "always",
  "bracketSpacing": true,
  "endOfLine": "lf",
  "htmlWhitespaceSensitivity": "css",
  "insertPragma": false,
  "jsxBracketSameLine": false,
  "jsxSingleQuote": false,
  "printWidth": 80,
  "proseWrap": "preserve",
  "quoteProps": "as-needed",
  "requirePragma": false,
  "semi": true,
  "singleQuote": false,
  "tabWidth": 2,
  "trailingComma": "es5",
  "useTabs": false,
  "vueIndentScriptAndStyle": false,
  "filepath": "/home/breakcore/curso_progbr/experiencia_18/index.html",
  "parser": "html"
}
["INFO" - 10:46:27 AM] Formatting completed in 0.028ms.
["INFO" - 10:47:08 AM] Formatting file:///home/breakcore/curso_progbr/experiencia_18/index.html
["INFO" - 10:47:08 AM] Using ignore file (if present) at /home/breakcore/curso_progbr/.prettierignore
["INFO" - 10:47:08 AM] File Info:
{
  "ignored": false,
  "inferredParser": "html"
}
["INFO" - 10:47:08 AM] No local configuration (i.e. .prettierrc or .editorconfig) detected, falling back to VS Code configuration
["INFO" - 10:47:08 AM] Prettier Options:
{
  "arrowParens": "always",
  "bracketSpacing": true,
  "endOfLine": "lf",
  "htmlWhitespaceSensitivity": "css",
  "insertPragma": false,
  "jsxBracketSameLine": false,
  "jsxSingleQuote": false,
  "printWidth": 80,
  "proseWrap": "preserve",
  "quoteProps": "as-needed",
  "requirePragma": false,
  "semi": true,
  "singleQuote": false,
  "tabWidth": 2,
  "trailingComma": "es5",
  "useTabs": false,
  "vueIndentScriptAndStyle": false,
  "filepath": "/home/breakcore/curso_progbr/experiencia_18/index.html",
  "parser": "html"
}
["INFO" - 10:47:08 AM] Formatting completed in 0.029ms.
["INFO" - 10:47:28 AM] Formatting file:///home/breakcore/curso_progbr/experiencia_18/index.html
["INFO" - 10:47:28 AM] Using ignore file (if present) at /home/breakcore/curso_progbr/.prettierignore
["INFO" - 10:47:28 AM] File Info:
{
  "ignored": false,
  "inferredParser": "html"
}
["INFO" - 10:47:28 AM] No local configuration (i.e. .prettierrc or .editorconfig) detected, falling back to VS Code configuration
["INFO" - 10:47:28 AM] Prettier Options:
{
  "arrowParens": "always",
  "bracketSpacing": true,
  "endOfLine": "lf",
  "htmlWhitespaceSensitivity": "css",
  "insertPragma": false,
  "jsxBracketSameLine": false,
  "jsxSingleQuote": false,
  "printWidth": 80,
  "proseWrap": "preserve",
  "quoteProps": "as-needed",
  "requirePragma": false,
  "semi": true,
  "singleQuote": false,
  "tabWidth": 2,
  "trailingComma": "es5",
  "useTabs": false,
  "vueIndentScriptAndStyle": false,
  "filepath": "/home/breakcore/curso_progbr/experiencia_18/index.html",
  "parser": "html"
}
["INFO" - 10:47:28 AM] Formatting completed in 0.017ms.
["INFO" - 10:48:23 AM] Formatting file:///home/breakcore/curso_progbr/experiencia_18/style.css
["INFO" - 10:48:23 AM] Using ignore file (if present) at /home/breakcore/curso_progbr/.prettierignore
["INFO" - 10:48:23 AM] File Info:
{
  "ignored": false,
  "inferredParser": "css"
}
["INFO" - 10:48:23 AM] No local configuration (i.e. .prettierrc or .editorconfig) detected, falling back to VS Code configuration
["INFO" - 10:48:23 AM] Prettier Options:
{
  "arrowParens": "always",
  "bracketSpacing": true,
  "endOfLine": "lf",
  "htmlWhitespaceSensitivity": "css",
  "insertPragma": false,
  "jsxBracketSameLine": false,
  "jsxSingleQuote": false,
  "printWidth": 80,
  "proseWrap": "preserve",
  "quoteProps": "as-needed",
  "requirePragma": false,
  "semi": true,
  "singleQuote": false,
  "tabWidth": 2,
  "trailingComma": "es5",
  "useTabs": false,
  "vueIndentScriptAndStyle": false,
  "filepath": "/home/breakcore/curso_progbr/experiencia_18/style.css",
  "parser": "css"
}
["INFO" - 10:48:23 AM] Formatting completed in 0.014ms.
["INFO" - 10:48:25 AM] Formatting file:///home/breakcore/curso_progbr/experiencia_18/style.css
["INFO" - 10:48:25 AM] Using ignore file (if present) at /home/breakcore/curso_progbr/.prettierignore
["INFO" - 10:48:25 AM] File Info:
{
  "ignored": false,
  "inferredParser": "css"
}
["INFO" - 10:48:25 AM] No local configuration (i.e. .prettierrc or .editorconfig) detected, falling back to VS Code configuration
["INFO" - 10:48:25 AM] Prettier Options:
{
  "arrowParens": "always",
  "bracketSpacing": true,
  "endOfLine": "lf",
  "htmlWhitespaceSensitivity": "css",
  "insertPragma": false,
  "jsxBracketSameLine": false,
  "jsxSingleQuote": false,
  "printWidth": 80,
  "proseWrap": "preserve",
  "quoteProps": "as-needed",
  "requirePragma": false,
  "semi": true,
  "singleQuote": false,
  "tabWidth": 2,
  "trailingComma": "es5",
  "useTabs": false,
  "vueIndentScriptAndStyle": false,
  "filepath": "/home/breakcore/curso_progbr/experiencia_18/style.css",
  "parser": "css"
}
["INFO" - 10:48:25 AM] Formatting completed in 0.005ms.
["INFO" - 10:49:06 AM] Formatting file:///home/breakcore/curso_progbr/experiencia_18/style.css
["INFO" - 10:49:06 AM] Using ignore file (if present) at /home/breakcore/curso_progbr/.prettierignore
["INFO" - 10:49:06 AM] File Info:
{
  "ignored": false,
  "inferredParser": "css"
}
["INFO" - 10:49:06 AM] No local configuration (i.e. .prettierrc or .editorconfig) detected, falling back to VS Code configuration
["INFO" - 10:49:06 AM] Prettier Options:
{
  "arrowParens": "always",
  "bracketSpacing": true,
  "endOfLine": "lf",
  "htmlWhitespaceSensitivity": "css",
  "insertPragma": false,
  "jsxBracketSameLine": false,
  "jsxSingleQuote": false,
  "printWidth": 80,
  "proseWrap": "preserve",
  "quoteProps": "as-needed",
  "requirePragma": false,
  "semi": true,
  "singleQuote": false,
  "tabWidth": 2,
  "trailingComma": "es5",
  "useTabs": false,
  "vueIndentScriptAndStyle": false,
  "filepath": "/home/breakcore/curso_progbr/experiencia_18/style.css",
  "parser": "css"
}
["INFO" - 10:49:06 AM] Formatting completed in 0.005ms.
["INFO" - 10:51:47 AM] Formatting file:///home/breakcore/curso_progbr/experiencia_18/index.html
["INFO" - 10:51:47 AM] Using ignore file (if present) at /home/breakcore/curso_progbr/.prettierignore
["INFO" - 10:51:47 AM] File Info:
{
  "ignored": false,
  "inferredParser": "html"
}
["INFO" - 10:51:47 AM] No local configuration (i.e. .prettierrc or .editorconfig) detected, falling back to VS Code configuration
["INFO" - 10:51:47 AM] Prettier Options:
{
  "arrowParens": "always",
  "bracketSpacing": true,
  "endOfLine": "lf",
  "htmlWhitespaceSensitivity": "css",
  "insertPragma": false,
  "jsxBracketSameLine": false,
  "jsxSingleQuote": false,
  "printWidth": 80,
  "proseWrap": "preserve",
  "quoteProps": "as-needed",
  "requirePragma": false,
  "semi": true,
  "singleQuote": false,
  "tabWidth": 2,
  "trailingComma": "es5",
  "useTabs": false,
  "vueIndentScriptAndStyle": false,
  "filepath": "/home/breakcore/curso_progbr/experiencia_18/index.html",
  "parser": "html"
}
["INFO" - 10:51:47 AM] Formatting completed in 0.026ms.
["INFO" - 10:54:58 AM] Formatting file:///home/breakcore/curso_progbr/experiencia_18/index.html
["INFO" - 10:54:58 AM] Using ignore file (if present) at /home/breakcore/curso_progbr/.prettierignore
["INFO" - 10:54:58 AM] File Info:
{
  "ignored": false,
  "inferredParser": "html"
}
["INFO" - 10:54:58 AM] No local configuration (i.e. .prettierrc or .editorconfig) detected, falling back to VS Code configuration
["INFO" - 10:54:58 AM] Prettier Options:
{
  "arrowParens": "always",
  "bracketSpacing": true,
  "endOfLine": "lf",
  "htmlWhitespaceSensitivity": "css",
  "insertPragma": false,
  "jsxBracketSameLine": false,
  "jsxSingleQuote": false,
  "printWidth": 80,
  "proseWrap": "preserve",
  "quoteProps": "as-needed",
  "requirePragma": false,
  "semi": true,
  "singleQuote": false,
  "tabWidth": 2,
  "trailingComma": "es5",
  "useTabs": false,
  "vueIndentScriptAndStyle": false,
  "filepath": "/home/breakcore/curso_progbr/experiencia_18/index.html",
  "parser": "html"
}
["INFO" - 10:54:58 AM] Formatting completed in 0.022ms.
["INFO" - 11:21:47 AM] Formatting file:///home/breakcore/curso_progbr/experiencia_18/style.css
["INFO" - 11:21:47 AM] Using ignore file (if present) at /home/breakcore/curso_progbr/.prettierignore
["INFO" - 11:21:47 AM] File Info:
{
  "ignored": false,
  "inferredParser": "css"
}
["INFO" - 11:21:47 AM] No local configuration (i.e. .prettierrc or .editorconfig) detected, falling back to VS Code configuration
["INFO" - 11:21:47 AM] Prettier Options:
{
  "arrowParens": "always",
  "bracketSpacing": true,
  "endOfLine": "lf",
  "htmlWhitespaceSensitivity": "css",
  "insertPragma": false,
  "jsxBracketSameLine": false,
  "jsxSingleQuote": false,
  "printWidth": 80,
  "proseWrap": "preserve",
  "quoteProps": "as-needed",
  "requirePragma": false,
  "semi": true,
  "singleQuote": false,
  "tabWidth": 2,
  "trailingComma": "es5",
  "useTabs": false,
  "vueIndentScriptAndStyle": false,
  "filepath": "/home/breakcore/curso_progbr/experiencia_18/style.css",
  "parser": "css"
}
["INFO" - 11:21:47 AM] Formatting completed in 0.018ms.
["INFO" - 11:23:48 AM] Formatting file:///home/breakcore/curso_progbr/experiencia_18/index.html
["INFO" - 11:23:48 AM] Using ignore file (if present) at /home/breakcore/curso_progbr/.prettierignore
["INFO" - 11:23:48 AM] File Info:
{
  "ignored": false,
  "inferredParser": "html"
}
["INFO" - 11:23:48 AM] No local configuration (i.e. .prettierrc or .editorconfig) detected, falling back to VS Code configuration
["INFO" - 11:23:48 AM] Prettier Options:
{
  "arrowParens": "always",
  "bracketSpacing": true,
  "endOfLine": "lf",
  "htmlWhitespaceSensitivity": "css",
  "insertPragma": false,
  "jsxBracketSameLine": false,
  "jsxSingleQuote": false,
  "printWidth": 80,
  "proseWrap": "preserve",
  "quoteProps": "as-needed",
  "requirePragma": false,
  "semi": true,
  "singleQuote": false,
  "tabWidth": 2,
  "trailingComma": "es5",
  "useTabs": false,
  "vueIndentScriptAndStyle": false,
  "filepath": "/home/breakcore/curso_progbr/experiencia_18/index.html",
  "parser": "html"
}
["INFO" - 11:23:48 AM] Formatting completed in 0.042ms.
["INFO" - 11:25:37 AM] Formatting file:///home/breakcore/curso_progbr/experiencia_18/index.html
["INFO" - 11:25:37 AM] Using ignore file (if present) at /home/breakcore/curso_progbr/.prettierignore
["INFO" - 11:25:37 AM] File Info:
{
  "ignored": false,
  "inferredParser": "html"
}
["INFO" - 11:25:37 AM] No local configuration (i.e. .prettierrc or .editorconfig) detected, falling back to VS Code configuration
["INFO" - 11:25:37 AM] Prettier Options:
{
  "arrowParens": "always",
  "bracketSpacing": true,
  "endOfLine": "lf",
  "htmlWhitespaceSensitivity": "css",
  "insertPragma": false,
  "jsxBracketSameLine": false,
  "jsxSingleQuote": false,
  "printWidth": 80,
  "proseWrap": "preserve",
  "quoteProps": "as-needed",
  "requirePragma": false,
  "semi": true,
  "singleQuote": false,
  "tabWidth": 2,
  "trailingComma": "es5",
  "useTabs": false,
  "vueIndentScriptAndStyle": false,
  "filepath": "/home/breakcore/curso_progbr/experiencia_18/index.html",
  "parser": "html"
}
["INFO" - 11:25:37 AM] Formatting completed in 0.032ms.
