[Info  - 11:47:23.543] Reading sessions from keychain...
[Info  - 11:47:23.544] Getting sessions for user:email...
[Info  - 11:47:23.546] Getting sessions for all scopes...
[Trace  - 11:47:23.560] Token acquired from secret storage.
[Info  - 11:47:23.560] Got stored sessions!
[Trace  - 11:47:23.560] Read the following session from the keychain with the following scopes: user:email
[Info  - 11:47:23.560] Got 1 verified sessions.
[Info  - 11:47:23.560] Got 1 sessions for user:email...
[Info  - 11:47:23.560] Got 1 sessions for ...
[Info  - 12:28:28.23] Getting sessions for all scopes...
[Info  - 12:28:28.23] Got 1 sessions for ...
[Info  - 12:37:22.424] Getting sessions for user:email...
[Info  - 12:37:22.424] Got 1 sessions for user:email...
[Info  - 13:31:27.730] Getting sessions for user:email...
[Info  - 13:31:27.730] Got 1 sessions for user:email...
[Info  - 14:27:20.894] Getting sessions for user:email...
[Info  - 14:27:20.894] Got 1 sessions for user:email...
[Info  - 15:23:03.635] Getting sessions for user:email...
[Info  - 15:23:03.635] Got 1 sessions for user:email...
[Info  - 16:03:31.902] Getting sessions for user:email...
[Info  - 16:03:31.902] Got 1 sessions for user:email...
