[2022-03-08T15:23:44.554Z] Validating found git in: git
[2022-03-08T15:23:44.563Z] Using git 2.35.1 from git
[2022-03-08T15:23:44.575Z] > git rev-parse --git-dir [1ms]
[2022-03-08T15:23:44.576Z] Open repository: /home/breakcore/curso_progbr
[2022-03-08T15:23:44.597Z] > git symbolic-ref --short HEAD [5ms]
[2022-03-08T15:23:44.599Z] > git rev-parse --git-dir [3ms]
[2022-03-08T15:23:44.601Z] Open repository: /home/breakcore
[2022-03-08T15:23:44.607Z] > git for-each-ref --format=%(refname)%00%(upstream:short)%00%(objectname)%00%(upstream:track) refs/heads/master refs/remotes/master [8ms]
[2022-03-08T15:23:44.878Z] > git for-each-ref --sort -committerdate --format %(refname) %(objectname) %(*objectname) [266ms]
[2022-03-08T15:23:44.902Z] > git remote --verbose [285ms]
[2022-03-08T15:23:44.913Z] > git config --get commit.template [2ms]
[2022-03-08T15:23:44.946Z] > git ls-files --stage -- /home/breakcore/.config/awesome/picom.conf [2ms]
[2022-03-08T15:23:44.956Z] > git cat-file -s 86111341d366fb11a58ef8bc5bdf9bea582aaf2c [3ms]
[2022-03-08T15:23:52.788Z] > git ls-files --stage -- /home/breakcore/curso_progbr/experiencia_19/index.html [1ms]
[2022-03-08T15:24:00.131Z] > git symbolic-ref --short HEAD [1ms]
[2022-03-08T15:24:00.147Z] > git for-each-ref --format=%(refname)%00%(upstream:short)%00%(objectname)%00%(upstream:track) refs/heads/master refs/remotes/master [11ms]
[2022-03-08T15:24:00.154Z] > git for-each-ref --sort -committerdate --format %(refname) %(objectname) %(*objectname) [3ms]
[2022-03-08T15:24:00.155Z] > git remote --verbose [1ms]
[2022-03-08T15:24:00.261Z] > git config --get commit.template [1ms]
[2022-03-08T15:24:03.631Z] > git log --format=%H%n%aN%n%aE%n%at%n%ct%n%P%n%B -z -n21 -- /home/breakcore/curso_progbr/experiencia_19/index.html [1ms]
[2022-03-08T16:39:42.696Z] > git ls-files --stage -- /home/breakcore/curso_progbr/experiencia_19/index.html [1ms]
